{"/home/runner/work/Online_Food_DeliVary-1/Online_Food_DeliVary-1/Frontend/src/App.css": {"path":"/home/runner/work/Online_Food_DeliVary-1/Online_Food_DeliVary-1/Frontend/src/App.css","statementMap":{},"fnMap":{},"branchMap":{},"s":{},"f":{},"b":{},"meta":{"lastBranch":0,"lastFunction":0,"lastStatement":0,"seen":{}}}
,"/home/runner/work/Online_Food_DeliVary-1/Online_Food_DeliVary-1/Frontend/src/App.jsx": {"path":"/home/runner/work/Online_Food_DeliVary-1/Online_Food_DeliVary-1/Frontend/src/App.jsx","statementMap":{"0":{"start":{"line":19,"column":6},"end":{"line":83,"column":null}},"1":{"start":{"line":20,"column":14},"end":{"line":20,"column":null}},"2":{"start":{"line":21,"column":8},"end":{"line":21,"column":32}},"3":{"start":{"line":23,"column":20},"end":{"line":23,"column":51}},"4":{"start":{"line":25,"column":2},"end":{"line":83,"column":null}}},"fnMap":{"0":{"name":"(anonymous_0)","decl":{"start":{"line":19,"column":6},"end":{"line":19,"column":18}},"loc":{"start":{"line":19,"column":18},"end":{"line":83,"column":null}},"line":19}},"branchMap":{"0":{"loc":{"start":{"line":31,"column":7},"end":{"line":34,"column":null}},"type":"binary-expr","locations":[{"start":{"line":31,"column":7},"end":{"line":31,"column":null}},{"start":{"line":32,"column":8},"end":{"line":34,"column":null}}],"line":31}},"s":{"0":1,"1":5,"2":5,"3":5,"4":5},"f":{"0":5},"b":{"0":[5,0]},"meta":{"lastBranch":1,"lastFunction":1,"lastStatement":5,"seen":{"s:19:6:83:Infinity":0,"f:19:6:19:18":0,"s:20:14:20:Infinity":1,"s:21:8:21:32":2,"s:23:20:23:51":3,"s:25:2:83:Infinity":4,"b:31:7:31:Infinity:32:8:34:Infinity":0}}}
,"/home/runner/work/Online_Food_DeliVary-1/Online_Food_DeliVary-1/Frontend/src/index.css": {"path":"/home/runner/work/Online_Food_DeliVary-1/Online_Food_DeliVary-1/Frontend/src/index.css","statementMap":{},"fnMap":{},"branchMap":{},"s":{},"f":{},"b":{},"meta":{"lastBranch":0,"lastFunction":0,"lastStatement":0,"seen":{}}}
,"/home/runner/work/Online_Food_DeliVary-1/Online_Food_DeliVary-1/Frontend/src/components/AppDownload/AppDownload.css": {"path":"/home/runner/work/Online_Food_DeliVary-1/Online_Food_DeliVary-1/Frontend/src/components/AppDownload/AppDownload.css","statementMap":{},"fnMap":{},"branchMap":{},"s":{},"f":{},"b":{},"meta":{"lastBranch":0,"lastFunction":0,"lastStatement":0,"seen":{}}}
,"/home/runner/work/Online_Food_DeliVary-1/Online_Food_DeliVary-1/Frontend/src/components/AppDownload/AppDownload.jsx": {"path":"/home/runner/work/Online_Food_DeliVary-1/Online_Food_DeliVary-1/Frontend/src/components/AppDownload/AppDownload.jsx","statementMap":{"0":{"start":{"line":5,"column":6},"end":{"line":17,"column":null}},"1":{"start":{"line":6,"column":2},"end":{"line":17,"column":null}}},"fnMap":{"0":{"name":"(anonymous_0)","decl":{"start":{"line":5,"column":6},"end":{"line":5,"column":26}},"loc":{"start":{"line":5,"column":26},"end":{"line":17,"column":null}},"line":5}},"branchMap":{},"s":{"0":1,"1":4},"f":{"0":4},"b":{},"meta":{"lastBranch":0,"lastFunction":1,"lastStatement":2,"seen":{"s:5:6:17:Infinity":0,"f:5:6:5:26":0,"s:6:2:17:Infinity":1}}}
,"/home/runner/work/Online_Food_DeliVary-1/Online_Food_DeliVary-1/Frontend/src/components/AppDownload/appDownload.css": {"path":"/home/runner/work/Online_Food_DeliVary-1/Online_Food_DeliVary-1/Frontend/src/components/AppDownload/appDownload.css","statementMap":{},"fnMap":{},"branchMap":{},"s":{},"f":{},"b":{},"meta":{"lastBranch":0,"lastFunction":0,"lastStatement":0,"seen":{}}}
,"/home/runner/work/Online_Food_DeliVary-1/Online_Food_DeliVary-1/Frontend/src/components/BackToTop/BackToTop.css": {"path":"/home/runner/work/Online_Food_DeliVary-1/Online_Food_DeliVary-1/Frontend/src/components/BackToTop/BackToTop.css","statementMap":{},"fnMap":{},"branchMap":{},"s":{},"f":{},"b":{},"meta":{"lastBranch":0,"lastFunction":0,"lastStatement":0,"seen":{}}}
,"/home/runner/work/Online_Food_DeliVary-1/Online_Food_DeliVary-1/Frontend/src/components/BackToTop/BackToTop.jsx": {"path":"/home/runner/work/Online_Food_DeliVary-1/Online_Food_DeliVary-1/Frontend/src/components/BackToTop/BackToTop.jsx","statementMap":{"0":{"start":{"line":4,"column":6},"end":{"line":42,"column":null}},"1":{"start":{"line":5,"column":20},"end":{"line":5,"column":51}},"2":{"start":{"line":8,"column":8},"end":{"line":12,"column":null}},"3":{"start":{"line":9,"column":4},"end":{"line":12,"column":null}},"4":{"start":{"line":10,"column":6},"end":{"line":10,"column":null}},"5":{"start":{"line":12,"column":6},"end":{"line":12,"column":null}},"6":{"start":{"line":17,"column":8},"end":{"line":21,"column":null}},"7":{"start":{"line":18,"column":4},"end":{"line":21,"column":null}},"8":{"start":{"line":24,"column":2},"end":{"line":29,"column":null}},"9":{"start":{"line":25,"column":4},"end":{"line":25,"column":null}},"10":{"start":{"line":26,"column":4},"end":{"line":27,"column":null}},"11":{"start":{"line":27,"column":6},"end":{"line":27,"column":null}},"12":{"start":{"line":31,"column":2},"end":{"line":42,"column":null}}},"fnMap":{"0":{"name":"(anonymous_0)","decl":{"start":{"line":4,"column":6},"end":{"line":4,"column":24}},"loc":{"start":{"line":4,"column":24},"end":{"line":42,"column":null}},"line":4},"1":{"name":"(anonymous_1)","decl":{"start":{"line":8,"column":8},"end":{"line":8,"column":33}},"loc":{"start":{"line":8,"column":33},"end":{"line":12,"column":null}},"line":8},"2":{"name":"(anonymous_2)","decl":{"start":{"line":17,"column":8},"end":{"line":17,"column":28}},"loc":{"start":{"line":17,"column":28},"end":{"line":21,"column":null}},"line":17},"3":{"name":"(anonymous_3)","decl":{"start":{"line":24,"column":2},"end":{"line":24,"column":18}},"loc":{"start":{"line":24,"column":18},"end":{"line":29,"column":7}},"line":24},"4":{"name":"(anonymous_4)","decl":{"start":{"line":26,"column":4},"end":{"line":26,"column":17}},"loc":{"start":{"line":26,"column":17},"end":{"line":27,"column":null}},"line":26}},"branchMap":{"0":{"loc":{"start":{"line":9,"column":4},"end":{"line":12,"column":null}},"type":"if","locations":[{"start":{"line":9,"column":4},"end":{"line":12,"column":null}},{"start":{"line":11,"column":11},"end":{"line":12,"column":null}}],"line":9},"1":{"loc":{"start":{"line":33,"column":7},"end":{"line":40,"column":null}},"type":"binary-expr","locations":[{"start":{"line":33,"column":7},"end":{"line":33,"column":null}},{"start":{"line":34,"column":8},"end":{"line":40,"column":null}}],"line":33}},"s":{"0":1,"1":10,"2":10,"3":5,"4":4,"5":1,"6":10,"7":1,"8":10,"9":5,"10":5,"11":5,"12":10},"f":{"0":10,"1":5,"2":1,"3":5,"4":5},"b":{"0":[4,1],"1":[10,4]},"meta":{"lastBranch":2,"lastFunction":5,"lastStatement":13,"seen":{"s:4:6:42:Infinity":0,"f:4:6:4:24":0,"s:5:20:5:51":1,"s:8:8:12:Infinity":2,"f:8:8:8:33":1,"b:9:4:12:Infinity:11:11:12:Infinity":0,"s:9:4:12:Infinity":3,"s:10:6:10:Infinity":4,"s:12:6:12:Infinity":5,"s:17:8:21:Infinity":6,"f:17:8:17:28":2,"s:18:4:21:Infinity":7,"s:24:2:29:Infinity":8,"f:24:2:24:18":3,"s:25:4:25:Infinity":9,"s:26:4:27:Infinity":10,"f:26:4:26:17":4,"s:27:6:27:Infinity":11,"s:31:2:42:Infinity":12,"b:33:7:33:Infinity:34:8:40:Infinity":1}}}
,"/home/runner/work/Online_Food_DeliVary-1/Online_Food_DeliVary-1/Frontend/src/components/Explore-menu/explore-menu.jsx": {"path":"/home/runner/work/Online_Food_DeliVary-1/Online_Food_DeliVary-1/Frontend/src/components/Explore-menu/explore-menu.jsx","statementMap":{},"fnMap":{},"branchMap":{},"s":{},"f":{},"b":{},"meta":{"lastBranch":0,"lastFunction":0,"lastStatement":0,"seen":{}}}
,"/home/runner/work/Online_Food_DeliVary-1/Online_Food_DeliVary-1/Frontend/src/components/ExploreMenu/explore-menu.css": {"path":"/home/runner/work/Online_Food_DeliVary-1/Online_Food_DeliVary-1/Frontend/src/components/ExploreMenu/explore-menu.css","statementMap":{},"fnMap":{},"branchMap":{},"s":{},"f":{},"b":{},"meta":{"lastBranch":0,"lastFunction":0,"lastStatement":0,"seen":{}}}
,"/home/runner/work/Online_Food_DeliVary-1/Online_Food_DeliVary-1/Frontend/src/components/ExploreMenu/explore-menu.jsx": {"path":"/home/runner/work/Online_Food_DeliVary-1/Online_Food_DeliVary-1/Frontend/src/components/ExploreMenu/explore-menu.jsx","statementMap":{"0":{"start":{"line":5,"column":6},"end":{"line":23,"column":null}},"1":{"start":{"line":6,"column":2},"end":{"line":23,"column":null}},"2":{"start":{"line":13,"column":12},"end":{"line":17,"column":null}},"3":{"start":{"line":14,"column":32},"end":{"line":14,"column":93}},"4":{"start":{"line":14,"column":50},"end":{"line":14,"column":93}}},"fnMap":{"0":{"name":"(anonymous_0)","decl":{"start":{"line":5,"column":6},"end":{"line":5,"column":21}},"loc":{"start":{"line":5,"column":48},"end":{"line":23,"column":null}},"line":5},"1":{"name":"(anonymous_1)","decl":{"start":{"line":12,"column":39},"end":{"line":12,"column":44}},"loc":{"start":{"line":12,"column":60},"end":{"line":17,"column":null}},"line":12},"2":{"name":"(anonymous_2)","decl":{"start":{"line":14,"column":19},"end":{"line":14,"column":32}},"loc":{"start":{"line":14,"column":32},"end":{"line":14,"column":93}},"line":14},"3":{"name":"(anonymous_3)","decl":{"start":{"line":14,"column":32},"end":{"line":14,"column":44}},"loc":{"start":{"line":14,"column":50},"end":{"line":14,"column":93}},"line":14}},"branchMap":{"0":{"loc":{"start":{"line":14,"column":50},"end":{"line":14,"column":93}},"type":"cond-expr","locations":[{"start":{"line":14,"column":72},"end":{"line":14,"column":78}},{"start":{"line":14,"column":78},"end":{"line":14,"column":93}}],"line":14},"1":{"loc":{"start":{"line":15,"column":32},"end":{"line":15,"column":71}},"type":"cond-expr","locations":[{"start":{"line":15,"column":58},"end":{"line":15,"column":67}},{"start":{"line":15,"column":67},"end":{"line":15,"column":71}}],"line":15}},"s":{"0":1,"1":8,"2":128,"3":1,"4":0},"f":{"0":8,"1":128,"2":1,"3":0},"b":{"0":[0,0],"1":[4,124]},"meta":{"lastBranch":2,"lastFunction":4,"lastStatement":5,"seen":{"s:5:6:23:Infinity":0,"f:5:6:5:21":0,"s:6:2:23:Infinity":1,"f:12:39:12:44":1,"s:13:12:17:Infinity":2,"f:14:19:14:32":2,"s:14:32:14:93":3,"f:14:32:14:44":3,"s:14:50:14:93":4,"b:14:72:14:78:14:78:14:93":0,"b:15:58:15:67:15:67:15:71":1}}}
,"/home/runner/work/Online_Food_DeliVary-1/Online_Food_DeliVary-1/Frontend/src/components/FeaturedCategories/FeaturedCategories.css": {"path":"/home/runner/work/Online_Food_DeliVary-1/Online_Food_DeliVary-1/Frontend/src/components/FeaturedCategories/FeaturedCategories.css","statementMap":{},"fnMap":{},"branchMap":{},"s":{},"f":{},"b":{},"meta":{"lastBranch":0,"lastFunction":0,"lastStatement":0,"seen":{}}}
,"/home/runner/work/Online_Food_DeliVary-1/Online_Food_DeliVary-1/Frontend/src/components/FeaturedCategories/FeaturedCategories.jsx": {"path":"/home/runner/work/Online_Food_DeliVary-1/Online_Food_DeliVary-1/Frontend/src/components/FeaturedCategories/FeaturedCategories.jsx","statementMap":{"0":{"start":{"line":6,"column":6},"end":{"line":18,"column":null}},"1":{"start":{"line":7,"column":2},"end":{"line":18,"column":null}},"2":{"start":{"line":12,"column":10},"end":{"line":15,"column":null}}},"fnMap":{"0":{"name":"(anonymous_0)","decl":{"start":{"line":6,"column":6},"end":{"line":6,"column":33}},"loc":{"start":{"line":6,"column":33},"end":{"line":18,"column":null}},"line":6},"1":{"name":"(anonymous_1)","decl":{"start":{"line":11,"column":19},"end":{"line":11,"column":24}},"loc":{"start":{"line":12,"column":10},"end":{"line":15,"column":null}},"line":12}},"branchMap":{},"s":{"0":1,"1":7,"2":28},"f":{"0":7,"1":28},"b":{},"meta":{"lastBranch":0,"lastFunction":2,"lastStatement":3,"seen":{"s:6:6:18:Infinity":0,"f:6:6:6:33":0,"s:7:2:18:Infinity":1,"f:11:19:11:24":1,"s:12:10:15:Infinity":2}}}
,"/home/runner/work/Online_Food_DeliVary-1/Online_Food_DeliVary-1/Frontend/src/components/FeaturedCategories/featured-categories.css": {"path":"/home/runner/work/Online_Food_DeliVary-1/Online_Food_DeliVary-1/Frontend/src/components/FeaturedCategories/featured-categories.css","statementMap":{},"fnMap":{},"branchMap":{},"s":{},"f":{},"b":{},"meta":{"lastBranch":0,"lastFunction":0,"lastStatement":0,"seen":{}}}
,"/home/runner/work/Online_Food_DeliVary-1/Online_Food_DeliVary-1/Frontend/src/components/FeaturedCategories/featured-categories.jsx": {"path":"/home/runner/work/Online_Food_DeliVary-1/Online_Food_DeliVary-1/Frontend/src/components/FeaturedCategories/featured-categories.jsx","statementMap":{},"fnMap":{},"branchMap":{},"s":{},"f":{},"b":{},"meta":{"lastBranch":0,"lastFunction":0,"lastStatement":0,"seen":{}}}
,"/home/runner/work/Online_Food_DeliVary-1/Online_Food_DeliVary-1/Frontend/src/components/Food Item/FoodItem.jsx": {"path":"/home/runner/work/Online_Food_DeliVary-1/Online_Food_DeliVary-1/Frontend/src/components/Food Item/FoodItem.jsx","statementMap":{},"fnMap":{},"branchMap":{},"s":{},"f":{},"b":{},"meta":{"lastBranch":0,"lastFunction":0,"lastStatement":0,"seen":{}}}
,"/home/runner/work/Online_Food_DeliVary-1/Online_Food_DeliVary-1/Frontend/src/components/Food item/FoodItem.jsx": {"path":"/home/runner/work/Online_Food_DeliVary-1/Online_Food_DeliVary-1/Frontend/src/components/Food item/FoodItem.jsx","statementMap":{"0":{"start":{"line":7,"column":55},"end":{"line":7,"column":73}},"1":{"start":{"line":8,"column":22},"end":{"line":8,"column":null}},"2":{"start":{"line":10,"column":4},"end":{"line":57,"column":null}},"3":{"start":{"line":18,"column":28},"end":{"line":18,"column":null}},"4":{"start":{"line":19,"column":28},"end":{"line":19,"column":null}},"5":{"start":{"line":28,"column":32},"end":{"line":28,"column":null}},"6":{"start":{"line":29,"column":32},"end":{"line":29,"column":null}},"7":{"start":{"line":38,"column":32},"end":{"line":38,"column":null}},"8":{"start":{"line":39,"column":32},"end":{"line":39,"column":null}}},"fnMap":{"0":{"name":"FoodItem","decl":{"start":{"line":6,"column":9},"end":{"line":6,"column":18}},"loc":{"start":{"line":6,"column":59},"end":{"line":57,"column":null}},"line":6},"1":{"name":"(anonymous_1)","decl":{"start":{"line":17,"column":24},"end":{"line":17,"column":34}},"loc":{"start":{"line":17,"column":40},"end":{"line":19,"column":null}},"line":17},"2":{"name":"(anonymous_2)","decl":{"start":{"line":27,"column":28},"end":{"line":27,"column":38}},"loc":{"start":{"line":27,"column":44},"end":{"line":29,"column":null}},"line":27},"3":{"name":"(anonymous_3)","decl":{"start":{"line":37,"column":28},"end":{"line":37,"column":38}},"loc":{"start":{"line":37,"column":44},"end":{"line":39,"column":null}},"line":37}},"branchMap":{"0":{"loc":{"start":{"line":7,"column":12},"end":{"line":7,"column":26}},"type":"default-arg","locations":[{"start":{"line":7,"column":24},"end":{"line":7,"column":26}}],"line":7},"1":{"loc":{"start":{"line":8,"column":22},"end":{"line":8,"column":null}},"type":"binary-expr","locations":[{"start":{"line":8,"column":22},"end":{"line":8,"column":35}},{"start":{"line":8,"column":35},"end":{"line":8,"column":53}},{"start":{"line":8,"column":53},"end":{"line":8,"column":null}}],"line":8},"2":{"loc":{"start":{"line":14,"column":21},"end":{"line":45,"column":null}},"type":"cond-expr","locations":[{"start":{"line":15,"column":20},"end":{"line":23,"column":null}},{"start":{"line":25,"column":20},"end":{"line":45,"column":null}}],"line":14}},"s":{"0":7,"1":7,"2":7,"3":1,"4":1,"5":1,"6":1,"7":0,"8":0},"f":{"0":7,"1":1,"2":1,"3":0},"b":{"0":[7],"1":[7,7,5],"2":[5,2]},"meta":{"lastBranch":3,"lastFunction":4,"lastStatement":9,"seen":{"f:6:9:6:18":0,"s:7:55:7:73":0,"b:7:24:7:26":0,"s:8:22:8:Infinity":1,"b:8:22:8:35:8:35:8:53:8:53:8:Infinity":1,"s:10:4:57:Infinity":2,"b:15:20:23:Infinity:25:20:45:Infinity":2,"f:17:24:17:34":1,"s:18:28:18:Infinity":3,"s:19:28:19:Infinity":4,"f:27:28:27:38":2,"s:28:32:28:Infinity":5,"s:29:32:29:Infinity":6,"f:37:28:37:38":3,"s:38:32:38:Infinity":7,"s:39:32:39:Infinity":8}}}
,"/home/runner/work/Online_Food_DeliVary-1/Online_Food_DeliVary-1/Frontend/src/components/Food item/Fooditem.css": {"path":"/home/runner/work/Online_Food_DeliVary-1/Online_Food_DeliVary-1/Frontend/src/components/Food item/Fooditem.css","statementMap":{},"fnMap":{},"branchMap":{},"s":{},"f":{},"b":{},"meta":{"lastBranch":0,"lastFunction":0,"lastStatement":0,"seen":{}}}
,"/home/runner/work/Online_Food_DeliVary-1/Online_Food_DeliVary-1/Frontend/src/components/FoodDisplay/FoodDisply.jsx": {"path":"/home/runner/work/Online_Food_DeliVary-1/Online_Food_DeliVary-1/Frontend/src/components/FoodDisplay/FoodDisply.jsx","statementMap":{"0":{"start":{"line":7,"column":6},"end":{"line":66,"column":null}},"1":{"start":{"line":8,"column":10},"end":{"line":8,"column":34}},"2":{"start":{"line":11,"column":23},"end":{"line":13,"column":80}},"3":{"start":{"line":12,"column":39},"end":{"line":12,"column":57}},"4":{"start":{"line":13,"column":31},"end":{"line":13,"column":80}},"5":{"start":{"line":16,"column":28},"end":{"line":24,"column":null}},"6":{"start":{"line":27,"column":23},"end":{"line":31,"column":null}},"7":{"start":{"line":33,"column":2},"end":{"line":66,"column":null}},"8":{"start":{"line":45,"column":14},"end":{"line":61,"column":null}}},"fnMap":{"0":{"name":"(anonymous_0)","decl":{"start":{"line":7,"column":6},"end":{"line":7,"column":21}},"loc":{"start":{"line":7,"column":38},"end":{"line":66,"column":null}},"line":7},"1":{"name":"(anonymous_1)","decl":{"start":{"line":12,"column":24},"end":{"line":12,"column":30}},"loc":{"start":{"line":12,"column":39},"end":{"line":12,"column":57}},"line":12},"2":{"name":"(anonymous_2)","decl":{"start":{"line":13,"column":16},"end":{"line":13,"column":23}},"loc":{"start":{"line":13,"column":31},"end":{"line":13,"column":80}},"line":13},"3":{"name":"(anonymous_3)","decl":{"start":{"line":44,"column":24},"end":{"line":44,"column":29}},"loc":{"start":{"line":44,"column":38},"end":{"line":61,"column":null}},"line":44}},"branchMap":{"0":{"loc":{"start":{"line":11,"column":23},"end":{"line":13,"column":80}},"type":"cond-expr","locations":[{"start":{"line":12,"column":6},"end":{"line":12,"column":69}},{"start":{"line":13,"column":6},"end":{"line":13,"column":80}}],"line":11},"1":{"loc":{"start":{"line":13,"column":31},"end":{"line":13,"column":80}},"type":"binary-expr","locations":[{"start":{"line":13,"column":31},"end":{"line":13,"column":53}},{"start":{"line":13,"column":53},"end":{"line":13,"column":80}}],"line":13}},"s":{"0":1,"1":6,"2":6,"3":12,"4":6,"5":6,"6":6,"7":6,"8":11},"f":{"0":6,"1":12,"2":6,"3":11},"b":{"0":[4,2],"1":[6,6]},"meta":{"lastBranch":2,"lastFunction":4,"lastStatement":9,"seen":{"s:7:6:66:Infinity":0,"f:7:6:7:21":0,"s:8:10:8:34":1,"s:11:23:13:80":2,"b:12:6:12:69:13:6:13:80":0,"f:12:24:12:30":1,"s:12:39:12:57":3,"f:13:16:13:23":2,"s:13:31:13:80":4,"b:13:31:13:53:13:53:13:80":1,"s:16:28:24:Infinity":5,"s:27:23:31:Infinity":6,"s:33:2:66:Infinity":7,"f:44:24:44:29":3,"s:45:14:61:Infinity":8}}}
,"/home/runner/work/Online_Food_DeliVary-1/Online_Food_DeliVary-1/Frontend/src/components/FoodDisplay/fooddisply.css": {"path":"/home/runner/work/Online_Food_DeliVary-1/Online_Food_DeliVary-1/Frontend/src/components/FoodDisplay/fooddisply.css","statementMap":{},"fnMap":{},"branchMap":{},"s":{},"f":{},"b":{},"meta":{"lastBranch":0,"lastFunction":0,"lastStatement":0,"seen":{}}}
,"/home/runner/work/Online_Food_DeliVary-1/Online_Food_DeliVary-1/Frontend/src/components/Footer/footer.css": {"path":"/home/runner/work/Online_Food_DeliVary-1/Online_Food_DeliVary-1/Frontend/src/components/Footer/footer.css","statementMap":{},"fnMap":{},"branchMap":{},"s":{},"f":{},"b":{},"meta":{"lastBranch":0,"lastFunction":0,"lastStatement":0,"seen":{}}}
,"/home/runner/work/Online_Food_DeliVary-1/Online_Food_DeliVary-1/Frontend/src/components/Footer/footer.jsx": {"path":"/home/runner/work/Online_Food_DeliVary-1/Online_Food_DeliVary-1/Frontend/src/components/Footer/footer.jsx","statementMap":{"0":{"start":{"line":5,"column":6},"end":{"line":51,"column":null}},"1":{"start":{"line":6,"column":17},"end":{"line":6,"column":41}},"2":{"start":{"line":8,"column":4},"end":{"line":51,"column":null}}},"fnMap":{"0":{"name":"(anonymous_0)","decl":{"start":{"line":5,"column":6},"end":{"line":5,"column":21}},"loc":{"start":{"line":5,"column":21},"end":{"line":51,"column":null}},"line":5}},"branchMap":{},"s":{"0":1,"1":9,"2":9},"f":{"0":9},"b":{},"meta":{"lastBranch":0,"lastFunction":1,"lastStatement":3,"seen":{"s:5:6:51:Infinity":0,"f:5:6:5:21":0,"s:6:17:6:41":1,"s:8:4:51:Infinity":2}}}
,"/home/runner/work/Online_Food_DeliVary-1/Online_Food_DeliVary-1/Frontend/src/components/Login/login.css": {"path":"/home/runner/work/Online_Food_DeliVary-1/Online_Food_DeliVary-1/Frontend/src/components/Login/login.css","statementMap":{},"fnMap":{},"branchMap":{},"s":{},"f":{},"b":{},"meta":{"lastBranch":0,"lastFunction":0,"lastStatement":0,"seen":{}}}
,"/home/runner/work/Online_Food_DeliVary-1/Online_Food_DeliVary-1/Frontend/src/components/Login/login.jsx": {"path":"/home/runner/work/Online_Food_DeliVary-1/Online_Food_DeliVary-1/Frontend/src/components/Login/login.jsx","statementMap":{"0":{"start":{"line":9,"column":6},"end":{"line":121,"column":null}},"1":{"start":{"line":10,"column":14},"end":{"line":10,"column":50}},"2":{"start":{"line":12,"column":20},"end":{"line":12,"column":53}},"3":{"start":{"line":13,"column":15},"end":{"line":17,"column":4}},"4":{"start":{"line":19,"column":8},"end":{"line":22,"column":null}},"5":{"start":{"line":20,"column":17},"end":{"line":20,"column":null}},"6":{"start":{"line":21,"column":18},"end":{"line":21,"column":null}},"7":{"start":{"line":22,"column":4},"end":{"line":22,"column":null}},"8":{"start":{"line":22,"column":21},"end":{"line":22,"column":49}},"9":{"start":{"line":25,"column":18},"end":{"line":48,"column":null}},"10":{"start":{"line":26,"column":4},"end":{"line":26,"column":null}},"11":{"start":{"line":28,"column":17},"end":{"line":28,"column":null}},"12":{"start":{"line":29,"column":4},"end":{"line":32,"column":null}},"13":{"start":{"line":30,"column":6},"end":{"line":30,"column":null}},"14":{"start":{"line":32,"column":6},"end":{"line":32,"column":null}},"15":{"start":{"line":35,"column":4},"end":{"line":48,"column":null}},"16":{"start":{"line":36,"column":23},"end":{"line":36,"column":53}},"17":{"start":{"line":38,"column":6},"end":{"line":44,"column":null}},"18":{"start":{"line":39,"column":8},"end":{"line":39,"column":null}},"19":{"start":{"line":40,"column":8},"end":{"line":40,"column":null}},"20":{"start":{"line":41,"column":8},"end":{"line":41,"column":null}},"21":{"start":{"line":42,"column":8},"end":{"line":42,"column":null}},"22":{"start":{"line":44,"column":8},"end":{"line":44,"column":null}},"23":{"start":{"line":47,"column":6},"end":{"line":47,"column":null}},"24":{"start":{"line":48,"column":6},"end":{"line":48,"column":null}},"25":{"start":{"line":52,"column":8},"end":{"line":54,"column":null}},"26":{"start":{"line":53,"column":4},"end":{"line":53,"column":null}},"27":{"start":{"line":54,"column":4},"end":{"line":54,"column":null}},"28":{"start":{"line":57,"column":2},"end":{"line":121,"column":null}},"29":{"start":{"line":63,"column":27},"end":{"line":63,"column":46}},"30":{"start":{"line":116,"column":31},"end":{"line":116,"column":88}}},"fnMap":{"0":{"name":"(anonymous_0)","decl":{"start":{"line":9,"column":6},"end":{"line":9,"column":15}},"loc":{"start":{"line":9,"column":59},"end":{"line":121,"column":null}},"line":9},"1":{"name":"(anonymous_1)","decl":{"start":{"line":19,"column":8},"end":{"line":19,"column":27}},"loc":{"start":{"line":19,"column":37},"end":{"line":22,"column":null}},"line":19},"2":{"name":"(anonymous_2)","decl":{"start":{"line":22,"column":4},"end":{"line":22,"column":12}},"loc":{"start":{"line":22,"column":21},"end":{"line":22,"column":49}},"line":22},"3":{"name":"(anonymous_3)","decl":{"start":{"line":25,"column":18},"end":{"line":25,"column":25}},"loc":{"start":{"line":25,"column":35},"end":{"line":48,"column":null}},"line":25},"4":{"name":"(anonymous_4)","decl":{"start":{"line":52,"column":8},"end":{"line":52,"column":37}},"loc":{"start":{"line":52,"column":37},"end":{"line":54,"column":null}},"line":52},"5":{"name":"(anonymous_5)","decl":{"start":{"line":63,"column":12},"end":{"line":63,"column":27}},"loc":{"start":{"line":63,"column":27},"end":{"line":63,"column":46}},"line":63},"6":{"name":"(anonymous_6)","decl":{"start":{"line":116,"column":16},"end":{"line":116,"column":31}},"loc":{"start":{"line":116,"column":31},"end":{"line":116,"column":88}},"line":116}},"branchMap":{"0":{"loc":{"start":{"line":29,"column":4},"end":{"line":32,"column":null}},"type":"if","locations":[{"start":{"line":29,"column":4},"end":{"line":32,"column":null}},{"start":{"line":31,"column":11},"end":{"line":32,"column":null}}],"line":29},"1":{"loc":{"start":{"line":38,"column":6},"end":{"line":44,"column":null}},"type":"if","locations":[{"start":{"line":38,"column":6},"end":{"line":44,"column":null}},{"start":{"line":43,"column":13},"end":{"line":44,"column":null}}],"line":38},"2":{"loc":{"start":{"line":42,"column":22},"end":{"line":42,"column":91}},"type":"cond-expr","locations":[{"start":{"line":42,"column":46},"end":{"line":42,"column":73}},{"start":{"line":42,"column":73},"end":{"line":42,"column":91}}],"line":42},"3":{"loc":{"start":{"line":70,"column":11},"end":{"line":78,"column":null}},"type":"binary-expr","locations":[{"start":{"line":70,"column":11},"end":{"line":70,"column":null}},{"start":{"line":71,"column":12},"end":{"line":78,"column":null}}],"line":70},"4":{"loc":{"start":{"line":99,"column":9},"end":{"line":102,"column":null}},"type":"binary-expr","locations":[{"start":{"line":99,"column":9},"end":{"line":99,"column":null}},{"start":{"line":100,"column":10},"end":{"line":102,"column":null}}],"line":99},"5":{"loc":{"start":{"line":106,"column":11},"end":{"line":106,"column":null}},"type":"cond-expr","locations":[{"start":{"line":106,"column":37},"end":{"line":106,"column":56}},{"start":{"line":106,"column":56},"end":{"line":106,"column":null}}],"line":106},"6":{"loc":{"start":{"line":113,"column":11},"end":{"line":115,"column":null}},"type":"cond-expr","locations":[{"start":{"line":114,"column":14},"end":{"line":114,"column":null}},{"start":{"line":115,"column":14},"end":{"line":115,"column":null}}],"line":113},"7":{"loc":{"start":{"line":116,"column":44},"end":{"line":116,"column":88}},"type":"cond-expr","locations":[{"start":{"line":116,"column":68},"end":{"line":116,"column":80}},{"start":{"line":116,"column":80},"end":{"line":116,"column":88}}],"line":116},"8":{"loc":{"start":{"line":117,"column":13},"end":{"line":117,"column":null}},"type":"cond-expr","locations":[{"start":{"line":117,"column":37},"end":{"line":117,"column":52}},{"start":{"line":117,"column":52},"end":{"line":117,"column":null}}],"line":117}},"s":{"0":1,"1":18,"2":18,"3":18,"4":18,"5":6,"6":6,"7":6,"8":6,"9":18,"10":4,"11":4,"12":4,"13":3,"14":1,"15":4,"16":4,"17":3,"18":2,"19":2,"20":2,"21":2,"22":1,"23":1,"24":1,"25":18,"26":0,"27":0,"28":18,"29":1,"30":2},"f":{"0":18,"1":6,"2":6,"3":4,"4":0,"5":1,"6":2},"b":{"0":[3,1],"1":[2,1],"2":[1,1],"3":[18,5],"4":[18,13],"5":[5,13],"6":[13,5],"7":[2,0],"8":[13,5]},"meta":{"lastBranch":9,"lastFunction":7,"lastStatement":31,"seen":{"s:9:6:121:Infinity":0,"f:9:6:9:15":0,"s:10:14:10:50":1,"s:12:20:12:53":2,"s:13:15:17:4":3,"s:19:8:22:Infinity":4,"f:19:8:19:27":1,"s:20:17:20:Infinity":5,"s:21:18:21:Infinity":6,"s:22:4:22:Infinity":7,"f:22:4:22:12":2,"s:22:21:22:49":8,"s:25:18:48:Infinity":9,"f:25:18:25:25":3,"s:26:4:26:Infinity":10,"s:28:17:28:Infinity":11,"b:29:4:32:Infinity:31:11:32:Infinity":0,"s:29:4:32:Infinity":12,"s:30:6:30:Infinity":13,"s:32:6:32:Infinity":14,"s:35:4:48:Infinity":15,"s:36:23:36:53":16,"b:38:6:44:Infinity:43:13:44:Infinity":1,"s:38:6:44:Infinity":17,"s:39:8:39:Infinity":18,"s:40:8:40:Infinity":19,"s:41:8:41:Infinity":20,"s:42:8:42:Infinity":21,"b:42:46:42:73:42:73:42:91":2,"s:44:8:44:Infinity":22,"s:47:6:47:Infinity":23,"s:48:6:48:Infinity":24,"s:52:8:54:Infinity":25,"f:52:8:52:37":4,"s:53:4:53:Infinity":26,"s:54:4:54:Infinity":27,"s:57:2:121:Infinity":28,"f:63:12:63:27":5,"s:63:27:63:46":29,"b:70:11:70:Infinity:71:12:78:Infinity":3,"b:99:9:99:Infinity:100:10:102:Infinity":4,"b:106:37:106:56:106:56:106:Infinity":5,"b:114:14:114:Infinity:115:14:115:Infinity":6,"f:116:16:116:31":6,"s:116:31:116:88":30,"b:116:68:116:80:116:80:116:88":7,"b:117:37:117:52:117:52:117:Infinity":8}}}
,"/home/runner/work/Online_Food_DeliVary-1/Online_Food_DeliVary-1/Frontend/src/components/Navbar/Navbar.css": {"path":"/home/runner/work/Online_Food_DeliVary-1/Online_Food_DeliVary-1/Frontend/src/components/Navbar/Navbar.css","statementMap":{},"fnMap":{},"branchMap":{},"s":{},"f":{},"b":{},"meta":{"lastBranch":0,"lastFunction":0,"lastStatement":0,"seen":{}}}
,"/home/runner/work/Online_Food_DeliVary-1/Online_Food_DeliVary-1/Frontend/src/components/Navbar/Navbar.jsx": {"path":"/home/runner/work/Online_Food_DeliVary-1/Online_Food_DeliVary-1/Frontend/src/components/Navbar/Navbar.jsx","statementMap":{},"fnMap":{},"branchMap":{},"s":{},"f":{},"b":{},"meta":{"lastBranch":0,"lastFunction":0,"lastStatement":0,"seen":{}}}
,"/home/runner/work/Online_Food_DeliVary-1/Online_Food_DeliVary-1/Frontend/src/components/Navbar/navbar.jsx": {"path":"/home/runner/work/Online_Food_DeliVary-1/Online_Food_DeliVary-1/Frontend/src/components/Navbar/navbar.jsx","statementMap":{"0":{"start":{"line":7,"column":6},"end":{"line":136,"column":null}},"1":{"start":{"line":8,"column":21},"end":{"line":8,"column":54}},"2":{"start":{"line":9,"column":27},"end":{"line":9,"column":65}},"3":{"start":{"line":10,"column":17},"end":{"line":10,"column":45}},"4":{"start":{"line":13,"column":21},"end":{"line":13,"column":53}},"5":{"start":{"line":14,"column":22},"end":{"line":14,"column":52}},"6":{"start":{"line":16,"column":37},"end":{"line":16,"column":60}},"7":{"start":{"line":17,"column":8},"end":{"line":17,"column":32}},"8":{"start":{"line":18,"column":8},"end":{"line":18,"column":32}},"9":{"start":{"line":21,"column":2},"end":{"line":27,"column":null}},"10":{"start":{"line":22,"column":10},"end":{"line":23,"column":null}},"11":{"start":{"line":23,"column":6},"end":{"line":23,"column":null}},"12":{"start":{"line":25,"column":4},"end":{"line":25,"column":null}},"13":{"start":{"line":26,"column":4},"end":{"line":26,"column":null}},"14":{"start":{"line":26,"column":17},"end":{"line":26,"column":67}},"15":{"start":{"line":29,"column":8},"end":{"line":34,"column":null}},"16":{"start":{"line":30,"column":4},"end":{"line":30,"column":null}},"17":{"start":{"line":31,"column":4},"end":{"line":34,"column":null}},"18":{"start":{"line":32,"column":6},"end":{"line":32,"column":null}},"19":{"start":{"line":33,"column":6},"end":{"line":33,"column":null}},"20":{"start":{"line":34,"column":6},"end":{"line":34,"column":null}},"21":{"start":{"line":38,"column":8},"end":{"line":40,"column":null}},"22":{"start":{"line":39,"column":4},"end":{"line":39,"column":null}},"23":{"start":{"line":40,"column":4},"end":{"line":40,"column":null}},"24":{"start":{"line":43,"column":8},"end":{"line":46,"column":null}},"25":{"start":{"line":44,"column":4},"end":{"line":44,"column":null}},"26":{"start":{"line":45,"column":4},"end":{"line":45,"column":null}},"27":{"start":{"line":46,"column":4},"end":{"line":46,"column":null}},"28":{"start":{"line":49,"column":2},"end":{"line":136,"column":null}},"29":{"start":{"line":51,"column":34},"end":{"line":51,"column":61}},"30":{"start":{"line":58,"column":27},"end":{"line":58,"column":42}},"31":{"start":{"line":58,"column":42},"end":{"line":58,"column":65}},"32":{"start":{"line":58,"column":65},"end":{"line":58,"column":null}},"33":{"start":{"line":63,"column":25},"end":{"line":63,"column":52}},"34":{"start":{"line":69,"column":27},"end":{"line":69,"column":58}},"35":{"start":{"line":75,"column":25},"end":{"line":75,"column":55}},"36":{"start":{"line":88,"column":31},"end":{"line":88,"column":61}},"37":{"start":{"line":96,"column":27},"end":{"line":96,"column":null}},"38":{"start":{"line":102,"column":42},"end":{"line":102,"column":69}},"39":{"start":{"line":111,"column":33},"end":{"line":111,"column":51}},"40":{"start":{"line":116,"column":33},"end":{"line":116,"column":54}},"41":{"start":{"line":130,"column":95},"end":{"line":130,"column":133}}},"fnMap":{"0":{"name":"(anonymous_0)","decl":{"start":{"line":7,"column":6},"end":{"line":7,"column":16}},"loc":{"start":{"line":7,"column":37},"end":{"line":136,"column":null}},"line":7},"1":{"name":"(anonymous_1)","decl":{"start":{"line":21,"column":2},"end":{"line":21,"column":18}},"loc":{"start":{"line":21,"column":18},"end":{"line":27,"column":7}},"line":21},"2":{"name":"(anonymous_2)","decl":{"start":{"line":22,"column":10},"end":{"line":22,"column":31}},"loc":{"start":{"line":22,"column":31},"end":{"line":23,"column":null}},"line":22},"3":{"name":"(anonymous_3)","decl":{"start":{"line":26,"column":4},"end":{"line":26,"column":17}},"loc":{"start":{"line":26,"column":17},"end":{"line":26,"column":67}},"line":26},"4":{"name":"(anonymous_4)","decl":{"start":{"line":29,"column":8},"end":{"line":29,"column":24}},"loc":{"start":{"line":29,"column":30},"end":{"line":34,"column":null}},"line":29},"5":{"name":"(anonymous_5)","decl":{"start":{"line":38,"column":8},"end":{"line":38,"column":31}},"loc":{"start":{"line":38,"column":44},"end":{"line":40,"column":null}},"line":38},"6":{"name":"(anonymous_6)","decl":{"start":{"line":43,"column":8},"end":{"line":43,"column":23}},"loc":{"start":{"line":43,"column":23},"end":{"line":46,"column":null}},"line":43},"7":{"name":"(anonymous_7)","decl":{"start":{"line":51,"column":19},"end":{"line":51,"column":34}},"loc":{"start":{"line":51,"column":34},"end":{"line":51,"column":61}},"line":51},"8":{"name":"(anonymous_8)","decl":{"start":{"line":58,"column":10},"end":{"line":58,"column":25}},"loc":{"start":{"line":58,"column":25},"end":{"line":58,"column":null}},"line":58},"9":{"name":"(anonymous_9)","decl":{"start":{"line":63,"column":10},"end":{"line":63,"column":25}},"loc":{"start":{"line":63,"column":25},"end":{"line":63,"column":52}},"line":63},"10":{"name":"(anonymous_10)","decl":{"start":{"line":69,"column":12},"end":{"line":69,"column":27}},"loc":{"start":{"line":69,"column":27},"end":{"line":69,"column":58}},"line":69},"11":{"name":"(anonymous_11)","decl":{"start":{"line":75,"column":10},"end":{"line":75,"column":25}},"loc":{"start":{"line":75,"column":25},"end":{"line":75,"column":55}},"line":75},"12":{"name":"(anonymous_12)","decl":{"start":{"line":88,"column":14},"end":{"line":88,"column":25}},"loc":{"start":{"line":88,"column":31},"end":{"line":88,"column":61}},"line":88},"13":{"name":"(anonymous_13)","decl":{"start":{"line":96,"column":12},"end":{"line":96,"column":27}},"loc":{"start":{"line":96,"column":27},"end":{"line":96,"column":null}},"line":96},"14":{"name":"(anonymous_14)","decl":{"start":{"line":102,"column":27},"end":{"line":102,"column":42}},"loc":{"start":{"line":102,"column":42},"end":{"line":102,"column":69}},"line":102},"15":{"name":"(anonymous_15)","decl":{"start":{"line":111,"column":18},"end":{"line":111,"column":33}},"loc":{"start":{"line":111,"column":33},"end":{"line":111,"column":51}},"line":111},"16":{"name":"(anonymous_16)","decl":{"start":{"line":116,"column":18},"end":{"line":116,"column":33}},"loc":{"start":{"line":116,"column":33},"end":{"line":116,"column":54}},"line":116},"17":{"name":"(anonymous_17)","decl":{"start":{"line":130,"column":80},"end":{"line":130,"column":95}},"loc":{"start":{"line":130,"column":95},"end":{"line":130,"column":133}},"line":130}},"branchMap":{"0":{"loc":{"start":{"line":23,"column":6},"end":{"line":23,"column":62}},"type":"cond-expr","locations":[{"start":{"line":23,"column":28},"end":{"line":23,"column":43}},{"start":{"line":23,"column":46},"end":{"line":23,"column":62}}],"line":23},"1":{"loc":{"start":{"line":31,"column":4},"end":{"line":34,"column":null}},"type":"if","locations":[{"start":{"line":31,"column":4},"end":{"line":34,"column":null}},{"start":{},"end":{}}],"line":31},"2":{"loc":{"start":{"line":50,"column":30},"end":{"line":50,"column":null}},"type":"cond-expr","locations":[{"start":{"line":50,"column":39},"end":{"line":50,"column":50}},{"start":{"line":50,"column":50},"end":{"line":50,"column":null}}],"line":50},"3":{"loc":{"start":{"line":55,"column":36},"end":{"line":55,"column":null}},"type":"cond-expr","locations":[{"start":{"line":55,"column":55},"end":{"line":55,"column":66}},{"start":{"line":55,"column":66},"end":{"line":55,"column":null}}],"line":55},"4":{"loc":{"start":{"line":59,"column":21},"end":{"line":59,"column":null}},"type":"cond-expr","locations":[{"start":{"line":59,"column":45},"end":{"line":59,"column":56}},{"start":{"line":59,"column":56},"end":{"line":59,"column":null}}],"line":59},"5":{"loc":{"start":{"line":64,"column":21},"end":{"line":64,"column":null}},"type":"cond-expr","locations":[{"start":{"line":64,"column":45},"end":{"line":64,"column":56}},{"start":{"line":64,"column":56},"end":{"line":64,"column":null}}],"line":64},"6":{"loc":{"start":{"line":66,"column":9},"end":{"line":71,"column":null}},"type":"binary-expr","locations":[{"start":{"line":66,"column":9},"end":{"line":66,"column":null}},{"start":{"line":67,"column":10},"end":{"line":71,"column":null}}],"line":66},"7":{"loc":{"start":{"line":70,"column":23},"end":{"line":70,"column":null}},"type":"cond-expr","locations":[{"start":{"line":70,"column":51},"end":{"line":70,"column":62}},{"start":{"line":70,"column":62},"end":{"line":70,"column":null}}],"line":70},"8":{"loc":{"start":{"line":76,"column":21},"end":{"line":76,"column":null}},"type":"cond-expr","locations":[{"start":{"line":76,"column":48},"end":{"line":76,"column":59}},{"start":{"line":76,"column":59},"end":{"line":76,"column":null}}],"line":76},"9":{"loc":{"start":{"line":82,"column":51},"end":{"line":82,"column":null}},"type":"cond-expr","locations":[{"start":{"line":82,"column":64},"end":{"line":82,"column":75}},{"start":{"line":82,"column":75},"end":{"line":82,"column":null}}],"line":82},"10":{"loc":{"start":{"line":105,"column":13},"end":{"line":105,"column":null}},"type":"binary-expr","locations":[{"start":{"line":105,"column":13},"end":{"line":105,"column":41}},{"start":{"line":105,"column":41},"end":{"line":105,"column":null}}],"line":105},"11":{"loc":{"start":{"line":110,"column":9},"end":{"line":126,"column":null}},"type":"cond-expr","locations":[{"start":{"line":111,"column":10},"end":{"line":111,"column":null}},{"start":{"line":113,"column":10},"end":{"line":126,"column":null}}],"line":110},"12":{"loc":{"start":{"line":130,"column":46},"end":{"line":130,"column":80}},"type":"cond-expr","locations":[{"start":{"line":130,"column":65},"end":{"line":130,"column":74}},{"start":{"line":130,"column":74},"end":{"line":130,"column":80}}],"line":130}},"s":{"0":1,"1":17,"2":17,"3":17,"4":17,"5":17,"6":17,"7":17,"8":17,"9":17,"10":12,"11":1,"12":12,"13":12,"14":12,"15":17,"16":1,"17":1,"18":1,"19":1,"20":1,"21":17,"22":0,"23":0,"24":17,"25":1,"26":1,"27":1,"28":17,"29":0,"30":0,"31":0,"32":0,"33":0,"34":0,"35":0,"36":1,"37":2,"38":0,"39":1,"40":1,"41":0},"f":{"0":17,"1":12,"2":1,"3":12,"4":1,"5":0,"6":1,"7":0,"8":0,"9":0,"10":0,"11":0,"12":1,"13":2,"14":0,"15":1,"16":1,"17":0},"b":{"0":[1,0],"1":[1,0],"2":[1,16],"3":[0,17],"4":[17,0],"5":[0,17],"6":[17,17],"7":[0,17],"8":[0,17],"9":[3,14],"10":[17,1],"11":[14,3],"12":[0,17]},"meta":{"lastBranch":13,"lastFunction":18,"lastStatement":42,"seen":{"s:7:6:136:Infinity":0,"f:7:6:7:16":0,"s:8:21:8:54":1,"s:9:27:9:65":2,"s:10:17:10:45":3,"s:13:21:13:53":4,"s:14:22:14:52":5,"s:16:37:16:60":6,"s:17:8:17:32":7,"s:18:8:18:32":8,"s:21:2:27:Infinity":9,"f:21:2:21:18":1,"s:22:10:23:Infinity":10,"f:22:10:22:31":2,"s:23:6:23:Infinity":11,"b:23:28:23:43:23:46:23:62":0,"s:25:4:25:Infinity":12,"s:26:4:26:Infinity":13,"f:26:4:26:17":3,"s:26:17:26:67":14,"s:29:8:34:Infinity":15,"f:29:8:29:24":4,"s:30:4:30:Infinity":16,"b:31:4:34:Infinity:undefined:undefined:undefined:undefined":1,"s:31:4:34:Infinity":17,"s:32:6:32:Infinity":18,"s:33:6:33:Infinity":19,"s:34:6:34:Infinity":20,"s:38:8:40:Infinity":21,"f:38:8:38:31":5,"s:39:4:39:Infinity":22,"s:40:4:40:Infinity":23,"s:43:8:46:Infinity":24,"f:43:8:43:23":6,"s:44:4:44:Infinity":25,"s:45:4:45:Infinity":26,"s:46:4:46:Infinity":27,"s:49:2:136:Infinity":28,"b:50:39:50:50:50:50:50:Infinity":2,"f:51:19:51:34":7,"s:51:34:51:61":29,"b:55:55:55:66:55:66:55:Infinity":3,"f:58:10:58:25":8,"s:58:27:58:42":30,"s:58:42:58:65":31,"s:58:65:58:Infinity":32,"b:59:45:59:56:59:56:59:Infinity":4,"f:63:10:63:25":9,"s:63:25:63:52":33,"b:64:45:64:56:64:56:64:Infinity":5,"b:66:9:66:Infinity:67:10:71:Infinity":6,"f:69:12:69:27":10,"s:69:27:69:58":34,"b:70:51:70:62:70:62:70:Infinity":7,"f:75:10:75:25":11,"s:75:25:75:55":35,"b:76:48:76:59:76:59:76:Infinity":8,"b:82:64:82:75:82:75:82:Infinity":9,"f:88:14:88:25":12,"s:88:31:88:61":36,"f:96:12:96:27":13,"s:96:27:96:Infinity":37,"f:102:27:102:42":14,"s:102:42:102:69":38,"b:105:13:105:41:105:41:105:Infinity":10,"b:111:10:111:Infinity:113:10:126:Infinity":11,"f:111:18:111:33":15,"s:111:33:111:51":39,"f:116:18:116:33":16,"s:116:33:116:54":40,"b:130:65:130:74:130:74:130:80":12,"f:130:80:130:95":17,"s:130:95:130:133":41}}}
,"/home/runner/work/Online_Food_DeliVary-1/Online_Food_DeliVary-1/Frontend/src/components/OrderConfirmation/OrderConfirmation.css": {"path":"/home/runner/work/Online_Food_DeliVary-1/Online_Food_DeliVary-1/Frontend/src/components/OrderConfirmation/OrderConfirmation.css","statementMap":{},"fnMap":{},"branchMap":{},"s":{},"f":{},"b":{},"meta":{"lastBranch":0,"lastFunction":0,"lastStatement":0,"seen":{}}}
,"/home/runner/work/Online_Food_DeliVary-1/Online_Food_DeliVary-1/Frontend/src/components/OrderConfirmation/OrderConfirmation.jsx": {"path":"/home/runner/work/Online_Food_DeliVary-1/Online_Food_DeliVary-1/Frontend/src/components/OrderConfirmation/OrderConfirmation.jsx","statementMap":{"0":{"start":{"line":4,"column":6},"end":{"line":24,"column":null}},"1":{"start":{"line":5,"column":2},"end":{"line":5,"column":null}},"2":{"start":{"line":5,"column":15},"end":{"line":5,"column":null}},"3":{"start":{"line":7,"column":2},"end":{"line":24,"column":null}}},"fnMap":{"0":{"name":"(anonymous_0)","decl":{"start":{"line":4,"column":6},"end":{"line":4,"column":27}},"loc":{"start":{"line":4,"column":51},"end":{"line":24,"column":null}},"line":4}},"branchMap":{"0":{"loc":{"start":{"line":5,"column":2},"end":{"line":5,"column":null}},"type":"if","locations":[{"start":{"line":5,"column":2},"end":{"line":5,"column":null}},{"start":{},"end":{}}],"line":5}},"s":{"0":1,"1":10,"2":1,"3":9},"f":{"0":10},"b":{"0":[1,9]},"meta":{"lastBranch":1,"lastFunction":1,"lastStatement":4,"seen":{"s:4:6:24:Infinity":0,"f:4:6:4:27":0,"b:5:2:5:Infinity:undefined:undefined:undefined:undefined":0,"s:5:2:5:Infinity":1,"s:5:15:5:Infinity":2,"s:7:2:24:Infinity":3}}}
,"/home/runner/work/Online_Food_DeliVary-1/Online_Food_DeliVary-1/Frontend/src/components/OurServices/OurServices.css": {"path":"/home/runner/work/Online_Food_DeliVary-1/Online_Food_DeliVary-1/Frontend/src/components/OurServices/OurServices.css","statementMap":{},"fnMap":{},"branchMap":{},"s":{},"f":{},"b":{},"meta":{"lastBranch":0,"lastFunction":0,"lastStatement":0,"seen":{}}}
,"/home/runner/work/Online_Food_DeliVary-1/Online_Food_DeliVary-1/Frontend/src/components/OurServices/OurServices.jsx": {"path":"/home/runner/work/Online_Food_DeliVary-1/Online_Food_DeliVary-1/Frontend/src/components/OurServices/OurServices.jsx","statementMap":{"0":{"start":{"line":4,"column":6},"end":{"line":74,"column":null}},"1":{"start":{"line":5,"column":23},"end":{"line":5,"column":53}},"2":{"start":{"line":7,"column":19},"end":{"line":23,"column":null}},"3":{"start":{"line":25,"column":8},"end":{"line":25,"column":81}},"4":{"start":{"line":25,"column":26},"end":{"line":25,"column":81}},"5":{"start":{"line":25,"column":43},"end":{"line":25,"column":81}},"6":{"start":{"line":26,"column":8},"end":{"line":26,"column":99}},"7":{"start":{"line":26,"column":26},"end":{"line":26,"column":99}},"8":{"start":{"line":26,"column":43},"end":{"line":26,"column":99}},"9":{"start":{"line":28,"column":2},"end":{"line":74,"column":null}},"10":{"start":{"line":48,"column":29},"end":{"line":48,"column":null}},"11":{"start":{"line":49,"column":14},"end":{"line":50,"column":null}},"12":{"start":{"line":49,"column":42},"end":{"line":49,"column":null}},"13":{"start":{"line":50,"column":23},"end":{"line":50,"column":null}},"14":{"start":{"line":50,"column":89},"end":{"line":50,"column":null}},"15":{"start":{"line":52,"column":14},"end":{"line":66,"column":null}}},"fnMap":{"0":{"name":"(anonymous_0)","decl":{"start":{"line":4,"column":6},"end":{"line":4,"column":26}},"loc":{"start":{"line":4,"column":26},"end":{"line":74,"column":null}},"line":4},"1":{"name":"(anonymous_1)","decl":{"start":{"line":25,"column":8},"end":{"line":25,"column":26}},"loc":{"start":{"line":25,"column":26},"end":{"line":25,"column":81}},"line":25},"2":{"name":"(anonymous_2)","decl":{"start":{"line":25,"column":26},"end":{"line":25,"column":43}},"loc":{"start":{"line":25,"column":43},"end":{"line":25,"column":81}},"line":25},"3":{"name":"(anonymous_3)","decl":{"start":{"line":26,"column":8},"end":{"line":26,"column":26}},"loc":{"start":{"line":26,"column":26},"end":{"line":26,"column":99}},"line":26},"4":{"name":"(anonymous_4)","decl":{"start":{"line":26,"column":26},"end":{"line":26,"column":43}},"loc":{"start":{"line":26,"column":43},"end":{"line":26,"column":99}},"line":26},"5":{"name":"(anonymous_5)","decl":{"start":{"line":47,"column":22},"end":{"line":47,"column":27}},"loc":{"start":{"line":47,"column":46},"end":{"line":66,"column":null}},"line":47}},"branchMap":{"0":{"loc":{"start":{"line":49,"column":14},"end":{"line":50,"column":null}},"type":"if","locations":[{"start":{"line":49,"column":14},"end":{"line":50,"column":null}},{"start":{"line":50,"column":23},"end":{"line":50,"column":null}}],"line":49},"1":{"loc":{"start":{"line":50,"column":23},"end":{"line":50,"column":null}},"type":"if","locations":[{"start":{"line":50,"column":23},"end":{"line":50,"column":null}},{"start":{},"end":{}}],"line":50}},"s":{"0":1,"1":10,"2":10,"3":10,"4":1,"5":1,"6":10,"7":1,"8":1,"9":10,"10":30,"11":30,"12":10,"13":20,"14":10,"15":30},"f":{"0":10,"1":1,"2":1,"3":1,"4":1,"5":30},"b":{"0":[10,20],"1":[10,10]},"meta":{"lastBranch":2,"lastFunction":6,"lastStatement":16,"seen":{"s:4:6:74:Infinity":0,"f:4:6:4:26":0,"s:5:23:5:53":1,"s:7:19:23:Infinity":2,"s:25:8:25:81":3,"f:25:8:25:26":1,"s:25:26:25:81":4,"f:25:26:25:43":2,"s:25:43:25:81":5,"s:26:8:26:99":6,"f:26:8:26:26":3,"s:26:26:26:99":7,"f:26:26:26:43":4,"s:26:43:26:99":8,"s:28:2:74:Infinity":9,"f:47:22:47:27":5,"s:48:29:48:Infinity":10,"b:49:14:50:Infinity:50:23:50:Infinity":0,"s:49:14:50:Infinity":11,"s:49:42:49:Infinity":12,"b:50:23:50:Infinity:undefined:undefined:undefined:undefined":1,"s:50:23:50:Infinity":13,"s:50:89:50:Infinity":14,"s:52:14:66:Infinity":15}}}
,"/home/runner/work/Online_Food_DeliVary-1/Online_Food_DeliVary-1/Frontend/src/components/ScrollToTop/ScrollToTop.css": {"path":"/home/runner/work/Online_Food_DeliVary-1/Online_Food_DeliVary-1/Frontend/src/components/ScrollToTop/ScrollToTop.css","statementMap":{},"fnMap":{},"branchMap":{},"s":{},"f":{},"b":{},"meta":{"lastBranch":0,"lastFunction":0,"lastStatement":0,"seen":{}}}
,"/home/runner/work/Online_Food_DeliVary-1/Online_Food_DeliVary-1/Frontend/src/components/ScrollToTop/ScrollToTop.jsx": {"path":"/home/runner/work/Online_Food_DeliVary-1/Online_Food_DeliVary-1/Frontend/src/components/ScrollToTop/ScrollToTop.jsx","statementMap":{"0":{"start":{"line":4,"column":6},"end":{"line":11,"column":null}},"1":{"start":{"line":5,"column":10},"end":{"line":5,"column":36}},"2":{"start":{"line":7,"column":2},"end":{"line":9,"column":null}},"3":{"start":{"line":8,"column":4},"end":{"line":8,"column":null}},"4":{"start":{"line":11,"column":2},"end":{"line":11,"column":null}}},"fnMap":{"0":{"name":"(anonymous_0)","decl":{"start":{"line":4,"column":6},"end":{"line":4,"column":26}},"loc":{"start":{"line":4,"column":26},"end":{"line":11,"column":null}},"line":4},"1":{"name":"(anonymous_1)","decl":{"start":{"line":7,"column":2},"end":{"line":7,"column":18}},"loc":{"start":{"line":7,"column":18},"end":{"line":9,"column":6}},"line":7}},"branchMap":{},"s":{"0":1,"1":6,"2":6,"3":6,"4":6},"f":{"0":6,"1":6},"b":{},"meta":{"lastBranch":0,"lastFunction":2,"lastStatement":5,"seen":{"s:4:6:11:Infinity":0,"f:4:6:4:26":0,"s:5:10:5:36":1,"s:7:2:9:Infinity":2,"f:7:2:7:18":1,"s:8:4:8:Infinity":3,"s:11:2:11:Infinity":4}}}
,"/home/runner/work/Online_Food_DeliVary-1/Online_Food_DeliVary-1/Frontend/src/components/SpecialSections/SpecialSections.css": {"path":"/home/runner/work/Online_Food_DeliVary-1/Online_Food_DeliVary-1/Frontend/src/components/SpecialSections/SpecialSections.css","statementMap":{},"fnMap":{},"branchMap":{},"s":{},"f":{},"b":{},"meta":{"lastBranch":0,"lastFunction":0,"lastStatement":0,"seen":{}}}
,"/home/runner/work/Online_Food_DeliVary-1/Online_Food_DeliVary-1/Frontend/src/components/SpecialSections/SpecialSections.jsx": {"path":"/home/runner/work/Online_Food_DeliVary-1/Online_Food_DeliVary-1/Frontend/src/components/SpecialSections/SpecialSections.jsx","statementMap":{"0":{"start":{"line":6,"column":6},"end":{"line":105,"column":null}},"1":{"start":{"line":7,"column":8},"end":{"line":7,"column":32}},"2":{"start":{"line":8,"column":22},"end":{"line":8,"column":51}},"3":{"start":{"line":10,"column":19},"end":{"line":29,"column":null}},"4":{"start":{"line":31,"column":2},"end":{"line":49,"column":null}},"5":{"start":{"line":32,"column":21},"end":{"line":44,"column":null}},"6":{"start":{"line":34,"column":8},"end":{"line":42,"column":null}},"7":{"start":{"line":35,"column":10},"end":{"line":39,"column":null}},"8":{"start":{"line":36,"column":26},"end":{"line":36,"column":67}},"9":{"start":{"line":37,"column":12},"end":{"line":39,"column":null}},"10":{"start":{"line":38,"column":14},"end":{"line":38,"column":null}},"11":{"start":{"line":39,"column":14},"end":{"line":39,"column":null}},"12":{"start":{"line":47,"column":4},"end":{"line":47,"column":null}},"13":{"start":{"line":47,"column":41},"end":{"line":47,"column":69}},"14":{"start":{"line":48,"column":4},"end":{"line":48,"column":null}},"15":{"start":{"line":48,"column":17},"end":{"line":48,"column":38}},"16":{"start":{"line":51,"column":2},"end":{"line":105,"column":null}},"17":{"start":{"line":91,"column":12},"end":{"line":101,"column":null}},"18":{"start":{"line":93,"column":28},"end":{"line":93,"column":null}}},"fnMap":{"0":{"name":"(anonymous_0)","decl":{"start":{"line":6,"column":6},"end":{"line":6,"column":30}},"loc":{"start":{"line":6,"column":30},"end":{"line":105,"column":null}},"line":6},"1":{"name":"(anonymous_1)","decl":{"start":{"line":31,"column":2},"end":{"line":31,"column":18}},"loc":{"start":{"line":31,"column":18},"end":{"line":49,"column":7}},"line":31},"2":{"name":"(anonymous_2)","decl":{"start":{"line":32,"column":25},"end":{"line":32,"column":null}},"loc":{"start":{"line":33,"column":19},"end":{"line":44,"column":8}},"line":33},"3":{"name":"(anonymous_3)","decl":{"start":{"line":34,"column":16},"end":{"line":34,"column":25}},"loc":{"start":{"line":34,"column":35},"end":{"line":42,"column":null}},"line":34},"4":{"name":"(anonymous_4)","decl":{"start":{"line":47,"column":24},"end":{"line":47,"column":33}},"loc":{"start":{"line":47,"column":41},"end":{"line":47,"column":69}},"line":47},"5":{"name":"(anonymous_5)","decl":{"start":{"line":48,"column":4},"end":{"line":48,"column":17}},"loc":{"start":{"line":48,"column":17},"end":{"line":48,"column":38}},"line":48},"6":{"name":"(anonymous_6)","decl":{"start":{"line":90,"column":20},"end":{"line":90,"column":25}},"loc":{"start":{"line":91,"column":12},"end":{"line":101,"column":null}},"line":91},"7":{"name":"(anonymous_7)","decl":{"start":{"line":93,"column":14},"end":{"line":93,"column":20}},"loc":{"start":{"line":93,"column":28},"end":{"line":93,"column":null}},"line":93}},"branchMap":{"0":{"loc":{"start":{"line":35,"column":10},"end":{"line":39,"column":null}},"type":"if","locations":[{"start":{"line":35,"column":10},"end":{"line":39,"column":null}},{"start":{},"end":{}}],"line":35},"1":{"loc":{"start":{"line":37,"column":12},"end":{"line":39,"column":null}},"type":"if","locations":[{"start":{"line":37,"column":12},"end":{"line":39,"column":null}},{"start":{},"end":{}}],"line":37},"2":{"loc":{"start":{"line":47,"column":41},"end":{"line":47,"column":69}},"type":"binary-expr","locations":[{"start":{"line":47,"column":41},"end":{"line":47,"column":48}},{"start":{"line":47,"column":48},"end":{"line":47,"column":69}}],"line":47},"3":{"loc":{"start":{"line":94,"column":41},"end":{"line":94,"column":null}},"type":"cond-expr","locations":[{"start":{"line":94,"column":65},"end":{"line":94,"column":76}},{"start":{"line":94,"column":76},"end":{"line":94,"column":null}}],"line":94}},"s":{"0":1,"1":16,"2":16,"3":16,"4":16,"5":16,"6":0,"7":0,"8":0,"9":0,"10":0,"11":0,"12":16,"13":48,"14":16,"15":16,"16":16,"17":48,"18":96},"f":{"0":16,"1":16,"2":0,"3":0,"4":48,"5":16,"6":48,"7":96},"b":{"0":[0,0],"1":[0,0],"2":[48,48],"3":[16,32]},"meta":{"lastBranch":4,"lastFunction":8,"lastStatement":19,"seen":{"s:6:6:105:Infinity":0,"f:6:6:6:30":0,"s:7:8:7:32":1,"s:8:22:8:51":2,"s:10:19:29:Infinity":3,"s:31:2:49:Infinity":4,"f:31:2:31:18":1,"s:32:21:44:Infinity":5,"f:32:25:32:Infinity":2,"s:34:8:42:Infinity":6,"f:34:16:34:25":3,"b:35:10:39:Infinity:undefined:undefined:undefined:undefined":0,"s:35:10:39:Infinity":7,"s:36:26:36:67":8,"b:37:12:39:Infinity:undefined:undefined:undefined:undefined":1,"s:37:12:39:Infinity":9,"s:38:14:38:Infinity":10,"s:39:14:39:Infinity":11,"s:47:4:47:Infinity":12,"f:47:24:47:33":4,"s:47:41:47:69":13,"b:47:41:47:48:47:48:47:69":2,"s:48:4:48:Infinity":14,"f:48:4:48:17":5,"s:48:17:48:38":15,"s:51:2:105:Infinity":16,"f:90:20:90:25":6,"s:91:12:101:Infinity":17,"f:93:14:93:20":7,"s:93:28:93:Infinity":18,"b:94:65:94:76:94:76:94:Infinity":3}}}
,"/home/runner/work/Online_Food_DeliVary-1/Online_Food_DeliVary-1/Frontend/src/components/header/header.css": {"path":"/home/runner/work/Online_Food_DeliVary-1/Online_Food_DeliVary-1/Frontend/src/components/header/header.css","statementMap":{},"fnMap":{},"branchMap":{},"s":{},"f":{},"b":{},"meta":{"lastBranch":0,"lastFunction":0,"lastStatement":0,"seen":{}}}
,"/home/runner/work/Online_Food_DeliVary-1/Online_Food_DeliVary-1/Frontend/src/components/header/header.jsx": {"path":"/home/runner/work/Online_Food_DeliVary-1/Online_Food_DeliVary-1/Frontend/src/components/header/header.jsx","statementMap":{"0":{"start":{"line":11,"column":6},"end":{"line":55,"column":null}},"1":{"start":{"line":12,"column":23},"end":{"line":12,"column":53}},"2":{"start":{"line":15,"column":17},"end":{"line":19,"column":null}},"3":{"start":{"line":21,"column":2},"end":{"line":27,"column":null}},"4":{"start":{"line":22,"column":4},"end":{"line":22,"column":null}},"5":{"start":{"line":22,"column":28},"end":{"line":22,"column":null}},"6":{"start":{"line":23,"column":21},"end":{"line":25,"column":12}},"7":{"start":{"line":24,"column":6},"end":{"line":24,"column":null}},"8":{"start":{"line":24,"column":23},"end":{"line":24,"column":69}},"9":{"start":{"line":26,"column":4},"end":{"line":26,"column":null}},"10":{"start":{"line":26,"column":17},"end":{"line":26,"column":40}},"11":{"start":{"line":29,"column":2},"end":{"line":55,"column":null}},"12":{"start":{"line":32,"column":8},"end":{"line":36,"column":null}}},"fnMap":{"0":{"name":"(anonymous_0)","decl":{"start":{"line":11,"column":6},"end":{"line":11,"column":21}},"loc":{"start":{"line":11,"column":21},"end":{"line":55,"column":null}},"line":11},"1":{"name":"(anonymous_1)","decl":{"start":{"line":21,"column":2},"end":{"line":21,"column":18}},"loc":{"start":{"line":21,"column":18},"end":{"line":27,"column":6}},"line":21},"2":{"name":"(anonymous_2)","decl":{"start":{"line":23,"column":21},"end":{"line":23,"column":39}},"loc":{"start":{"line":23,"column":39},"end":{"line":25,"column":12}},"line":23},"3":{"name":"(anonymous_3)","decl":{"start":{"line":24,"column":6},"end":{"line":24,"column":23}},"loc":{"start":{"line":24,"column":23},"end":{"line":24,"column":69}},"line":24},"4":{"name":"(anonymous_4)","decl":{"start":{"line":26,"column":4},"end":{"line":26,"column":17}},"loc":{"start":{"line":26,"column":17},"end":{"line":26,"column":40}},"line":26},"5":{"name":"(anonymous_5)","decl":{"start":{"line":31,"column":14},"end":{"line":31,"column":19}},"loc":{"start":{"line":32,"column":8},"end":{"line":36,"column":null}},"line":32}},"branchMap":{"0":{"loc":{"start":{"line":22,"column":4},"end":{"line":22,"column":null}},"type":"if","locations":[{"start":{"line":22,"column":4},"end":{"line":22,"column":null}},{"start":{},"end":{}}],"line":22},"1":{"loc":{"start":{"line":34,"column":34},"end":{"line":34,"column":null}},"type":"cond-expr","locations":[{"start":{"line":34,"column":59},"end":{"line":34,"column":70}},{"start":{"line":34,"column":70},"end":{"line":34,"column":null}}],"line":34}},"s":{"0":1,"1":4,"2":4,"3":4,"4":4,"5":0,"6":4,"7":0,"8":0,"9":4,"10":4,"11":4,"12":12},"f":{"0":4,"1":4,"2":0,"3":0,"4":4,"5":12},"b":{"0":[0,4],"1":[4,8]},"meta":{"lastBranch":2,"lastFunction":6,"lastStatement":13,"seen":{"s:11:6:55:Infinity":0,"f:11:6:11:21":0,"s:12:23:12:53":1,"s:15:17:19:Infinity":2,"s:21:2:27:Infinity":3,"f:21:2:21:18":1,"b:22:4:22:Infinity:undefined:undefined:undefined:undefined":0,"s:22:4:22:Infinity":4,"s:22:28:22:Infinity":5,"s:23:21:25:12":6,"f:23:21:23:39":2,"s:24:6:24:Infinity":7,"f:24:6:24:23":3,"s:24:23:24:69":8,"s:26:4:26:Infinity":9,"f:26:4:26:17":4,"s:26:17:26:40":10,"s:29:2:55:Infinity":11,"f:31:14:31:19":5,"s:32:8:36:Infinity":12,"b:34:59:34:70:34:70:34:Infinity":1}}}
,"/home/runner/work/Online_Food_DeliVary-1/Online_Food_DeliVary-1/Frontend/src/context/StoreContext.jsx": {"path":"/home/runner/work/Online_Food_DeliVary-1/Online_Food_DeliVary-1/Frontend/src/context/StoreContext.jsx","statementMap":{"0":{"start":{"line":4,"column":13},"end":{"line":4,"column":47}},"1":{"start":{"line":6,"column":13},"end":{"line":6,"column":54}},"2":{"start":{"line":8,"column":6},"end":{"line":141,"column":null}},"3":{"start":{"line":9,"column":14},"end":{"line":9,"column":null}},"4":{"start":{"line":11,"column":16},"end":{"line":11,"column":40}},"5":{"start":{"line":12,"column":20},"end":{"line":12,"column":47}},"6":{"start":{"line":13,"column":20},"end":{"line":13,"column":48}},"7":{"start":{"line":16,"column":24},"end":{"line":22,"column":null}},"8":{"start":{"line":17,"column":4},"end":{"line":22,"column":null}},"9":{"start":{"line":18,"column":23},"end":{"line":18,"column":62}},"10":{"start":{"line":19,"column":6},"end":{"line":19,"column":null}},"11":{"start":{"line":21,"column":6},"end":{"line":21,"column":null}},"12":{"start":{"line":22,"column":6},"end":{"line":22,"column":null}},"13":{"start":{"line":27,"column":23},"end":{"line":39,"column":null}},"14":{"start":{"line":28,"column":4},"end":{"line":39,"column":null}},"15":{"start":{"line":29,"column":23},"end":{"line":32,"column":null}},"16":{"start":{"line":36,"column":6},"end":{"line":36,"column":null}},"17":{"start":{"line":38,"column":6},"end":{"line":38,"column":null}},"18":{"start":{"line":39,"column":6},"end":{"line":39,"column":null}},"19":{"start":{"line":44,"column":2},"end":{"line":56,"column":null}},"20":{"start":{"line":45,"column":21},"end":{"line":51,"column":null}},"21":{"start":{"line":46,"column":6},"end":{"line":46,"column":null}},"22":{"start":{"line":48,"column":25},"end":{"line":48,"column":54}},"23":{"start":{"line":49,"column":6},"end":{"line":51,"column":null}},"24":{"start":{"line":50,"column":8},"end":{"line":50,"column":null}},"25":{"start":{"line":51,"column":8},"end":{"line":51,"column":null}},"26":{"start":{"line":55,"column":4},"end":{"line":55,"column":null}},"27":{"start":{"line":59,"column":20},"end":{"line":73,"column":null}},"28":{"start":{"line":60,"column":4},"end":{"line":63,"column":null}},"29":{"start":{"line":60,"column":28},"end":{"line":63,"column":7}},"30":{"start":{"line":65,"column":4},"end":{"line":73,"column":null}},"31":{"start":{"line":66,"column":6},"end":{"line":73,"column":null}},"32":{"start":{"line":67,"column":8},"end":{"line":71,"column":null}},"33":{"start":{"line":73,"column":8},"end":{"line":73,"column":null}},"34":{"start":{"line":79,"column":25},"end":{"line":98,"column":null}},"35":{"start":{"line":80,"column":4},"end":{"line":88,"column":null}},"36":{"start":{"line":81,"column":22},"end":{"line":81,"column":33}},"37":{"start":{"line":82,"column":6},"end":{"line":85,"column":null}},"38":{"start":{"line":83,"column":8},"end":{"line":83,"column":null}},"39":{"start":{"line":85,"column":8},"end":{"line":85,"column":null}},"40":{"start":{"line":87,"column":6},"end":{"line":87,"column":null}},"41":{"start":{"line":90,"column":4},"end":{"line":98,"column":null}},"42":{"start":{"line":91,"column":6},"end":{"line":98,"column":null}},"43":{"start":{"line":92,"column":8},"end":{"line":96,"column":null}},"44":{"start":{"line":98,"column":8},"end":{"line":98,"column":null}},"45":{"start":{"line":104,"column":8},"end":{"line":110,"column":null}},"46":{"start":{"line":105,"column":4},"end":{"line":105,"column":null}},"47":{"start":{"line":105,"column":49},"end":{"line":105,"column":null}},"48":{"start":{"line":107,"column":4},"end":{"line":110,"column":null}},"49":{"start":{"line":108,"column":19},"end":{"line":108,"column":64}},"50":{"start":{"line":108,"column":44},"end":{"line":108,"column":64}},"51":{"start":{"line":109,"column":6},"end":{"line":109,"column":null}},"52":{"start":{"line":114,"column":8},"end":{"line":119,"column":null}},"53":{"start":{"line":115,"column":4},"end":{"line":115,"column":null}},"54":{"start":{"line":115,"column":20},"end":{"line":115,"column":null}},"55":{"start":{"line":116,"column":4},"end":{"line":119,"column":null}},"56":{"start":{"line":117,"column":27},"end":{"line":117,"column":null}},"57":{"start":{"line":123,"column":8},"end":{"line":135,"column":null}},"58":{"start":{"line":124,"column":11},"end":{"line":134,"column":null}},"59":{"start":{"line":138,"column":2},"end":{"line":141,"column":null}}},"fnMap":{"0":{"name":"(anonymous_0)","decl":{"start":{"line":6,"column":13},"end":{"line":6,"column":30}},"loc":{"start":{"line":6,"column":13},"end":{"line":6,"column":54}},"line":6},"1":{"name":"(anonymous_1)","decl":{"start":{"line":8,"column":6},"end":{"line":8,"column":30}},"loc":{"start":{"line":8,"column":47},"end":{"line":141,"column":null}},"line":8},"2":{"name":"(anonymous_2)","decl":{"start":{"line":16,"column":24},"end":{"line":16,"column":36}},"loc":{"start":{"line":16,"column":36},"end":{"line":22,"column":null}},"line":16},"3":{"name":"(anonymous_3)","decl":{"start":{"line":27,"column":23},"end":{"line":27,"column":30}},"loc":{"start":{"line":27,"column":44},"end":{"line":39,"column":null}},"line":27},"4":{"name":"(anonymous_4)","decl":{"start":{"line":44,"column":2},"end":{"line":44,"column":18}},"loc":{"start":{"line":44,"column":18},"end":{"line":56,"column":7}},"line":44},"5":{"name":"(anonymous_5)","decl":{"start":{"line":45,"column":21},"end":{"line":45,"column":33}},"loc":{"start":{"line":45,"column":33},"end":{"line":51,"column":null}},"line":45},"6":{"name":"(anonymous_6)","decl":{"start":{"line":59,"column":20},"end":{"line":59,"column":27}},"loc":{"start":{"line":59,"column":38},"end":{"line":73,"column":null}},"line":59},"7":{"name":"(anonymous_7)","decl":{"start":{"line":60,"column":4},"end":{"line":60,"column":18}},"loc":{"start":{"line":60,"column":28},"end":{"line":63,"column":7}},"line":60},"8":{"name":"(anonymous_8)","decl":{"start":{"line":79,"column":25},"end":{"line":79,"column":32}},"loc":{"start":{"line":79,"column":63},"end":{"line":98,"column":null}},"line":79},"9":{"name":"(anonymous_9)","decl":{"start":{"line":80,"column":4},"end":{"line":80,"column":18}},"loc":{"start":{"line":80,"column":27},"end":{"line":88,"column":null}},"line":80},"10":{"name":"(anonymous_10)","decl":{"start":{"line":104,"column":8},"end":{"line":104,"column":35}},"loc":{"start":{"line":104,"column":35},"end":{"line":110,"column":null}},"line":104},"11":{"name":"(anonymous_11)","decl":{"start":{"line":107,"column":37},"end":{"line":107,"column":45}},"loc":{"start":{"line":107,"column":75},"end":{"line":110,"column":9}},"line":107},"12":{"name":"(anonymous_12)","decl":{"start":{"line":108,"column":29},"end":{"line":108,"column":35}},"loc":{"start":{"line":108,"column":44},"end":{"line":108,"column":64}},"line":108},"13":{"name":"(anonymous_13)","decl":{"start":{"line":114,"column":8},"end":{"line":114,"column":34}},"loc":{"start":{"line":114,"column":34},"end":{"line":119,"column":null}},"line":114},"14":{"name":"(anonymous_14)","decl":{"start":{"line":116,"column":36},"end":{"line":116,"column":null}},"loc":{"start":{"line":117,"column":27},"end":{"line":117,"column":null}},"line":117},"15":{"name":"(anonymous_15)","decl":{"start":{"line":123,"column":23},"end":{"line":123,"column":null}},"loc":{"start":{"line":124,"column":11},"end":{"line":134,"column":null}},"line":124}},"branchMap":{"0":{"loc":{"start":{"line":9,"column":14},"end":{"line":9,"column":null}},"type":"binary-expr","locations":[{"start":{"line":9,"column":14},"end":{"line":9,"column":46}},{"start":{"line":9,"column":46},"end":{"line":9,"column":null}}],"line":9},"1":{"loc":{"start":{"line":19,"column":18},"end":{"line":19,"column":43}},"type":"binary-expr","locations":[{"start":{"line":19,"column":18},"end":{"line":19,"column":41}},{"start":{"line":19,"column":41},"end":{"line":19,"column":43}}],"line":19},"2":{"loc":{"start":{"line":36,"column":19},"end":{"line":36,"column":48}},"type":"binary-expr","locations":[{"start":{"line":36,"column":19},"end":{"line":36,"column":46}},{"start":{"line":36,"column":46},"end":{"line":36,"column":48}}],"line":36},"3":{"loc":{"start":{"line":49,"column":6},"end":{"line":51,"column":null}},"type":"if","locations":[{"start":{"line":49,"column":6},"end":{"line":51,"column":null}},{"start":{},"end":{}}],"line":49},"4":{"loc":{"start":{"line":62,"column":17},"end":{"line":62,"column":38}},"type":"binary-expr","locations":[{"start":{"line":62,"column":17},"end":{"line":62,"column":33}},{"start":{"line":62,"column":33},"end":{"line":62,"column":38}}],"line":62},"5":{"loc":{"start":{"line":65,"column":4},"end":{"line":73,"column":null}},"type":"if","locations":[{"start":{"line":65,"column":4},"end":{"line":73,"column":null}},{"start":{},"end":{}}],"line":65},"6":{"loc":{"start":{"line":79,"column":40},"end":{"line":79,"column":63}},"type":"default-arg","locations":[{"start":{"line":79,"column":53},"end":{"line":79,"column":63}}],"line":79},"7":{"loc":{"start":{"line":82,"column":6},"end":{"line":85,"column":null}},"type":"if","locations":[{"start":{"line":82,"column":6},"end":{"line":85,"column":null}},{"start":{"line":84,"column":13},"end":{"line":85,"column":null}}],"line":82},"8":{"loc":{"start":{"line":82,"column":10},"end":{"line":82,"column":46}},"type":"binary-expr","locations":[{"start":{"line":82,"column":10},"end":{"line":82,"column":24}},{"start":{"line":82,"column":24},"end":{"line":82,"column":46}}],"line":82},"9":{"loc":{"start":{"line":90,"column":4},"end":{"line":98,"column":null}},"type":"if","locations":[{"start":{"line":90,"column":4},"end":{"line":98,"column":null}},{"start":{},"end":{}}],"line":90},"10":{"loc":{"start":{"line":105,"column":4},"end":{"line":105,"column":null}},"type":"if","locations":[{"start":{"line":105,"column":4},"end":{"line":105,"column":null}},{"start":{},"end":{}}],"line":105},"11":{"loc":{"start":{"line":105,"column":8},"end":{"line":105,"column":47}},"type":"binary-expr","locations":[{"start":{"line":105,"column":8},"end":{"line":105,"column":22}},{"start":{"line":105,"column":22},"end":{"line":105,"column":47}}],"line":105},"12":{"loc":{"start":{"line":109,"column":22},"end":{"line":109,"column":null}},"type":"cond-expr","locations":[{"start":{"line":109,"column":29},"end":{"line":109,"column":53}},{"start":{"line":109,"column":53},"end":{"line":109,"column":null}}],"line":109},"13":{"loc":{"start":{"line":115,"column":4},"end":{"line":115,"column":null}},"type":"if","locations":[{"start":{"line":115,"column":4},"end":{"line":115,"column":null}},{"start":{},"end":{}}],"line":115}},"s":{"0":8,"1":142,"2":8,"3":35,"4":35,"5":35,"6":35,"7":35,"8":12,"9":12,"10":11,"11":1,"12":1,"13":35,"14":3,"15":3,"16":2,"17":1,"18":1,"19":35,"20":12,"21":12,"22":12,"23":12,"24":3,"25":3,"26":12,"27":35,"28":8,"29":8,"30":8,"31":1,"32":1,"33":0,"34":35,"35":2,"36":2,"37":2,"38":1,"39":1,"40":2,"41":2,"42":0,"43":0,"44":0,"45":35,"46":35,"47":0,"48":35,"49":10,"50":2,"51":10,"52":35,"53":35,"54":0,"55":35,"56":10,"57":35,"58":35,"59":35},"f":{"0":142,"1":35,"2":12,"3":3,"4":12,"5":12,"6":8,"7":8,"8":2,"9":2,"10":35,"11":10,"12":2,"13":35,"14":10,"15":35},"b":{"0":[35,35],"1":[11,0],"2":[2,0],"3":[3,9],"4":[8,5],"5":[1,7],"6":[2],"7":[1,1],"8":[2,1],"9":[0,2],"10":[0,35],"11":[35,35],"12":[2,8],"13":[0,35]},"meta":{"lastBranch":14,"lastFunction":16,"lastStatement":60,"seen":{"s:4:13:4:47":0,"s:6:13:6:54":1,"f:6:13:6:30":0,"s:8:6:141:Infinity":2,"f:8:6:8:30":1,"s:9:14:9:Infinity":3,"b:9:14:9:46:9:46:9:Infinity":0,"s:11:16:11:40":4,"s:12:20:12:47":5,"s:13:20:13:48":6,"s:16:24:22:Infinity":7,"f:16:24:16:36":2,"s:17:4:22:Infinity":8,"s:18:23:18:62":9,"s:19:6:19:Infinity":10,"b:19:18:19:41:19:41:19:43":1,"s:21:6:21:Infinity":11,"s:22:6:22:Infinity":12,"s:27:23:39:Infinity":13,"f:27:23:27:30":3,"s:28:4:39:Infinity":14,"s:29:23:32:Infinity":15,"s:36:6:36:Infinity":16,"b:36:19:36:46:36:46:36:48":2,"s:38:6:38:Infinity":17,"s:39:6:39:Infinity":18,"s:44:2:56:Infinity":19,"f:44:2:44:18":4,"s:45:21:51:Infinity":20,"f:45:21:45:33":5,"s:46:6:46:Infinity":21,"s:48:25:48:54":22,"b:49:6:51:Infinity:undefined:undefined:undefined:undefined":3,"s:49:6:51:Infinity":23,"s:50:8:50:Infinity":24,"s:51:8:51:Infinity":25,"s:55:4:55:Infinity":26,"s:59:20:73:Infinity":27,"f:59:20:59:27":6,"s:60:4:63:Infinity":28,"f:60:4:60:18":7,"s:60:28:63:7":29,"b:62:17:62:33:62:33:62:38":4,"b:65:4:73:Infinity:undefined:undefined:undefined:undefined":5,"s:65:4:73:Infinity":30,"s:66:6:73:Infinity":31,"s:67:8:71:Infinity":32,"s:73:8:73:Infinity":33,"s:79:25:98:Infinity":34,"f:79:25:79:32":8,"b:79:53:79:63":6,"s:80:4:88:Infinity":35,"f:80:4:80:18":9,"s:81:22:81:33":36,"b:82:6:85:Infinity:84:13:85:Infinity":7,"s:82:6:85:Infinity":37,"b:82:10:82:24:82:24:82:46":8,"s:83:8:83:Infinity":38,"s:85:8:85:Infinity":39,"s:87:6:87:Infinity":40,"b:90:4:98:Infinity:undefined:undefined:undefined:undefined":9,"s:90:4:98:Infinity":41,"s:91:6:98:Infinity":42,"s:92:8:96:Infinity":43,"s:98:8:98:Infinity":44,"s:104:8:110:Infinity":45,"f:104:8:104:35":10,"b:105:4:105:Infinity:undefined:undefined:undefined:undefined":10,"s:105:4:105:Infinity":46,"b:105:8:105:22:105:22:105:47":11,"s:105:49:105:Infinity":47,"s:107:4:110:Infinity":48,"f:107:37:107:45":11,"s:108:19:108:64":49,"f:108:29:108:35":12,"s:108:44:108:64":50,"s:109:6:109:Infinity":51,"b:109:29:109:53:109:53:109:Infinity":12,"s:114:8:119:Infinity":52,"f:114:8:114:34":13,"b:115:4:115:Infinity:undefined:undefined:undefined:undefined":13,"s:115:4:115:Infinity":53,"s:115:20:115:Infinity":54,"s:116:4:119:Infinity":55,"f:116:36:116:Infinity":14,"s:117:27:117:Infinity":56,"s:123:8:135:Infinity":57,"f:123:23:123:Infinity":15,"s:124:11:134:Infinity":58,"s:138:2:141:Infinity":59}}}
,"/home/runner/work/Online_Food_DeliVary-1/Online_Food_DeliVary-1/Frontend/src/firebase/config.js": {"path":"/home/runner/work/Online_Food_DeliVary-1/Online_Food_DeliVary-1/Frontend/src/firebase/config.js","statementMap":{"0":{"start":{"line":4,"column":23},"end":{"line":11,"column":null}},"1":{"start":{"line":13,"column":6},"end":{"line":13,"column":41}},"2":{"start":{"line":14,"column":13},"end":{"line":14,"column":32}},"3":{"start":{"line":15,"column":30},"end":{"line":15,"column":54}},"4":{"start":{"line":16,"column":32},"end":{"line":16,"column":58}}},"fnMap":{},"branchMap":{"0":{"loc":{"start":{"line":5,"column":10},"end":{"line":5,"column":null}},"type":"binary-expr","locations":[{"start":{"line":5,"column":10},"end":{"line":5,"column":51}},{"start":{"line":5,"column":51},"end":{"line":5,"column":null}}],"line":5},"1":{"loc":{"start":{"line":6,"column":14},"end":{"line":6,"column":null}},"type":"binary-expr","locations":[{"start":{"line":6,"column":14},"end":{"line":6,"column":59}},{"start":{"line":6,"column":59},"end":{"line":6,"column":null}}],"line":6},"2":{"loc":{"start":{"line":7,"column":13},"end":{"line":7,"column":null}},"type":"binary-expr","locations":[{"start":{"line":7,"column":13},"end":{"line":7,"column":57}},{"start":{"line":7,"column":57},"end":{"line":7,"column":null}}],"line":7},"3":{"loc":{"start":{"line":8,"column":17},"end":{"line":8,"column":null}},"type":"binary-expr","locations":[{"start":{"line":8,"column":17},"end":{"line":8,"column":65}},{"start":{"line":8,"column":65},"end":{"line":8,"column":null}}],"line":8},"4":{"loc":{"start":{"line":9,"column":21},"end":{"line":9,"column":null}},"type":"binary-expr","locations":[{"start":{"line":9,"column":21},"end":{"line":9,"column":74}},{"start":{"line":9,"column":74},"end":{"line":9,"column":null}}],"line":9},"5":{"loc":{"start":{"line":10,"column":9},"end":{"line":10,"column":null}},"type":"binary-expr","locations":[{"start":{"line":10,"column":9},"end":{"line":10,"column":49}},{"start":{"line":10,"column":49},"end":{"line":10,"column":null}}],"line":10}},"s":{"0":0,"1":0,"2":0,"3":0,"4":0},"f":{},"b":{"0":[0,0],"1":[0,0],"2":[0,0],"3":[0,0],"4":[0,0],"5":[0,0]},"meta":{"lastBranch":6,"lastFunction":0,"lastStatement":5,"seen":{"s:4:23:11:Infinity":0,"b:5:10:5:51:5:51:5:Infinity":0,"b:6:14:6:59:6:59:6:Infinity":1,"b:7:13:7:57:7:57:7:Infinity":2,"b:8:17:8:65:8:65:8:Infinity":3,"b:9:21:9:74:9:74:9:Infinity":4,"b:10:9:10:49:10:49:10:Infinity":5,"s:13:6:13:41":1,"s:14:13:14:32":2,"s:15:30:15:54":3,"s:16:32:16:58":4}}}
,"/home/runner/work/Online_Food_DeliVary-1/Online_Food_DeliVary-1/Frontend/src/pages/Cart/cart.css": {"path":"/home/runner/work/Online_Food_DeliVary-1/Online_Food_DeliVary-1/Frontend/src/pages/Cart/cart.css","statementMap":{},"fnMap":{},"branchMap":{},"s":{},"f":{},"b":{},"meta":{"lastBranch":0,"lastFunction":0,"lastStatement":0,"seen":{}}}
,"/home/runner/work/Online_Food_DeliVary-1/Online_Food_DeliVary-1/Frontend/src/pages/Cart/cart.jsx": {"path":"/home/runner/work/Online_Food_DeliVary-1/Online_Food_DeliVary-1/Frontend/src/pages/Cart/cart.jsx","statementMap":{"0":{"start":{"line":6,"column":6},"end":{"line":90,"column":null}},"1":{"start":{"line":12,"column":4},"end":{"line":13,"column":16}},"2":{"start":{"line":15,"column":8},"end":{"line":15,"column":32}},"3":{"start":{"line":17,"column":8},"end":{"line":18,"column":null}},"4":{"start":{"line":18,"column":4},"end":{"line":18,"column":null}},"5":{"start":{"line":21,"column":19},"end":{"line":21,"column":39}},"6":{"start":{"line":22,"column":22},"end":{"line":22,"column":null}},"7":{"start":{"line":23,"column":16},"end":{"line":23,"column":null}},"8":{"start":{"line":25,"column":2},"end":{"line":90,"column":null}},"9":{"start":{"line":39,"column":10},"end":{"line":52,"column":null}},"10":{"start":{"line":40,"column":12},"end":{"line":52,"column":null}},"11":{"start":{"line":49,"column":36},"end":{"line":49,"column":66}},"12":{"start":{"line":55,"column":10},"end":{"line":55,"column":null}},"13":{"start":{"line":78,"column":33},"end":{"line":78,"column":51}}},"fnMap":{"0":{"name":"(anonymous_0)","decl":{"start":{"line":6,"column":6},"end":{"line":6,"column":19}},"loc":{"start":{"line":6,"column":19},"end":{"line":90,"column":null}},"line":6},"1":{"name":"(anonymous_1)","decl":{"start":{"line":17,"column":8},"end":{"line":17,"column":32}},"loc":{"start":{"line":17,"column":43},"end":{"line":18,"column":null}},"line":17},"2":{"name":"(anonymous_2)","decl":{"start":{"line":38,"column":19},"end":{"line":38,"column":24}},"loc":{"start":{"line":38,"column":40},"end":{"line":55,"column":null}},"line":38},"3":{"name":"(anonymous_3)","decl":{"start":{"line":49,"column":21},"end":{"line":49,"column":36}},"loc":{"start":{"line":49,"column":36},"end":{"line":49,"column":66}},"line":49},"4":{"name":"(anonymous_4)","decl":{"start":{"line":78,"column":18},"end":{"line":78,"column":33}},"loc":{"start":{"line":78,"column":33},"end":{"line":78,"column":51}},"line":78}},"branchMap":{"0":{"loc":{"start":{"line":22,"column":22},"end":{"line":22,"column":null}},"type":"cond-expr","locations":[{"start":{"line":22,"column":39},"end":{"line":22,"column":43}},{"start":{"line":22,"column":43},"end":{"line":22,"column":null}}],"line":22},"1":{"loc":{"start":{"line":39,"column":10},"end":{"line":52,"column":null}},"type":"if","locations":[{"start":{"line":39,"column":10},"end":{"line":52,"column":null}},{"start":{},"end":{}}],"line":39},"2":{"loc":{"start":{"line":70,"column":19},"end":{"line":70,"column":56}},"type":"cond-expr","locations":[{"start":{"line":70,"column":36},"end":{"line":70,"column":40}},{"start":{"line":70,"column":40},"end":{"line":70,"column":56}}],"line":70},"3":{"loc":{"start":{"line":75,"column":19},"end":{"line":75,"column":50}},"type":"cond-expr","locations":[{"start":{"line":75,"column":36},"end":{"line":75,"column":40}},{"start":{"line":75,"column":40},"end":{"line":75,"column":50}}],"line":75}},"s":{"0":1,"1":9,"2":9,"3":9,"4":1,"5":9,"6":9,"7":9,"8":9,"9":18,"10":6,"11":1,"12":12,"13":1},"f":{"0":9,"1":1,"2":18,"3":1,"4":1},"b":{"0":[4,5],"1":[6,12],"2":[4,5],"3":[4,5]},"meta":{"lastBranch":4,"lastFunction":5,"lastStatement":14,"seen":{"s:6:6:90:Infinity":0,"f:6:6:6:19":0,"s:12:4:13:16":1,"s:15:8:15:32":2,"s:17:8:18:Infinity":3,"f:17:8:17:32":1,"s:18:4:18:Infinity":4,"s:21:19:21:39":5,"s:22:22:22:Infinity":6,"b:22:39:22:43:22:43:22:Infinity":0,"s:23:16:23:Infinity":7,"s:25:2:90:Infinity":8,"f:38:19:38:24":2,"b:39:10:52:Infinity:undefined:undefined:undefined:undefined":1,"s:39:10:52:Infinity":9,"s:40:12:52:Infinity":10,"f:49:21:49:36":3,"s:49:36:49:66":11,"s:55:10:55:Infinity":12,"b:70:36:70:40:70:40:70:56":2,"b:75:36:75:40:75:40:75:50":3,"f:78:18:78:33":4,"s:78:33:78:51":13}}}
,"/home/runner/work/Online_Food_DeliVary-1/Online_Food_DeliVary-1/Frontend/src/pages/Home/home.css": {"path":"/home/runner/work/Online_Food_DeliVary-1/Online_Food_DeliVary-1/Frontend/src/pages/Home/home.css","statementMap":{},"fnMap":{},"branchMap":{},"s":{},"f":{},"b":{},"meta":{"lastBranch":0,"lastFunction":0,"lastStatement":0,"seen":{}}}
,"/home/runner/work/Online_Food_DeliVary-1/Online_Food_DeliVary-1/Frontend/src/pages/Home/home.jsx": {"path":"/home/runner/work/Online_Food_DeliVary-1/Online_Food_DeliVary-1/Frontend/src/pages/Home/home.jsx","statementMap":{"0":{"start":{"line":9,"column":6},"end":{"line":19,"column":null}},"1":{"start":{"line":10,"column":2},"end":{"line":19,"column":null}}},"fnMap":{"0":{"name":"(anonymous_0)","decl":{"start":{"line":9,"column":6},"end":{"line":9,"column":19}},"loc":{"start":{"line":9,"column":19},"end":{"line":19,"column":null}},"line":9}},"branchMap":{},"s":{"0":1,"1":7},"f":{"0":7},"b":{},"meta":{"lastBranch":0,"lastFunction":1,"lastStatement":2,"seen":{"s:9:6:19:Infinity":0,"f:9:6:9:19":0,"s:10:2:19:Infinity":1}}}
,"/home/runner/work/Online_Food_DeliVary-1/Online_Food_DeliVary-1/Frontend/src/pages/Menu/menu.css": {"path":"/home/runner/work/Online_Food_DeliVary-1/Online_Food_DeliVary-1/Frontend/src/pages/Menu/menu.css","statementMap":{},"fnMap":{},"branchMap":{},"s":{},"f":{},"b":{},"meta":{"lastBranch":0,"lastFunction":0,"lastStatement":0,"seen":{}}}
[...]
,"/home/runner/work/Online_Food_DeliVary-1/Online_Food_DeliVary-1/Frontend/src/pages/Place Order/placeorder.css": {"path":"/home/runner/work/Online_Food_DeliVary-1/Online_Food_DeliVary-1/Frontend/src/pages/Place Order/placeorder.css","statementMap":{},"fnMap":{},"branchMap":{},"s":{},"f":{},"b":{},"meta":{"lastBranch":0,"lastFunction":0,"lastStatement":0,"seen":{}}}
,"/home/runner/work/Online_Food_DeliVary-1/Online_Food_DeliVary-1/Frontend/src/pages/Place Order/placeorder.jsx": {"path":"/home/runner/work/Online_Food_DeliVary-1/Online_Food_DeliVary-1/Frontend/src/pages/Place Order/placeorder.jsx","statementMap":{"0":{"start":{"line":7,"column":6},"end":{"line":119,"column":null}},"1":{"start":{"line":8,"column":61},"end":{"line":8,"column":79}},"2":{"start":{"line":9,"column":10},"end":{"line":9,"column":34}},"3":{"start":{"line":10,"column":19},"end":{"line":10,"column":47}},"4":{"start":{"line":12,"column":17},"end":{"line":22,"column":6}},"5":{"start":{"line":24,"column":10},"end":{"line":27,"column":null}},"6":{"start":{"line":25,"column":21},"end":{"line":25,"column":null}},"7":{"start":{"line":26,"column":22},"end":{"line":26,"column":null}},"8":{"start":{"line":27,"column":8},"end":{"line":27,"column":null}},"9":{"start":{"line":27,"column":25},"end":{"line":27,"column":53}},"10":{"start":{"line":30,"column":4},"end":{"line":34,"column":null}},"11":{"start":{"line":31,"column":8},"end":{"line":32,"column":null}},"12":{"start":{"line":32,"column":12},"end":{"line":32,"column":null}},"13":{"start":{"line":36,"column":23},"end":{"line":68,"column":null}},"14":{"start":{"line":37,"column":8},"end":{"line":37,"column":null}},"15":{"start":{"line":39,"column":25},"end":{"line":39,"column":27}},"16":{"start":{"line":40,"column":8},"end":{"line":45,"column":null}},"17":{"start":{"line":41,"column":12},"end":{"line":43,"column":null}},"18":{"start":{"line":42,"column":31},"end":{"line":42,"column":null}},"19":{"start":{"line":43,"column":16},"end":{"line":43,"column":null}},"20":{"start":{"line":47,"column":24},"end":{"line":52,"column":null}},"21":{"start":{"line":54,"column":8},"end":{"line":68,"column":null}},"22":{"start":{"line":55,"column":27},"end":{"line":55,"column":104}},"23":{"start":{"line":56,"column":12},"end":{"line":64,"column":null}},"24":{"start":{"line":57,"column":16},"end":{"line":61,"column":null}},"25":{"start":{"line":58,"column":44},"end":{"line":58,"column":null}},"26":{"start":{"line":59,"column":20},"end":{"line":59,"column":null}},"27":{"start":{"line":61,"column":20},"end":{"line":61,"column":null}},"28":{"start":{"line":64,"column":16},"end":{"line":64,"column":null}},"29":{"start":{"line":67,"column":12},"end":{"line":67,"column":null}},"30":{"start":{"line":68,"column":12},"end":{"line":68,"column":null}},"31":{"start":{"line":72,"column":4},"end":{"line":119,"column":null}},"32":{"start":{"line":106,"column":44},"end":{"line":106,"column":63}},"33":{"start":{"line":110,"column":44},"end":{"line":110,"column":60}}},"fnMap":{"0":{"name":"(anonymous_0)","decl":{"start":{"line":7,"column":6},"end":{"line":7,"column":25}},"loc":{"start":{"line":7,"column":25},"end":{"line":119,"column":null}},"line":7},"1":{"name":"(anonymous_1)","decl":{"start":{"line":24,"column":10},"end":{"line":24,"column":29}},"loc":{"start":{"line":24,"column":39},"end":{"line":27,"column":null}},"line":24},"2":{"name":"(anonymous_2)","decl":{"start":{"line":27,"column":8},"end":{"line":27,"column":16}},"loc":{"start":{"line":27,"column":25},"end":{"line":27,"column":53}},"line":27},"3":{"name":"(anonymous_3)","decl":{"start":{"line":30,"column":4},"end":{"line":30,"column":20}},"loc":{"start":{"line":30,"column":20},"end":{"line":34,"column":8}},"line":30},"4":{"name":"(anonymous_4)","decl":{"start":{"line":36,"column":23},"end":{"line":36,"column":30}},"loc":{"start":{"line":36,"column":40},"end":{"line":68,"column":null}},"line":36},"5":{"name":"(anonymous_5)","decl":{"start":{"line":40,"column":18},"end":{"line":40,"column":23}},"loc":{"start":{"line":40,"column":32},"end":{"line":45,"column":null}},"line":40},"6":{"name":"(anonymous_6)","decl":{"start":{"line":106,"column":29},"end":{"line":106,"column":44}},"loc":{"start":{"line":106,"column":44},"end":{"line":106,"column":63}},"line":106},"7":{"name":"(anonymous_7)","decl":{"start":{"line":110,"column":29},"end":{"line":110,"column":44}},"loc":{"start":{"line":110,"column":44},"end":{"line":110,"column":60}},"line":110}},"branchMap":{"0":{"loc":{"start":{"line":31,"column":8},"end":{"line":32,"column":null}},"type":"if","locations":[{"start":{"line":31,"column":8},"end":{"line":32,"column":null}},{"start":{},"end":{}}],"line":31},"1":{"loc":{"start":{"line":41,"column":12},"end":{"line":43,"column":null}},"type":"if","locations":[{"start":{"line":41,"column":12},"end":{"line":43,"column":null}},{"start":{},"end":{}}],"line":41},"2":{"loc":{"start":{"line":56,"column":12},"end":{"line":64,"column":null}},"type":"if","locations":[{"start":{"line":56,"column":12},"end":{"line":64,"column":null}},{"start":{"line":63,"column":19},"end":{"line":64,"column":null}}],"line":56},"3":{"loc":{"start":{"line":57,"column":16},"end":{"line":61,"column":null}},"type":"if","locations":[{"start":{"line":57,"column":16},"end":{"line":61,"column":null}},{"start":{"line":60,"column":23},"end":{"line":61,"column":null}}],"line":57},"4":{"loc":{"start":{"line":99,"column":84},"end":{"line":99,"column":123}},"type":"cond-expr","locations":[{"start":{"line":99,"column":113},"end":{"line":99,"column":117}},{"start":{"line":99,"column":117},"end":{"line":99,"column":123}}],"line":99},"5":{"loc":{"start":{"line":101,"column":77},"end":{"line":101,"column":139}},"type":"cond-expr","locations":[{"start":{"line":101,"column":106},"end":{"line":101,"column":110}},{"start":{"line":101,"column":110},"end":{"line":101,"column":139}}],"line":101},"6":{"loc":{"start":{"line":107,"column":56},"end":{"line":107,"column":101}},"type":"cond-expr","locations":[{"start":{"line":107,"column":78},"end":{"line":107,"column":89}},{"start":{"line":107,"column":89},"end":{"line":107,"column":101}}],"line":107},"7":{"loc":{"start":{"line":111,"column":56},"end":{"line":111,"column":98}},"type":"cond-expr","locations":[{"start":{"line":111,"column":75},"end":{"line":111,"column":86}},{"start":{"line":111,"column":86},"end":{"line":111,"column":98}}],"line":111},"8":{"loc":{"start":{"line":116,"column":54},"end":{"line":116,"column":null}},"type":"cond-expr","locations":[{"start":{"line":116,"column":76},"end":{"line":116,"column":88}},{"start":{"line":116,"column":88},"end":{"line":116,"column":null}}],"line":116}},"s":{"0":1,"1":53,"2":53,"3":53,"4":53,"5":53,"6":38,"7":38,"8":38,"9":38,"10":53,"11":11,"12":1,"13":53,"14":4,"15":4,"16":4,"17":8,"18":4,"19":4,"20":4,"21":4,"22":4,"23":3,"24":2,"25":1,"26":1,"27":1,"28":1,"29":1,"30":1,"31":53,"32":3,"33":1},"f":{"0":53,"1":38,"2":38,"3":11,"4":4,"5":8,"6":3,"7":1},"b":{"0":[1,10],"1":[4,4],"2":[2,1],"3":[1,1],"4":[1,52],"5":[1,52],"6":[12,41],"7":[41,12],"8":[12,41]},"meta":{"lastBranch":9,"lastFunction":8,"lastStatement":34,"seen":{"s:7:6:119:Infinity":0,"f:7:6:7:25":0,"s:8:61:8:79":1,"s:9:10:9:34":2,"s:10:19:10:47":3,"s:12:17:22:6":4,"s:24:10:27:Infinity":5,"f:24:10:24:29":1,"s:25:21:25:Infinity":6,"s:26:22:26:Infinity":7,"s:27:8:27:Infinity":8,"f:27:8:27:16":2,"s:27:25:27:53":9,"s:30:4:34:Infinity":10,"f:30:4:30:20":3,"b:31:8:32:Infinity:undefined:undefined:undefined:undefined":0,"s:31:8:32:Infinity":11,"s:32:12:32:Infinity":12,"s:36:23:68:Infinity":13,"f:36:23:36:30":4,"s:37:8:37:Infinity":14,"s:39:25:39:27":15,"s:40:8:45:Infinity":16,"f:40:18:40:23":5,"b:41:12:43:Infinity:undefined:undefined:undefined:undefined":1,"s:41:12:43:Infinity":17,"s:42:31:42:Infinity":18,"s:43:16:43:Infinity":19,"s:47:24:52:Infinity":20,"s:54:8:68:Infinity":21,"s:55:27:55:104":22,"b:56:12:64:Infinity:63:19:64:Infinity":2,"s:56:12:64:Infinity":23,"b:57:16:61:Infinity:60:23:61:Infinity":3,"s:57:16:61:Infinity":24,"s:58:44:58:Infinity":25,"s:59:20:59:Infinity":26,"s:61:20:61:Infinity":27,"s:64:16:64:Infinity":28,"s:67:12:67:Infinity":29,"s:68:12:68:Infinity":30,"s:72:4:119:Infinity":31,"b:99:113:99:117:99:117:99:123":4,"b:101:106:101:110:101:110:101:139":5,"f:106:29:106:44":6,"s:106:44:106:63":32,"b:107:78:107:89:107:89:107:101":6,"f:110:29:110:44":7,"s:110:44:110:60":33,"b:111:75:111:86:111:86:111:98":7,"b:116:76:116:88:116:88:116:Infinity":8}}}
,"/home/runner/work/Online_Food_DeliVary-1/Online_Food_DeliVary-1/Frontend/src/pages/myOrders/myOrders.jsx": {"path":"/home/runner/work/Online_Food_DeliVary-1/Online_Food_DeliVary-1/Frontend/src/pages/myOrders/myOrders.jsx","statementMap":{},"fnMap":{},"branchMap":{},"s":{},"f":{},"b":{},"meta":{"lastBranch":0,"lastFunction":0,"lastStatement":0,"seen":{}}}
,"/home/runner/work/Online_Food_DeliVary-1/Online_Food_DeliVary-1/Frontend/src/pages/myOrders/myorders.css": {"path":"/home/runner/work/Online_Food_DeliVary-1/Online_Food_DeliVary-1/Frontend/src/pages/myOrders/myorders.css","statementMap":{},"fnMap":{},"branchMap":{},"s":{},"f":{},"b":{},"meta":{"lastBranch":0,"lastFunction":0,"lastStatement":0,"seen":{}}}
,"/home/runner/work/Online_Food_DeliVary-1/Online_Food_DeliVary-1/Frontend/src/pages/myOrders/myorders.jsx": {"path":"/home/runner/work/Online_Food_DeliVary-1/Online_Food_DeliVary-1/Frontend/src/pages/myOrders/myorders.jsx","statementMap":{"0":{"start":{"line":7,"column":6},"end":{"line":55,"column":null}},"1":{"start":{"line":8,"column":17},"end":{"line":8,"column":37}},"2":{"start":{"line":9,"column":17},"end":{"line":9,"column":40}},"3":{"start":{"line":10,"column":18},"end":{"line":10,"column":44}},"4":{"start":{"line":12,"column":24},"end":{"line":20,"column":null}},"5":{"start":{"line":13,"column":8},"end":{"line":20,"column":null}},"6":{"start":{"line":14,"column":12},"end":{"line":14,"column":null}},"7":{"start":{"line":15,"column":29},"end":{"line":15,"column":104}},"8":{"start":{"line":16,"column":12},"end":{"line":16,"column":null}},"9":{"start":{"line":18,"column":12},"end":{"line":18,"column":null}},"10":{"start":{"line":19,"column":12},"end":{"line":19,"column":null}},"11":{"start":{"line":20,"column":12},"end":{"line":20,"column":null}},"12":{"start":{"line":24,"column":4},"end":{"line":28,"column":null}},"13":{"start":{"line":25,"column":8},"end":{"line":26,"column":null}},"14":{"start":{"line":26,"column":12},"end":{"line":26,"column":null}},"15":{"start":{"line":30,"column":4},"end":{"line":55,"column":null}},"16":{"start":{"line":37,"column":20},"end":{"line":51,"column":null}},"17":{"start":{"line":41,"column":32},"end":{"line":44,"column":null}},"18":{"start":{"line":42,"column":36},"end":{"line":42,"column":null}},"19":{"start":{"line":44,"column":36},"end":{"line":44,"column":null}}},"fnMap":{"0":{"name":"(anonymous_0)","decl":{"start":{"line":7,"column":6},"end":{"line":7,"column":23}},"loc":{"start":{"line":7,"column":23},"end":{"line":55,"column":null}},"line":7},"1":{"name":"(anonymous_1)","decl":{"start":{"line":12,"column":24},"end":{"line":12,"column":36}},"loc":{"start":{"line":12,"column":36},"end":{"line":20,"column":null}},"line":12},"2":{"name":"(anonymous_2)","decl":{"start":{"line":24,"column":4},"end":{"line":24,"column":20}},"loc":{"start":{"line":24,"column":20},"end":{"line":28,"column":8}},"line":24},"3":{"name":"(anonymous_3)","decl":{"start":{"line":36,"column":22},"end":{"line":36,"column":27}},"loc":{"start":{"line":36,"column":44},"end":{"line":53,"column":null}},"line":36},"4":{"name":"(anonymous_4)","decl":{"start":{"line":40,"column":44},"end":{"line":40,"column":49}},"loc":{"start":{"line":40,"column":65},"end":{"line":46,"column":35}},"line":40}},"branchMap":{"0":{"loc":{"start":{"line":25,"column":8},"end":{"line":26,"column":null}},"type":"if","locations":[{"start":{"line":25,"column":8},"end":{"line":26,"column":null}},{"start":{},"end":{}}],"line":25},"1":{"loc":{"start":{"line":33,"column":13},"end":{"line":33,"column":null}},"type":"binary-expr","locations":[{"start":{"line":33,"column":13},"end":{"line":33,"column":22}},{"start":{"line":33,"column":22},"end":{"line":33,"column":null}}],"line":33},"2":{"loc":{"start":{"line":35,"column":17},"end":{"line":35,"column":null}},"type":"binary-expr","locations":[{"start":{"line":35,"column":17},"end":{"line":35,"column":38}},{"start":{"line":35,"column":38},"end":{"line":35,"column":48}},{"start":{"line":35,"column":48},"end":{"line":35,"column":null}}],"line":35},"3":{"loc":{"start":{"line":41,"column":32},"end":{"line":44,"column":null}},"type":"if","locations":[{"start":{"line":41,"column":32},"end":{"line":44,"column":null}},{"start":{"line":43,"column":39},"end":{"line":44,"column":null}}],"line":41}},"s":{"0":1,"1":15,"2":15,"3":15,"4":15,"5":8,"6":8,"7":8,"8":7,"9":1,"10":1,"11":1,"12":15,"13":8,"14":7,"15":15,"16":4,"17":5,"18":4,"19":1},"f":{"0":15,"1":8,"2":8,"3":4,"4":5},"b":{"0":[7,1],"1":[15,1],"2":[15,11,10],"3":[4,1]},"meta":{"lastBranch":4,"lastFunction":5,"lastStatement":20,"seen":{"s:7:6:55:Infinity":0,"f:7:6:7:23":0,"s:8:17:8:37":1,"s:9:17:9:40":2,"s:10:18:10:44":3,"s:12:24:20:Infinity":4,"f:12:24:12:36":1,"s:13:8:20:Infinity":5,"s:14:12:14:Infinity":6,"s:15:29:15:104":7,"s:16:12:16:Infinity":8,"s:18:12:18:Infinity":9,"s:19:12:19:Infinity":10,"s:20:12:20:Infinity":11,"s:24:4:28:Infinity":12,"f:24:4:24:20":2,"b:25:8:26:Infinity:undefined:undefined:undefined:undefined":0,"s:25:8:26:Infinity":13,"s:26:12:26:Infinity":14,"s:30:4:55:Infinity":15,"b:33:13:33:22:33:22:33:Infinity":1,"b:35:17:35:38:35:38:35:48:35:48:35:Infinity":2,"f:36:22:36:27":3,"s:37:20:51:Infinity":16,"f:40:44:40:49":4,"b:41:32:44:Infinity:43:39:44:Infinity":3,"s:41:32:44:Infinity":17,"s:42:36:42:Infinity":18,"s:44:36:44:Infinity":19}}}
,"/home/runner/work/Online_Food_DeliVary-1/Online_Food_DeliVary-1/Frontend/src/pages/verify/verify.jsx": {"path":"/home/runner/work/Online_Food_DeliVary-1/Online_Food_DeliVary-1/Frontend/src/pages/verify/verify.jsx","statementMap":{"0":{"start":{"line":3,"column":6},"end":{"line":4,"column":null}},"1":{"start":{"line":4,"column":2},"end":{"line":4,"column":null}}},"fnMap":{"0":{"name":"(anonymous_0)","decl":{"start":{"line":3,"column":6},"end":{"line":3,"column":21}},"loc":{"start":{"line":3,"column":21},"end":{"line":4,"column":null}},"line":3}},"branchMap":{},"s":{"0":0,"1":0},"f":{"0":0},"b":{},"meta":{"lastBranch":0,"lastFunction":1,"lastStatement":2,"seen":{"s:3:6:4:Infinity":0,"f:3:6:3:21":0,"s:4:2:4:Infinity":1}}}
,"/home/runner/work/Online_Food_DeliVary-1/Online_Food_DeliVary-1/Frontend/src/services/authService.js": {"path":"/home/runner/work/Online_Food_DeliVary-1/Online_Food_DeliVary-1/Frontend/src/services/authService.js","statementMap":{"0":{"start":{"line":12,"column":4},"end":{"line":12,"column":null}},"1":{"start":{"line":17,"column":4},"end":{"line":45,"column":null}},"2":{"start":{"line":18,"column":21},"end":{"line":18,"column":64}},"3":{"start":{"line":19,"column":19},"end":{"line":19,"column":null}},"4":{"start":{"line":22,"column":23},"end":{"line":28,"column":null}},"5":{"start":{"line":31,"column":23},"end":{"line":31,"column":86}},"6":{"start":{"line":33,"column":6},"end":{"line":41,"column":null}},"7":{"start":{"line":34,"column":8},"end":{"line":34,"column":null}},"8":{"start":{"line":35,"column":8},"end":{"line":39,"column":null}},"9":{"start":{"line":41,"column":8},"end":{"line":41,"column":null}},"10":{"start":{"line":44,"column":6},"end":{"line":44,"column":null}},"11":{"start":{"line":45,"column":6},"end":{"line":45,"column":null}},"12":{"start":{"line":51,"column":4},"end":{"line":79,"column":null}},"13":{"start":{"line":52,"column":21},"end":{"line":52,"column":66}},"14":{"start":{"line":53,"column":19},"end":{"line":53,"column":null}},"15":{"start":{"line":56,"column":23},"end":{"line":62,"column":null}},"16":{"start":{"line":65,"column":23},"end":{"line":65,"column":86}},"17":{"start":{"line":67,"column":6},"end":{"line":75,"column":null}},"18":{"start":{"line":68,"column":8},"end":{"line":68,"column":null}},"19":{"start":{"line":69,"column":8},"end":{"line":73,"column":null}},"20":{"start":{"line":75,"column":8},"end":{"line":75,"column":null}},"21":{"start":{"line":78,"column":6},"end":{"line":78,"column":null}},"22":{"start":{"line":79,"column":6},"end":{"line":79,"column":null}},"23":{"start":{"line":85,"column":4},"end":{"line":91,"column":null}},"24":{"start":{"line":86,"column":6},"end":{"line":86,"column":null}},"25":{"start":{"line":87,"column":6},"end":{"line":87,"column":null}},"26":{"start":{"line":88,"column":6},"end":{"line":88,"column":null}},"27":{"start":{"line":90,"column":6},"end":{"line":90,"column":null}},"28":{"start":{"line":91,"column":6},"end":{"line":91,"column":null}},"29":{"start":{"line":97,"column":4},"end":{"line":97,"column":null}},"30":{"start":{"line":102,"column":4},"end":{"line":102,"column":null}},"31":{"start":{"line":106,"column":27},"end":{"line":106,"column":44}}},"fnMap":{"0":{"name":"(anonymous_0)","decl":{"start":{"line":11,"column":2},"end":{"line":11,"column":16}},"loc":{"start":{"line":11,"column":16},"end":{"line":12,"column":null}},"line":11},"1":{"name":"(anonymous_1)","decl":{"start":{"line":16,"column":8},"end":{"line":16,"column":27}},"loc":{"start":{"line":16,"column":27},"end":{"line":45,"column":null}},"line":16},"2":{"name":"(anonymous_2)","decl":{"start":{"line":50,"column":8},"end":{"line":50,"column":29}},"loc":{"start":{"line":50,"column":29},"end":{"line":79,"column":null}},"line":50},"3":{"name":"(anonymous_3)","decl":{"start":{"line":84,"column":8},"end":{"line":84,"column":18}},"loc":{"start":{"line":84,"column":18},"end":{"line":91,"column":null}},"line":84},"4":{"name":"(anonymous_4)","decl":{"start":{"line":96,"column":2},"end":{"line":96,"column":20}},"loc":{"start":{"line":96,"column":30},"end":{"line":97,"column":null}},"line":96},"5":{"name":"(anonymous_5)","decl":{"start":{"line":101,"column":2},"end":{"line":101,"column":20}},"loc":{"start":{"line":101,"column":20},"end":{"line":102,"column":null}},"line":101}},"branchMap":{"0":{"loc":{"start":{"line":33,"column":6},"end":{"line":41,"column":null}},"type":"if","locations":[{"start":{"line":33,"column":6},"end":{"line":41,"column":null}},{"start":{"line":40,"column":13},"end":{"line":41,"column":null}}],"line":33},"1":{"loc":{"start":{"line":67,"column":6},"end":{"line":75,"column":null}},"type":"if","locations":[{"start":{"line":67,"column":6},"end":{"line":75,"column":null}},{"start":{"line":74,"column":13},"end":{"line":75,"column":null}}],"line":67}},"s":{"0":1,"1":3,"2":3,"3":2,"4":2,"5":2,"6":2,"7":1,"8":1,"9":1,"10":2,"11":2,"12":3,"13":3,"14":2,"15":2,"16":2,"17":2,"18":1,"19":1,"20":1,"21":2,"22":2,"23":2,"24":2,"25":1,"26":1,"27":1,"28":1,"29":1,"30":2,"31":1},"f":{"0":1,"1":3,"2":3,"3":2,"4":1,"5":2},"b":{"0":[1,1],"1":[1,1]},"meta":{"lastBranch":2,"lastFunction":6,"lastStatement":32,"seen":{"f:11:2:11:16":0,"s:12:4:12:Infinity":0,"f:16:8:16:27":1,"s:17:4:45:Infinity":1,"s:18:21:18:64":2,"s:19:19:19:Infinity":3,"s:22:23:28:Infinity":4,"s:31:23:31:86":5,"b:33:6:41:Infinity:40:13:41:Infinity":0,"s:33:6:41:Infinity":6,"s:34:8:34:Infinity":7,"s:35:8:39:Infinity":8,"s:41:8:41:Infinity":9,"s:44:6:44:Infinity":10,"s:45:6:45:Infinity":11,"f:50:8:50:29":2,"s:51:4:79:Infinity":12,"s:52:21:52:66":13,"s:53:19:53:Infinity":14,"s:56:23:62:Infinity":15,"s:65:23:65:86":16,"b:67:6:75:Infinity:74:13:75:Infinity":1,"s:67:6:75:Infinity":17,"s:68:8:68:Infinity":18,"s:69:8:73:Infinity":19,"s:75:8:75:Infinity":20,"s:78:6:78:Infinity":21,"s:79:6:79:Infinity":22,"f:84:8:84:18":3,"s:85:4:91:Infinity":23,"s:86:6:86:Infinity":24,"s:87:6:87:Infinity":25,"s:88:6:88:Infinity":26,"s:90:6:90:Infinity":27,"s:91:6:91:Infinity":28,"f:96:2:96:20":4,"s:97:4:97:Infinity":29,"f:101:2:101:20":5,"s:102:4:102:Infinity":30,"s:106:27:106:44":31}}}
}
