{"/home/runner/work/Online_Food_DeliVary-1/Online_Food_DeliVary-1/backend/src/controllers/CartController.js": {"path":"/home/runner/work/Online_Food_DeliVary-1/Online_Food_DeliVary-1/backend/src/controllers/CartController.js","statementMap":{"0":{"start":{"line":8,"column":14},"end":{"line":28,"column":null}},"1":{"start":{"line":30,"column":19},"end":{"line":48,"column":null}},"2":{"start":{"line":50,"column":12},"end":{"line":62,"column":null}},"3":{"start":{"line":64,"column":14},"end":{"line":72,"column":null}},"4":{"start":{"line":5,"column":4},"end":{"line":5,"column":null}},"5":{"start":{"line":9,"column":4},"end":{"line":27,"column":null}},"6":{"start":{"line":10,"column":23},"end":{"line":10,"column":69}},"7":{"start":{"line":11,"column":6},"end":{"line":13,"column":null}},"8":{"start":{"line":12,"column":8},"end":{"line":12,"column":null}},"9":{"start":{"line":14,"column":23},"end":{"line":14,"column":40}},"10":{"start":{"line":16,"column":6},"end":{"line":20,"column":null}},"11":{"start":{"line":17,"column":8},"end":{"line":17,"column":null}},"12":{"start":{"line":19,"column":8},"end":{"line":19,"column":null}},"13":{"start":{"line":22,"column":6},"end":{"line":22,"column":null}},"14":{"start":{"line":23,"column":6},"end":{"line":23,"column":null}},"15":{"start":{"line":25,"column":6},"end":{"line":25,"column":null}},"16":{"start":{"line":26,"column":6},"end":{"line":26,"column":null}},"17":{"start":{"line":31,"column":4},"end":{"line":47,"column":null}},"18":{"start":{"line":32,"column":23},"end":{"line":32,"column":69}},"19":{"start":{"line":33,"column":6},"end":{"line":35,"column":null}},"20":{"start":{"line":34,"column":8},"end":{"line":34,"column":null}},"21":{"start":{"line":36,"column":23},"end":{"line":36,"column":40}},"22":{"start":{"line":38,"column":6},"end":{"line":40,"column":null}},"23":{"start":{"line":39,"column":8},"end":{"line":39,"column":null}},"24":{"start":{"line":42,"column":6},"end":{"line":42,"column":null}},"25":{"start":{"line":43,"column":6},"end":{"line":43,"column":null}},"26":{"start":{"line":45,"column":6},"end":{"line":45,"column":null}},"27":{"start":{"line":46,"column":6},"end":{"line":46,"column":null}},"28":{"start":{"line":51,"column":4},"end":{"line":61,"column":null}},"29":{"start":{"line":52,"column":23},"end":{"line":52,"column":69}},"30":{"start":{"line":53,"column":6},"end":{"line":55,"column":null}},"31":{"start":{"line":54,"column":8},"end":{"line":54,"column":null}},"32":{"start":{"line":56,"column":23},"end":{"line":56,"column":40}},"33":{"start":{"line":57,"column":6},"end":{"line":57,"column":null}},"34":{"start":{"line":59,"column":6},"end":{"line":59,"column":null}},"35":{"start":{"line":60,"column":6},"end":{"line":60,"column":null}},"36":{"start":{"line":65,"column":4},"end":{"line":71,"column":null}},"37":{"start":{"line":66,"column":6},"end":{"line":66,"column":null}},"38":{"start":{"line":67,"column":6},"end":{"line":67,"column":null}},"39":{"start":{"line":69,"column":6},"end":{"line":69,"column":null}},"40":{"start":{"line":70,"column":6},"end":{"line":70,"column":null}}},"fnMap":{"0":{"name":"(anonymous_0)","decl":{"start":{"line":4,"column":2},"end":{"line":4,"column":13}},"loc":{"start":{"line":4,"column":16},"end":{"line":6,"column":null}},"line":4},"1":{"name":"(anonymous_1)","decl":{"start":{"line":8,"column":14},"end":{"line":8,"column":19}},"loc":{"start":{"line":8,"column":34},"end":{"line":28,"column":null}},"line":8},"2":{"name":"(anonymous_2)","decl":{"start":{"line":30,"column":19},"end":{"line":30,"column":24}},"loc":{"start":{"line":30,"column":39},"end":{"line":48,"column":null}},"line":30},"3":{"name":"(anonymous_3)","decl":{"start":{"line":50,"column":12},"end":{"line":50,"column":17}},"loc":{"start":{"line":50,"column":32},"end":{"line":62,"column":null}},"line":50},"4":{"name":"(anonymous_4)","decl":{"start":{"line":64,"column":14},"end":{"line":64,"column":19}},"loc":{"start":{"line":64,"column":34},"end":{"line":72,"column":null}},"line":64}},"branchMap":{"0":{"loc":{"start":{"line":11,"column":6},"end":{"line":13,"column":null}},"type":"if","locations":[{"start":{"line":11,"column":6},"end":{"line":13,"column":null}},{"start":{},"end":{}}],"line":11},"1":{"loc":{"start":{"line":16,"column":6},"end":{"line":20,"column":null}},"type":"if","locations":[{"start":{"line":16,"column":6},"end":{"line":20,"column":null}},{"start":{"line":18,"column":13},"end":{"line":20,"column":null}}],"line":16},"2":{"loc":{"start":{"line":33,"column":6},"end":{"line":35,"column":null}},"type":"if","locations":[{"start":{"line":33,"column":6},"end":{"line":35,"column":null}},{"start":{},"end":{}}],"line":33},"3":{"loc":{"start":{"line":38,"column":6},"end":{"line":40,"column":null}},"type":"if","locations":[{"start":{"line":38,"column":6},"end":{"line":40,"column":null}},{"start":{},"end":{}}],"line":38},"4":{"loc":{"start":{"line":53,"column":6},"end":{"line":55,"column":null}},"type":"if","locations":[{"start":{"line":53,"column":6},"end":{"line":55,"column":null}},{"start":{},"end":{}}],"line":53}},"s":{"0":4,"1":3,"2":3,"3":2,"4":1,"5":4,"6":4,"7":3,"8":1,"9":2,"10":2,"11":1,"12":1,"13":2,"14":2,"15":1,"16":1,"17":3,"18":3,"19":2,"20":1,"21":1,"22":1,"23":1,"24":1,"25":1,"26":1,"27":1,"28":3,"29":3,"30":2,"31":1,"32":1,"33":1,"34":1,"35":1,"36":2,"37":2,"38":1,"39":1,"40":1},"f":{"0":1,"1":4,"2":3,"3":3,"4":2},"b":{"0":[1,2],"1":[1,1],"2":[1,1],"3":[1,0],"4":[1,1]},"meta":{"lastBranch":5,"lastFunction":5,"lastStatement":41,"seen":{"s:8:14:28:Infinity":0,"s:30:19:48:Infinity":1,"s:50:12:62:Infinity":2,"s:64:14:72:Infinity":3,"f:4:2:4:13":0,"s:5:4:5:Infinity":4,"f:8:14:8:19":1,"s:9:4:27:Infinity":5,"s:10:23:10:69":6,"b:11:6:13:Infinity:undefined:undefined:undefined:undefined":0,"s:11:6:13:Infinity":7,"s:12:8:12:Infinity":8,"s:14:23:14:40":9,"b:16:6:20:Infinity:18:13:20:Infinity":1,"s:16:6:20:Infinity":10,"s:17:8:17:Infinity":11,"s:19:8:19:Infinity":12,"s:22:6:22:Infinity":13,"s:23:6:23:Infinity":14,"s:25:6:25:Infinity":15,"s:26:6:26:Infinity":16,"f:30:19:30:24":2,"s:31:4:47:Infinity":17,"s:32:23:32:69":18,"b:33:6:35:Infinity:undefined:undefined:undefined:undefined":2,"s:33:6:35:Infinity":19,"s:34:8:34:Infinity":20,"s:36:23:36:40":21,"b:38:6:40:Infinity:undefined:undefined:undefined:undefined":3,"s:38:6:40:Infinity":22,"s:39:8:39:Infinity":23,"s:42:6:42:Infinity":24,"s:43:6:43:Infinity":25,"s:45:6:45:Infinity":26,"s:46:6:46:Infinity":27,"f:50:12:50:17":3,"s:51:4:61:Infinity":28,"s:52:23:52:69":29,"b:53:6:55:Infinity:undefined:undefined:undefined:undefined":4,"s:53:6:55:Infinity":30,"s:54:8:54:Infinity":31,"s:56:23:56:40":32,"s:57:6:57:Infinity":33,"s:59:6:59:Infinity":34,"s:60:6:60:Infinity":35,"f:64:14:64:19":4,"s:65:4:71:Infinity":36,"s:66:6:66:Infinity":37,"s:67:6:67:Infinity":38,"s:69:6:69:Infinity":39,"s:70:6:70:Infinity":40}}}
,"/home/runner/work/Online_Food_DeliVary-1/Online_Food_DeliVary-1/backend/src/controllers/FoodController.js": {"path":"/home/runner/work/Online_Food_DeliVary-1/Online_Food_DeliVary-1/backend/src/controllers/FoodController.js","statementMap":{"0":{"start":{"line":11,"column":12},"end":{"line":51,"column":3}},"1":{"start":{"line":53,"column":13},"end":{"line":67,"column":3}},"2":{"start":{"line":69,"column":15},"end":{"line":112,"column":3}},"3":{"start":{"line":114,"column":15},"end":{"line":152,"column":3}},"4":{"start":{"line":154,"column":15},"end":{"line":169,"column":3}},"5":{"start":{"line":8,"column":4},"end":{"line":8,"column":31}},"6":{"start":{"line":12,"column":4},"end":{"line":50,"column":5}},"7":{"start":{"line":13,"column":6},"end":{"line":18,"column":7}},"8":{"start":{"line":14,"column":8},"end":{"line":17,"column":11}},"9":{"start":{"line":20,"column":19},"end":{"line":27,"column":8}},"10":{"start":{"line":29,"column":6},"end":{"line":33,"column":9}},"11":{"start":{"line":35,"column":6},"end":{"line":35,"column":54}},"12":{"start":{"line":37,"column":6},"end":{"line":44,"column":7}},"13":{"start":{"line":38,"column":25},"end":{"line":38,"column":76}},"14":{"start":{"line":38,"column":64},"end":{"line":38,"column":75}},"15":{"start":{"line":39,"column":8},"end":{"line":43,"column":11}},"16":{"start":{"line":46,"column":6},"end":{"line":49,"column":9}},"17":{"start":{"line":54,"column":4},"end":{"line":66,"column":5}},"18":{"start":{"line":55,"column":20},"end":{"line":55,"column":50}},"19":{"start":{"line":56,"column":6},"end":{"line":59,"column":9}},"20":{"start":{"line":61,"column":6},"end":{"line":61,"column":52}},"21":{"start":{"line":62,"column":6},"end":{"line":65,"column":9}},"22":{"start":{"line":70,"column":4},"end":{"line":111,"column":5}},"23":{"start":{"line":71,"column":22},"end":{"line":71,"column":37}},"24":{"start":{"line":73,"column":6},"end":{"line":75,"column":7}},"25":{"start":{"line":74,"column":8},"end":{"line":74,"column":42}},"26":{"start":{"line":77,"column":6},"end":{"line":79,"column":7}},"27":{"start":{"line":78,"column":8},"end":{"line":78,"column":46}},"28":{"start":{"line":81,"column":19},"end":{"line":81,"column":74}},"29":{"start":{"line":83,"column":6},"end":{"line":88,"column":7}},"30":{"start":{"line":84,"column":8},"end":{"line":87,"column":11}},"31":{"start":{"line":90,"column":6},"end":{"line":94,"column":9}},"32":{"start":{"line":96,"column":6},"end":{"line":96,"column":56}},"33":{"start":{"line":98,"column":6},"end":{"line":105,"column":7}},"34":{"start":{"line":99,"column":25},"end":{"line":99,"column":76}},"35":{"start":{"line":99,"column":64},"end":{"line":99,"column":75}},"36":{"start":{"line":100,"column":8},"end":{"line":104,"column":11}},"37":{"start":{"line":107,"column":6},"end":{"line":110,"column":9}},"38":{"start":{"line":115,"column":4},"end":{"line":151,"column":5}},"39":{"start":{"line":116,"column":6},"end":{"line":121,"column":7}},"40":{"start":{"line":117,"column":8},"end":{"line":120,"column":11}},"41":{"start":{"line":123,"column":19},"end":{"line":123,"column":61}},"42":{"start":{"line":125,"column":6},"end":{"line":130,"column":7}},"43":{"start":{"line":126,"column":8},"end":{"line":129,"column":11}},"44":{"start":{"line":132,"column":6},"end":{"line":137,"column":7}},"45":{"start":{"line":133,"column":25},"end":{"line":133,"column":68}},"46":{"start":{"line":134,"column":8},"end":{"line":136,"column":9}},"47":{"start":{"line":135,"column":10},"end":{"line":135,"column":34}},"48":{"start":{"line":139,"column":6},"end":{"line":139,"column":51}},"49":{"start":{"line":141,"column":6},"end":{"line":144,"column":9}},"50":{"start":{"line":146,"column":6},"end":{"line":146,"column":56}},"51":{"start":{"line":147,"column":6},"end":{"line":150,"column":9}},"52":{"start":{"line":155,"column":4},"end":{"line":168,"column":5}},"53":{"start":{"line":156,"column":24},"end":{"line":156,"column":33}},"54":{"start":{"line":157,"column":20},"end":{"line":157,"column":54}},"55":{"start":{"line":158,"column":6},"end":{"line":161,"column":9}},"56":{"start":{"line":163,"column":6},"end":{"line":163,"column":53}},"57":{"start":{"line":164,"column":6},"end":{"line":167,"column":9}}},"fnMap":{"0":{"name":"(anonymous_0)","decl":{"start":{"line":7,"column":2},"end":{"line":7,"column":13}},"loc":{"start":{"line":7,"column":16},"end":{"line":9,"column":3}},"line":7},"1":{"name":"(anonymous_1)","decl":{"start":{"line":11,"column":12},"end":{"line":11,"column":17}},"loc":{"start":{"line":11,"column":32},"end":{"line":51,"column":3}},"line":11},"2":{"name":"(anonymous_2)","decl":{"start":{"line":38,"column":57},"end":{"line":38,"column":60}},"loc":{"start":{"line":38,"column":64},"end":{"line":38,"column":75}},"line":38},"3":{"name":"(anonymous_3)","decl":{"start":{"line":53,"column":13},"end":{"line":53,"column":18}},"loc":{"start":{"line":53,"column":33},"end":{"line":67,"column":3}},"line":53},"4":{"name":"(anonymous_4)","decl":{"start":{"line":69,"column":15},"end":{"line":69,"column":20}},"loc":{"start":{"line":69,"column":35},"end":{"line":112,"column":3}},"line":69},"5":{"name":"(anonymous_5)","decl":{"start":{"line":99,"column":57},"end":{"line":99,"column":60}},"loc":{"start":{"line":99,"column":64},"end":{"line":99,"column":75}},"line":99},"6":{"name":"(anonymous_6)","decl":{"start":{"line":114,"column":15},"end":{"line":114,"column":20}},"loc":{"start":{"line":114,"column":35},"end":{"line":152,"column":3}},"line":114},"7":{"name":"(anonymous_7)","decl":{"start":{"line":154,"column":15},"end":{"line":154,"column":20}},"loc":{"start":{"line":154,"column":35},"end":{"line":169,"column":3}},"line":154}},"branchMap":{"0":{"loc":{"start":{"line":13,"column":6},"end":{"line":18,"column":7}},"type":"if","locations":[{"start":{"line":13,"column":6},"end":{"line":18,"column":7}},{"start":{},"end":{}}],"line":13},"1":{"loc":{"start":{"line":13,"column":10},"end":{"line":13,"column":56}},"type":"binary-expr","locations":[{"start":{"line":13,"column":10},"end":{"line":13,"column":24}},{"start":{"line":13,"column":28},"end":{"line":13,"column":43}},{"start":{"line":13,"column":47},"end":{"line":13,"column":56}}],"line":13},"2":{"loc":{"start":{"line":22,"column":21},"end":{"line":22,"column":47}},"type":"binary-expr","locations":[{"start":{"line":22,"column":21},"end":{"line":22,"column":41}},{"start":{"line":22,"column":45},"end":{"line":22,"column":47}}],"line":22},"3":{"loc":{"start":{"line":24,"column":18},"end":{"line":24,"column":46}},"type":"binary-expr","locations":[{"start":{"line":24,"column":18},"end":{"line":24,"column":35}},{"start":{"line":24,"column":39},"end":{"line":24,"column":46}}],"line":24},"4":{"loc":{"start":{"line":26,"column":21},"end":{"line":26,"column":85}},"type":"cond-expr","locations":[{"start":{"line":26,"column":58},"end":{"line":26,"column":78}},{"start":{"line":26,"column":81},"end":{"line":26,"column":85}}],"line":26},"5":{"loc":{"start":{"line":37,"column":6},"end":{"line":44,"column":7}},"type":"if","locations":[{"start":{"line":37,"column":6},"end":{"line":44,"column":7}},{"start":{},"end":{}}],"line":37},"6":{"loc":{"start":{"line":73,"column":6},"end":{"line":75,"column":7}},"type":"if","locations":[{"start":{"line":73,"column":6},"end":{"line":75,"column":7}},{"start":{},"end":{}}],"line":73},"7":{"loc":{"start":{"line":77,"column":6},"end":{"line":79,"column":7}},"type":"if","locations":[{"start":{"line":77,"column":6},"end":{"line":79,"column":7}},{"start":{},"end":{}}],"line":77},"8":{"loc":{"start":{"line":83,"column":6},"end":{"line":88,"column":7}},"type":"if","locations":[{"start":{"line":83,"column":6},"end":{"line":88,"column":7}},{"start":{},"end":{}}],"line":83},"9":{"loc":{"start":{"line":98,"column":6},"end":{"line":105,"column":7}},"type":"if","locations":[{"start":{"line":98,"column":6},"end":{"line":105,"column":7}},{"start":{},"end":{}}],"line":98},"10":{"loc":{"start":{"line":116,"column":6},"end":{"line":121,"column":7}},"type":"if","locations":[{"start":{"line":116,"column":6},"end":{"line":121,"column":7}},{"start":{},"end":{}}],"line":116},"11":{"loc":{"start":{"line":125,"column":6},"end":{"line":130,"column":7}},"type":"if","locations":[{"start":{"line":125,"column":6},"end":{"line":130,"column":7}},{"start":{},"end":{}}],"line":125},"12":{"loc":{"start":{"line":132,"column":6},"end":{"line":137,"column":7}},"type":"if","locations":[{"start":{"line":132,"column":6},"end":{"line":137,"column":7}},{"start":{},"end":{}}],"line":132},"13":{"loc":{"start":{"line":134,"column":8},"end":{"line":136,"column":9}},"type":"if","locations":[{"start":{"line":134,"column":8},"end":{"line":136,"column":9}},{"start":{},"end":{}}],"line":134}},"s":{"0":4,"1":2,"2":5,"3":5,"4":3,"5":1,"6":4,"7":4,"8":1,"9":3,"10":1,"11":2,"12":2,"13":1,"14":1,"15":1,"16":1,"17":2,"18":2,"19":1,"20":1,"21":1,"22":5,"23":5,"24":5,"25":1,"26":5,"27":1,"28":5,"29":3,"30":1,"31":2,"32":2,"33":2,"34":1,"35":1,"36":1,"37":1,"38":5,"39":5,"40":1,"41":4,"42":3,"43":1,"44":2,"45":1,"46":1,"47":1,"48":2,"49":2,"50":1,"51":1,"52":3,"53":3,"54":3,"55":2,"56":1,"57":1},"f":{"0":1,"1":4,"2":1,"3":2,"4":5,"5":1,"6":5,"7":3},"b":{"0":[1,3],"1":[4,3,3],"2":[3,3],"3":[4,1],"4":[0,3],"5":[1,1],"6":[1,4],"7":[1,4],"8":[1,2],"9":[1,1],"10":[1,4],"11":[1,2],"12":[1,1],"13":[1,0]},"meta":{"lastBranch":14,"lastFunction":8,"lastStatement":58,"seen":{"s:11:12:51:3":0,"s:53:13:67:3":1,"s:69:15:112:3":2,"s:114:15:152:3":3,"s:154:15:169:3":4,"f:7:2:7:13":0,"s:8:4:8:31":5,"f:11:12:11:17":1,"s:12:4:50:5":6,"b:13:6:18:7:undefined:undefined:undefined:undefined":0,"s:13:6:18:7":7,"b:13:10:13:24:13:28:13:43:13:47:13:56":1,"s:14:8:17:11":8,"s:20:19:27:8":9,"b:22:21:22:41:22:45:22:47":2,"b:24:18:24:35:24:39:24:46":3,"b:26:58:26:78:26:81:26:85":4,"s:29:6:33:9":10,"s:35:6:35:54":11,"b:37:6:44:7:undefined:undefined:undefined:undefined":5,"s:37:6:44:7":12,"s:38:25:38:76":13,"f:38:57:38:60":2,"s:38:64:38:75":14,"s:39:8:43:11":15,"s:46:6:49:9":16,"f:53:13:53:18":3,"s:54:4:66:5":17,"s:55:20:55:50":18,"s:56:6:59:9":19,"s:61:6:61:52":20,"s:62:6:65:9":21,"f:69:15:69:20":4,"s:70:4:111:5":22,"s:71:22:71:37":23,"b:73:6:75:7:undefined:undefined:undefined:undefined":6,"s:73:6:75:7":24,"s:74:8:74:42":25,"b:77:6:79:7:undefined:undefined:undefined:undefined":7,"s:77:6:79:7":26,"s:78:8:78:46":27,"s:81:19:81:74":28,"b:83:6:88:7:undefined:undefined:undefined:undefined":8,"s:83:6:88:7":29,"s:84:8:87:11":30,"s:90:6:94:9":31,"s:96:6:96:56":32,"b:98:6:105:7:undefined:undefined:undefined:undefined":9,"s:98:6:105:7":33,"s:99:25:99:76":34,"f:99:57:99:60":5,"s:99:64:99:75":35,"s:100:8:104:11":36,"s:107:6:110:9":37,"f:114:15:114:20":6,"s:115:4:151:5":38,"b:116:6:121:7:undefined:undefined:undefined:undefined":10,"s:116:6:121:7":39,"s:117:8:120:11":40,"s:123:19:123:61":41,"b:125:6:130:7:undefined:undefined:undefined:undefined":11,"s:125:6:130:7":42,"s:126:8:129:11":43,"b:132:6:137:7:undefined:undefined:undefined:undefined":12,"s:132:6:137:7":44,"s:133:25:133:68":45,"b:134:8:136:9:undefined:undefined:undefined:undefined":13,"s:134:8:136:9":46,"s:135:10:135:34":47,"s:139:6:139:51":48,"s:141:6:144:9":49,"s:146:6:146:56":50,"s:147:6:150:9":51,"f:154:15:154:20":7,"s:155:4:168:5":52,"s:156:24:156:33":53,"s:157:20:157:54":54,"s:158:6:161:9":55,"s:163:6:163:53":56,"s:164:6:167:9":57}}}
,"/home/runner/work/Online_Food_DeliVary-1/Online_Food_DeliVary-1/backend/src/controllers/OrderController.js": {"path":"/home/runner/work/Online_Food_DeliVary-1/Online_Food_DeliVary-1/backend/src/controllers/OrderController.js","statementMap":{"0":{"start":{"line":12,"column":15},"end":{"line":35,"column":null}},"1":{"start":{"line":37,"column":16},"end":{"line":51,"column":null}},"2":{"start":{"line":53,"column":18},"end":{"line":61,"column":null}},"3":{"start":{"line":63,"column":15},"end":{"line":71,"column":null}},"4":{"start":{"line":73,"column":17},"end":{"line":82,"column":null}},"5":{"start":{"line":84,"column":17},"end":{"line":95,"column":null}},"6":{"start":{"line":97,"column":16},"end":{"line":116,"column":null}},"7":{"start":{"line":7,"column":4},"end":{"line":7,"column":null}},"8":{"start":{"line":8,"column":4},"end":{"line":8,"column":null}},"9":{"start":{"line":9,"column":4},"end":{"line":9,"column":null}},"10":{"start":{"line":13,"column":4},"end":{"line":34,"column":null}},"11":{"start":{"line":14,"column":23},"end":{"line":19,"column":8}},"12":{"start":{"line":21,"column":6},"end":{"line":21,"column":null}},"13":{"start":{"line":23,"column":6},"end":{"line":25,"column":null}},"14":{"start":{"line":24,"column":8},"end":{"line":24,"column":null}},"15":{"start":{"line":27,"column":24},"end":{"line":27,"column":74}},"16":{"start":{"line":28,"column":22},"end":{"line":28,"column":93}},"17":{"start":{"line":30,"column":6},"end":{"line":30,"column":null}},"18":{"start":{"line":32,"column":6},"end":{"line":32,"column":null}},"19":{"start":{"line":33,"column":6},"end":{"line":33,"column":null}},"20":{"start":{"line":38,"column":33},"end":{"line":38,"column":41}},"21":{"start":{"line":39,"column":4},"end":{"line":50,"column":null}},"22":{"start":{"line":40,"column":6},"end":{"line":46,"column":null}},"23":{"start":{"line":41,"column":8},"end":{"line":41,"column":null}},"24":{"start":{"line":42,"column":8},"end":{"line":42,"column":null}},"25":{"start":{"line":44,"column":8},"end":{"line":44,"column":null}},"26":{"start":{"line":45,"column":8},"end":{"line":45,"column":null}},"27":{"start":{"line":48,"column":6},"end":{"line":48,"column":null}},"28":{"start":{"line":49,"column":6},"end":{"line":49,"column":null}},"29":{"start":{"line":54,"column":4},"end":{"line":60,"column":null}},"30":{"start":{"line":55,"column":21},"end":{"line":55,"column":72}},"31":{"start":{"line":56,"column":6},"end":{"line":56,"column":null}},"32":{"start":{"line":58,"column":6},"end":{"line":58,"column":null}},"33":{"start":{"line":59,"column":6},"end":{"line":59,"column":null}},"34":{"start":{"line":64,"column":4},"end":{"line":70,"column":null}},"35":{"start":{"line":65,"column":21},"end":{"line":65,"column":52}},"36":{"start":{"line":66,"column":6},"end":{"line":66,"column":null}},"37":{"start":{"line":68,"column":6},"end":{"line":68,"column":null}},"38":{"start":{"line":69,"column":6},"end":{"line":69,"column":null}},"39":{"start":{"line":74,"column":4},"end":{"line":81,"column":null}},"40":{"start":{"line":75,"column":34},"end":{"line":75,"column":42}},"41":{"start":{"line":76,"column":6},"end":{"line":76,"column":null}},"42":{"start":{"line":77,"column":6},"end":{"line":77,"column":null}},"43":{"start":{"line":79,"column":6},"end":{"line":79,"column":null}},"44":{"start":{"line":80,"column":6},"end":{"line":80,"column":null}},"45":{"start":{"line":85,"column":4},"end":{"line":94,"column":null}},"46":{"start":{"line":86,"column":20},"end":{"line":86,"column":65}},"47":{"start":{"line":87,"column":6},"end":{"line":89,"column":null}},"48":{"start":{"line":88,"column":8},"end":{"line":88,"column":null}},"49":{"start":{"line":90,"column":6},"end":{"line":90,"column":null}},"50":{"start":{"line":92,"column":6},"end":{"line":92,"column":null}},"51":{"start":{"line":93,"column":6},"end":{"line":93,"column":null}},"52":{"start":{"line":98,"column":4},"end":{"line":115,"column":null}},"53":{"start":{"line":99,"column":26},"end":{"line":99,"column":34}},"54":{"start":{"line":100,"column":20},"end":{"line":100,"column":59}},"55":{"start":{"line":102,"column":6},"end":{"line":104,"column":null}},"56":{"start":{"line":103,"column":8},"end":{"line":103,"column":null}},"57":{"start":{"line":106,"column":6},"end":{"line":108,"column":null}},"58":{"start":{"line":107,"column":8},"end":{"line":107,"column":null}},"59":{"start":{"line":110,"column":6},"end":{"line":110,"column":null}},"60":{"start":{"line":111,"column":6},"end":{"line":111,"column":null}},"61":{"start":{"line":113,"column":6},"end":{"line":113,"column":null}},"62":{"start":{"line":114,"column":6},"end":{"line":114,"column":null}}},"fnMap":{"0":{"name":"(anonymous_0)","decl":{"start":{"line":6,"column":2},"end":{"line":6,"column":13}},"loc":{"start":{"line":6,"column":16},"end":{"line":10,"column":null}},"line":6},"1":{"name":"(anonymous_1)","decl":{"start":{"line":12,"column":15},"end":{"line":12,"column":20}},"loc":{"start":{"line":12,"column":35},"end":{"line":35,"column":null}},"line":12},"2":{"name":"(anonymous_2)","decl":{"start":{"line":37,"column":16},"end":{"line":37,"column":21}},"loc":{"start":{"line":37,"column":36},"end":{"line":51,"column":null}},"line":37},"3":{"name":"(anonymous_3)","decl":{"start":{"line":53,"column":18},"end":{"line":53,"column":23}},"loc":{"start":{"line":53,"column":38},"end":{"line":61,"column":null}},"line":53},"4":{"name":"(anonymous_4)","decl":{"start":{"line":63,"column":15},"end":{"line":63,"column":20}},"loc":{"start":{"line":63,"column":35},"end":{"line":71,"column":null}},"line":63},"5":{"name":"(anonymous_5)","decl":{"start":{"line":73,"column":17},"end":{"line":73,"column":22}},"loc":{"start":{"line":73,"column":37},"end":{"line":82,"column":null}},"line":73},"6":{"name":"(anonymous_6)","decl":{"start":{"line":84,"column":17},"end":{"line":84,"column":22}},"loc":{"start":{"line":84,"column":37},"end":{"line":95,"column":null}},"line":84},"7":{"name":"(anonymous_7)","decl":{"start":{"line":97,"column":16},"end":{"line":97,"column":21}},"loc":{"start":{"line":97,"column":36},"end":{"line":116,"column":null}},"line":97}},"branchMap":{"0":{"loc":{"start":{"line":23,"column":6},"end":{"line":25,"column":null}},"type":"if","locations":[{"start":{"line":23,"column":6},"end":{"line":25,"column":null}},{"start":{},"end":{}}],"line":23},"1":{"loc":{"start":{"line":40,"column":6},"end":{"line":46,"column":null}},"type":"if","locations":[{"start":{"line":40,"column":6},"end":{"line":46,"column":null}},{"start":{"line":43,"column":13},"end":{"line":46,"column":null}}],"line":40},"2":{"loc":{"start":{"line":87,"column":6},"end":{"line":89,"column":null}},"type":"if","locations":[{"start":{"line":87,"column":6},"end":{"line":89,"column":null}},{"start":{},"end":{}}],"line":87},"3":{"loc":{"start":{"line":102,"column":6},"end":{"line":104,"column":null}},"type":"if","locations":[{"start":{"line":102,"column":6},"end":{"line":104,"column":null}},{"start":{},"end":{}}],"line":102},"4":{"loc":{"start":{"line":106,"column":6},"end":{"line":108,"column":null}},"type":"if","locations":[{"start":{"line":106,"column":6},"end":{"line":108,"column":null}},{"start":{},"end":{}}],"line":106}},"s":{"0":3,"1":3,"2":2,"3":2,"4":2,"5":2,"6":3,"7":1,"8":1,"9":1,"10":3,"11":3,"12":2,"13":2,"14":1,"15":1,"16":1,"17":1,"18":1,"19":1,"20":3,"21":3,"22":3,"23":2,"24":1,"25":1,"26":1,"27":1,"28":1,"29":2,"30":2,"31":1,"32":1,"33":1,"34":2,"35":2,"36":1,"37":1,"38":1,"39":2,"40":2,"41":2,"42":1,"43":1,"44":1,"45":2,"46":2,"47":2,"48":1,"49":1,"50":0,"51":0,"52":3,"53":3,"54":3,"55":3,"56":1,"57":2,"58":1,"59":1,"60":1,"61":0,"62":0},"f":{"0":1,"1":3,"2":3,"3":2,"4":2,"5":2,"6":2,"7":3},"b":{"0":[1,1],"1":[2,1],"2":[1,1],"3":[1,2],"4":[1,1]},"meta":{"lastBranch":5,"lastFunction":8,"lastStatement":63,"seen":{"s:12:15:35:Infinity":0,"s:37:16:51:Infinity":1,"s:53:18:61:Infinity":2,"s:63:15:71:Infinity":3,"s:73:17:82:Infinity":4,"s:84:17:95:Infinity":5,"s:97:16:116:Infinity":6,"f:6:2:6:13":0,"s:7:4:7:Infinity":7,"s:8:4:8:Infinity":8,"s:9:4:9:Infinity":9,"f:12:15:12:20":1,"s:13:4:34:Infinity":10,"s:14:23:19:8":11,"s:21:6:21:Infinity":12,"b:23:6:25:Infinity:undefined:undefined:undefined:undefined":0,"s:23:6:25:Infinity":13,"s:24:8:24:Infinity":14,"s:27:24:27:74":15,"s:28:22:28:93":16,"s:30:6:30:Infinity":17,"s:32:6:32:Infinity":18,"s:33:6:33:Infinity":19,"f:37:16:37:21":2,"s:38:33:38:41":20,"s:39:4:50:Infinity":21,"b:40:6:46:Infinity:43:13:46:Infinity":1,"s:40:6:46:Infinity":22,"s:41:8:41:Infinity":23,"s:42:8:42:Infinity":24,"s:44:8:44:Infinity":25,"s:45:8:45:Infinity":26,"s:48:6:48:Infinity":27,"s:49:6:49:Infinity":28,"f:53:18:53:23":3,"s:54:4:60:Infinity":29,"s:55:21:55:72":30,"s:56:6:56:Infinity":31,"s:58:6:58:Infinity":32,"s:59:6:59:Infinity":33,"f:63:15:63:20":4,"s:64:4:70:Infinity":34,"s:65:21:65:52":35,"s:66:6:66:Infinity":36,"s:68:6:68:Infinity":37,"s:69:6:69:Infinity":38,"f:73:17:73:22":5,"s:74:4:81:Infinity":39,"s:75:34:75:42":40,"s:76:6:76:Infinity":41,"s:77:6:77:Infinity":42,"s:79:6:79:Infinity":43,"s:80:6:80:Infinity":44,"f:84:17:84:22":6,"s:85:4:94:Infinity":45,"s:86:20:86:65":46,"b:87:6:89:Infinity:undefined:undefined:undefined:undefined":2,"s:87:6:89:Infinity":47,"s:88:8:88:Infinity":48,"s:90:6:90:Infinity":49,"s:92:6:92:Infinity":50,"s:93:6:93:Infinity":51,"f:97:16:97:21":7,"s:98:4:115:Infinity":52,"s:99:26:99:34":53,"s:100:20:100:59":54,"b:102:6:104:Infinity:undefined:undefined:undefined:undefined":3,"s:102:6:104:Infinity":55,"s:103:8:103:Infinity":56,"b:106:6:108:Infinity:undefined:undefined:undefined:undefined":4,"s:106:6:108:Infinity":57,"s:107:8:107:Infinity":58,"s:110:6:110:Infinity":59,"s:111:6:111:Infinity":60,"s:113:6:113:Infinity":61,"s:114:6:114:Infinity":62}}}
,"/home/runner/work/Online_Food_DeliVary-1/Online_Food_DeliVary-1/backend/src/controllers/UserContoller.js": {"path":"/home/runner/work/Online_Food_DeliVary-1/Online_Food_DeliVary-1/backend/src/controllers/UserContoller.js","statementMap":{"0":{"start":{"line":12,"column":10},"end":{"line":36,"column":3}},"1":{"start":{"line":38,"column":13},"end":{"line":74,"column":3}},"2":{"start":{"line":76,"column":19},"end":{"line":89,"column":3}},"3":{"start":{"line":91,"column":18},"end":{"line":110,"column":3}},"4":{"start":{"line":8,"column":4},"end":{"line":8,"column":31}},"5":{"start":{"line":9,"column":4},"end":{"line":9,"column":41}},"6":{"start":{"line":13,"column":4},"end":{"line":35,"column":5}},"7":{"start":{"line":14,"column":34},"end":{"line":14,"column":42}},"8":{"start":{"line":16,"column":6},"end":{"line":18,"column":7}},"9":{"start":{"line":17,"column":8},"end":{"line":17,"column":102}},"10":{"start":{"line":20,"column":19},"end":{"line":20,"column":58}},"11":{"start":{"line":21,"column":6},"end":{"line":23,"column":7}},"12":{"start":{"line":22,"column":8},"end":{"line":22,"column":88}},"13":{"start":{"line":25,"column":22},"end":{"line":25,"column":67}},"14":{"start":{"line":26,"column":6},"end":{"line":28,"column":7}},"15":{"start":{"line":27,"column":8},"end":{"line":27,"column":88}},"16":{"start":{"line":30,"column":20},"end":{"line":30,"column":63}},"17":{"start":{"line":31,"column":6},"end":{"line":31,"column":41}},"18":{"start":{"line":33,"column":6},"end":{"line":33,"column":43}},"19":{"start":{"line":34,"column":6},"end":{"line":34,"column":72}},"20":{"start":{"line":39,"column":4},"end":{"line":73,"column":5}},"21":{"start":{"line":40,"column":40},"end":{"line":40,"column":48}},"22":{"start":{"line":42,"column":6},"end":{"line":44,"column":7}},"23":{"start":{"line":43,"column":8},"end":{"line":43,"column":108}},"24":{"start":{"line":46,"column":6},"end":{"line":48,"column":7}},"25":{"start":{"line":47,"column":8},"end":{"line":47,"column":88}},"26":{"start":{"line":50,"column":6},"end":{"line":52,"column":7}},"27":{"start":{"line":51,"column":8},"end":{"line":51,"column":92}},"28":{"start":{"line":54,"column":27},"end":{"line":54,"column":66}},"29":{"start":{"line":55,"column":6},"end":{"line":57,"column":7}},"30":{"start":{"line":56,"column":8},"end":{"line":56,"column":88}},"31":{"start":{"line":59,"column":19},"end":{"line":59,"column":43}},"32":{"start":{"line":60,"column":29},"end":{"line":60,"column":62}},"33":{"start":{"line":62,"column":22},"end":{"line":66,"column":8}},"34":{"start":{"line":68,"column":20},"end":{"line":68,"column":66}},"35":{"start":{"line":69,"column":6},"end":{"line":69,"column":41}},"36":{"start":{"line":71,"column":6},"end":{"line":71,"column":46}},"37":{"start":{"line":72,"column":6},"end":{"line":72,"column":72}},"38":{"start":{"line":77,"column":4},"end":{"line":88,"column":5}},"39":{"start":{"line":78,"column":19},"end":{"line":78,"column":65}},"40":{"start":{"line":79,"column":6},"end":{"line":81,"column":7}},"41":{"start":{"line":80,"column":8},"end":{"line":80,"column":71}},"42":{"start":{"line":83,"column":51},"end":{"line":83,"column":66}},"43":{"start":{"line":84,"column":6},"end":{"line":84,"column":61}},"44":{"start":{"line":86,"column":6},"end":{"line":86,"column":49}},"45":{"start":{"line":87,"column":6},"end":{"line":87,"column":72}},"46":{"start":{"line":92,"column":4},"end":{"line":109,"column":5}},"47":{"start":{"line":93,"column":23},"end":{"line":93,"column":31}},"48":{"start":{"line":95,"column":6},"end":{"line":97,"column":7}},"49":{"start":{"line":96,"column":8},"end":{"line":96,"column":85}},"50":{"start":{"line":99,"column":26},"end":{"line":99,"column":97}},"51":{"start":{"line":100,"column":6},"end":{"line":102,"column":7}},"52":{"start":{"line":101,"column":8},"end":{"line":101,"column":83}},"53":{"start":{"line":104,"column":51},"end":{"line":104,"column":73}},"54":{"start":{"line":105,"column":6},"end":{"line":105,"column":102}},"55":{"start":{"line":107,"column":6},"end":{"line":107,"column":52}},"56":{"start":{"line":108,"column":6},"end":{"line":108,"column":72}}},"fnMap":{"0":{"name":"(anonymous_0)","decl":{"start":{"line":7,"column":2},"end":{"line":7,"column":13}},"loc":{"start":{"line":7,"column":16},"end":{"line":10,"column":3}},"line":7},"1":{"name":"(anonymous_1)","decl":{"start":{"line":12,"column":10},"end":{"line":12,"column":15}},"loc":{"start":{"line":12,"column":30},"end":{"line":36,"column":3}},"line":12},"2":{"name":"(anonymous_2)","decl":{"start":{"line":38,"column":13},"end":{"line":38,"column":18}},"loc":{"start":{"line":38,"column":33},"end":{"line":74,"column":3}},"line":38},"3":{"name":"(anonymous_3)","decl":{"start":{"line":76,"column":19},"end":{"line":76,"column":24}},"loc":{"start":{"line":76,"column":39},"end":{"line":89,"column":3}},"line":76},"4":{"name":"(anonymous_4)","decl":{"start":{"line":91,"column":18},"end":{"line":91,"column":23}},"loc":{"start":{"line":91,"column":38},"end":{"line":110,"column":3}},"line":91}},"branchMap":{"0":{"loc":{"start":{"line":16,"column":6},"end":{"line":18,"column":7}},"type":"if","locations":[{"start":{"line":16,"column":6},"end":{"line":18,"column":7}},{"start":{},"end":{}}],"line":16},"1":{"loc":{"start":{"line":16,"column":10},"end":{"line":16,"column":29}},"type":"binary-expr","locations":[{"start":{"line":16,"column":10},"end":{"line":16,"column":16}},{"start":{"line":16,"column":20},"end":{"line":16,"column":29}}],"line":16},"2":{"loc":{"start":{"line":21,"column":6},"end":{"line":23,"column":7}},"type":"if","locations":[{"start":{"line":21,"column":6},"end":{"line":23,"column":7}},{"start":{},"end":{}}],"line":21},"3":{"loc":{"start":{"line":26,"column":6},"end":{"line":28,"column":7}},"type":"if","locations":[{"start":{"line":26,"column":6},"end":{"line":28,"column":7}},{"start":{},"end":{}}],"line":26},"4":{"loc":{"start":{"line":42,"column":6},"end":{"line":44,"column":7}},"type":"if","locations":[{"start":{"line":42,"column":6},"end":{"line":44,"column":7}},{"start":{},"end":{}}],"line":42},"5":{"loc":{"start":{"line":42,"column":10},"end":{"line":42,"column":38}},"type":"binary-expr","locations":[{"start":{"line":42,"column":10},"end":{"line":42,"column":15}},{"start":{"line":42,"column":19},"end":{"line":42,"column":25}},{"start":{"line":42,"column":29},"end":{"line":42,"column":38}}],"line":42},"6":{"loc":{"start":{"line":46,"column":6},"end":{"line":48,"column":7}},"type":"if","locations":[{"start":{"line":46,"column":6},"end":{"line":48,"column":7}},{"start":{},"end":{}}],"line":46},"7":{"loc":{"start":{"line":50,"column":6},"end":{"line":52,"column":7}},"type":"if","locations":[{"start":{"line":50,"column":6},"end":{"line":52,"column":7}},{"start":{},"end":{}}],"line":50},"8":{"loc":{"start":{"line":55,"column":6},"end":{"line":57,"column":7}},"type":"if","locations":[{"start":{"line":55,"column":6},"end":{"line":57,"column":7}},{"start":{},"end":{}}],"line":55},"9":{"loc":{"start":{"line":79,"column":6},"end":{"line":81,"column":7}},"type":"if","locations":[{"start":{"line":79,"column":6},"end":{"line":81,"column":7}},{"start":{},"end":{}}],"line":79},"10":{"loc":{"start":{"line":95,"column":6},"end":{"line":97,"column":7}},"type":"if","locations":[{"start":{"line":95,"column":6},"end":{"line":97,"column":7}},{"start":{},"end":{}}],"line":95},"11":{"loc":{"start":{"line":95,"column":10},"end":{"line":95,"column":31}},"type":"binary-expr","locations":[{"start":{"line":95,"column":10},"end":{"line":95,"column":15}},{"start":{"line":95,"column":19},"end":{"line":95,"column":31}}],"line":95},"12":{"loc":{"start":{"line":100,"column":6},"end":{"line":102,"column":7}},"type":"if","locations":[{"start":{"line":100,"column":6},"end":{"line":102,"column":7}},{"start":{},"end":{}}],"line":100}},"s":{"0":5,"1":5,"2":3,"3":5,"4":1,"5":1,"6":5,"7":5,"8":5,"9":1,"10":4,"11":3,"12":1,"13":2,"14":2,"15":1,"16":1,"17":1,"18":1,"19":1,"20":5,"21":5,"22":5,"23":0,"24":5,"25":1,"26":4,"27":1,"28":3,"29":2,"30":1,"31":1,"32":1,"33":1,"34":1,"35":1,"36":1,"37":1,"38":3,"39":3,"40":2,"41":1,"42":1,"43":1,"44":1,"45":1,"46":5,"47":5,"48":5,"49":2,"50":3,"51":2,"52":1,"53":1,"54":1,"55":1,"56":1},"f":{"0":1,"1":5,"2":5,"3":3,"4":5},"b":{"0":[1,4],"1":[5,4],"2":[1,2],"3":[1,1],"4":[0,5],"5":[5,5,5],"6":[1,4],"7":[1,3],"8":[1,1],"9":[1,1],"10":[2,3],"11":[5,4],"12":[1,1]},"meta":{"lastBranch":13,"lastFunction":5,"lastStatement":57,"seen":{"s:12:10:36:3":0,"s:38:13:74:3":1,"s:76:19:89:3":2,"s:91:18:110:3":3,"f:7:2:7:13":0,"s:8:4:8:31":4,"s:9:4:9:41":5,"f:12:10:12:15":1,"s:13:4:35:5":6,"s:14:34:14:42":7,"b:16:6:18:7:undefined:undefined:undefined:undefined":0,"s:16:6:18:7":8,"b:16:10:16:16:16:20:16:29":1,"s:17:8:17:102":9,"s:20:19:20:58":10,"b:21:6:23:7:undefined:undefined:undefined:undefined":2,"s:21:6:23:7":11,"s:22:8:22:88":12,"s:25:22:25:67":13,"b:26:6:28:7:undefined:undefined:undefined:undefined":3,"s:26:6:28:7":14,"s:27:8:27:88":15,"s:30:20:30:63":16,"s:31:6:31:41":17,"s:33:6:33:43":18,"s:34:6:34:72":19,"f:38:13:38:18":2,"s:39:4:73:5":20,"s:40:40:40:48":21,"b:42:6:44:7:undefined:undefined:undefined:undefined":4,"s:42:6:44:7":22,"b:42:10:42:15:42:19:42:25:42:29:42:38":5,"s:43:8:43:108":23,"b:46:6:48:7:undefined:undefined:undefined:undefined":6,"s:46:6:48:7":24,"s:47:8:47:88":25,"b:50:6:52:7:undefined:undefined:undefined:undefined":7,"s:50:6:52:7":26,"s:51:8:51:92":27,"s:54:27:54:66":28,"b:55:6:57:7:undefined:undefined:undefined:undefined":8,"s:55:6:57:7":29,"s:56:8:56:88":30,"s:59:19:59:43":31,"s:60:29:60:62":32,"s:62:22:66:8":33,"s:68:20:68:66":34,"s:69:6:69:41":35,"s:71:6:71:46":36,"s:72:6:72:72":37,"f:76:19:76:24":3,"s:77:4:88:5":38,"s:78:19:78:65":39,"b:79:6:81:7:undefined:undefined:undefined:undefined":9,"s:79:6:81:7":40,"s:80:8:80:71":41,"s:83:51:83:66":42,"s:84:6:84:61":43,"s:86:6:86:49":44,"s:87:6:87:72":45,"f:91:18:91:23":4,"s:92:4:109:5":46,"s:93:23:93:31":47,"b:95:6:97:7:undefined:undefined:undefined:undefined":10,"s:95:6:97:7":48,"b:95:10:95:15:95:19:95:31":11,"s:96:8:96:85":49,"s:99:26:99:97":50,"b:100:6:102:7:undefined:undefined:undefined:undefined":12,"s:100:6:102:7":51,"s:101:8:101:83":52,"s:104:51:104:73":53,"s:105:6:105:102":54,"s:107:6:107:52":55,"s:108:6:108:72":56}}}
,"/home/runner/work/Online_Food_DeliVary-1/Online_Food_DeliVary-1/backend/src/controllers/UserController.js": {"path":"/home/runner/work/Online_Food_DeliVary-1/Online_Food_DeliVary-1/backend/src/controllers/UserController.js","statementMap":{},"fnMap":{},"branchMap":{},"s":{},"f":{},"b":{},"meta":{"lastBranch":0,"lastFunction":0,"lastStatement":0,"seen":{}}}
,"/home/runner/work/Online_Food_DeliVary-1/Online_Food_DeliVary-1/backend/src/factories/UploadMiddlewareFactory.js": {"path":"/home/runner/work/Online_Food_DeliVary-1/Online_Food_DeliVary-1/backend/src/factories/UploadMiddlewareFactory.js","statementMap":{"0":{"start":{"line":11,"column":4},"end":{"line":11,"column":96}},"1":{"start":{"line":11,"column":18},"end":{"line":11,"column":96}},"2":{"start":{"line":12,"column":4},"end":{"line":12,"column":27}},"3":{"start":{"line":15,"column":4},"end":{"line":28,"column":6}},"4":{"start":{"line":36,"column":71},"end":{"line":36,"column":78}},"5":{"start":{"line":38,"column":25},"end":{"line":38,"column":45}},"6":{"start":{"line":39,"column":4},"end":{"line":41,"column":5}},"7":{"start":{"line":40,"column":6},"end":{"line":40,"column":58}},"8":{"start":{"line":43,"column":25},"end":{"line":43,"column":58}},"9":{"start":{"line":44,"column":23},"end":{"line":44,"column":52}},"10":{"start":{"line":46,"column":4},"end":{"line":57,"column":25}},"11":{"start":{"line":50,"column":8},"end":{"line":55,"column":9}},"12":{"start":{"line":51,"column":10},"end":{"line":51,"column":38}},"13":{"start":{"line":52,"column":10},"end":{"line":52,"column":25}},"14":{"start":{"line":54,"column":10},"end":{"line":54,"column":25}}},"fnMap":{"0":{"name":"(anonymous_0)","decl":{"start":{"line":10,"column":2},"end":{"line":10,"column":13}},"loc":{"start":{"line":10,"column":27},"end":{"line":29,"column":3}},"line":10},"1":{"name":"(anonymous_1)","decl":{"start":{"line":35,"column":2},"end":{"line":35,"column":8}},"loc":{"start":{"line":35,"column":23},"end":{"line":58,"column":3}},"line":35},"2":{"name":"(anonymous_2)","decl":{"start":{"line":49,"column":18},"end":{"line":49,"column":19}},"loc":{"start":{"line":49,"column":37},"end":{"line":56,"column":7}},"line":49}},"branchMap":{"0":{"loc":{"start":{"line":11,"column":4},"end":{"line":11,"column":96}},"type":"if","locations":[{"start":{"line":11,"column":4},"end":{"line":11,"column":96}},{"start":{},"end":{}}],"line":11},"1":{"loc":{"start":{"line":35,"column":9},"end":{"line":35,"column":21}},"type":"default-arg","locations":[{"start":{"line":35,"column":19},"end":{"line":35,"column":21}}],"line":35},"2":{"loc":{"start":{"line":36,"column":12},"end":{"line":36,"column":28}},"type":"default-arg","locations":[{"start":{"line":36,"column":21},"end":{"line":36,"column":28}}],"line":36},"3":{"loc":{"start":{"line":36,"column":30},"end":{"line":36,"column":48}},"type":"default-arg","locations":[{"start":{"line":36,"column":42},"end":{"line":36,"column":48}}],"line":36},"4":{"loc":{"start":{"line":39,"column":4},"end":{"line":41,"column":5}},"type":"if","locations":[{"start":{"line":39,"column":4},"end":{"line":41,"column":5}},{"start":{},"end":{}}],"line":39},"5":{"loc":{"start":{"line":39,"column":8},"end":{"line":39,"column":34}},"type":"binary-expr","locations":[{"start":{"line":39,"column":8},"end":{"line":39,"column":21}},{"start":{"line":39,"column":25},"end":{"line":39,"column":34}}],"line":39},"6":{"loc":{"start":{"line":43,"column":25},"end":{"line":43,"column":58}},"type":"binary-expr","locations":[{"start":{"line":43,"column":25},"end":{"line":43,"column":33}},{"start":{"line":43,"column":37},"end":{"line":43,"column":58}}],"line":43},"7":{"loc":{"start":{"line":44,"column":23},"end":{"line":44,"column":52}},"type":"binary-expr","locations":[{"start":{"line":44,"column":23},"end":{"line":44,"column":29}},{"start":{"line":44,"column":33},"end":{"line":44,"column":52}}],"line":44}},"s":{"0":11,"1":1,"2":10,"3":10,"4":8,"5":8,"6":8,"7":1,"8":7,"9":8,"10":8,"11":2,"12":2,"13":2,"14":1},"f":{"0":11,"1":8,"2":2},"b":{"0":[1,10],"1":[8],"2":[8],"3":[8],"4":[1,7],"5":[8,1],"6":[7,6],"7":[8,7]},"meta":{"lastBranch":8,"lastFunction":3,"lastStatement":15,"seen":{"f:10:2:10:13":0,"b:11:4:11:96:undefined:undefined:undefined:undefined":0,"s:11:4:11:96":0,"s:11:18:11:96":1,"s:12:4:12:27":2,"s:15:4:28:6":3,"f:35:2:35:8":1,"b:35:19:35:21":1,"s:36:71:36:78":4,"b:36:21:36:28":2,"b:36:42:36:48":3,"s:38:25:38:45":5,"b:39:4:41:5:undefined:undefined:undefined:undefined":4,"s:39:4:41:5":6,"b:39:8:39:21:39:25:39:34":5,"s:40:6:40:58":7,"s:43:25:43:58":8,"b:43:25:43:33:43:37:43:58":6,"s:44:23:44:52":9,"b:44:23:44:29:44:33:44:52":7,"s:46:4:57:25":10,"f:49:18:49:19":2,"s:50:8:55:9":11,"s:51:10:51:38":12,"s:52:10:52:25":13,"s:54:10:54:25":14}}}
,"/home/runner/work/Online_Food_DeliVary-1/Online_Food_DeliVary-1/backend/src/middleware/AuthMiddleware.js": {"path":"/home/runner/work/Online_Food_DeliVary-1/Online_Food_DeliVary-1/backend/src/middleware/AuthMiddleware.js","statementMap":{"0":{"start":{"line":8,"column":17},"end":{"line":23,"column":3}},"1":{"start":{"line":9,"column":22},"end":{"line":9,"column":33}},"2":{"start":{"line":11,"column":4},"end":{"line":13,"column":5}},"3":{"start":{"line":12,"column":6},"end":{"line":12,"column":95}},"4":{"start":{"line":15,"column":4},"end":{"line":22,"column":5}},"5":{"start":{"line":16,"column":27},"end":{"line":16,"column":68}},"6":{"start":{"line":17,"column":6},"end":{"line":17,"column":40}},"7":{"start":{"line":18,"column":6},"end":{"line":18,"column":13}},"8":{"start":{"line":20,"column":6},"end":{"line":20,"column":25}},"9":{"start":{"line":21,"column":6},"end":{"line":21,"column":105}},"10":{"start":{"line":26,"column":4},"end":{"line":26,"column":73}},"11":{"start":{"line":30,"column":4},"end":{"line":34,"column":5}},"12":{"start":{"line":31,"column":6},"end":{"line":31,"column":55}},"13":{"start":{"line":33,"column":6},"end":{"line":33,"column":18}}},"fnMap":{"0":{"name":"(anonymous_0)","decl":{"start":{"line":4,"column":2},"end":{"line":4,"column":13}},"loc":{"start":{"line":4,"column":16},"end":{"line":6,"column":3}},"line":4},"1":{"name":"(anonymous_1)","decl":{"start":{"line":8,"column":17},"end":{"line":8,"column":22}},"loc":{"start":{"line":8,"column":43},"end":{"line":23,"column":3}},"line":8},"2":{"name":"(anonymous_2)","decl":{"start":{"line":25,"column":2},"end":{"line":25,"column":15}},"loc":{"start":{"line":25,"column":20},"end":{"line":27,"column":3}},"line":25},"3":{"name":"(anonymous_3)","decl":{"start":{"line":29,"column":2},"end":{"line":29,"column":13}},"loc":{"start":{"line":29,"column":21},"end":{"line":35,"column":3}},"line":29}},"branchMap":{"0":{"loc":{"start":{"line":11,"column":4},"end":{"line":13,"column":5}},"type":"if","locations":[{"start":{"line":11,"column":4},"end":{"line":13,"column":5}},{"start":{},"end":{}}],"line":11}},"s":{"0":5,"1":5,"2":5,"3":1,"4":4,"5":4,"6":4,"7":4,"8":3,"9":3,"10":1,"11":2,"12":2,"13":1},"f":{"0":1,"1":5,"2":1,"3":2},"b":{"0":[1,4]},"meta":{"lastBranch":1,"lastFunction":4,"lastStatement":14,"seen":{"s:8:17:23:3":0,"f:4:2:4:13":0,"f:8:17:8:22":1,"s:9:22:9:33":1,"b:11:4:13:5:undefined:undefined:undefined:undefined":0,"s:11:4:13:5":2,"s:12:6:12:95":3,"s:15:4:22:5":4,"s:16:27:16:68":5,"s:17:6:17:40":6,"s:18:6:18:13":7,"s:20:6:20:25":8,"s:21:6:21:105":9,"f:25:2:25:15":2,"s:26:4:26:73":10,"f:29:2:29:13":3,"s:30:4:34:5":11,"s:31:6:31:55":12,"s:33:6:33:18":13}}}
,"/home/runner/work/Online_Food_DeliVary-1/Online_Food_DeliVary-1/backend/src/middleware/FileUploadMiddleware.js": {"path":"/home/runner/work/Online_Food_DeliVary-1/Online_Food_DeliVary-1/backend/src/middleware/FileUploadMiddleware.js","statementMap":{"0":{"start":{"line":9,"column":4},"end":{"line":9,"column":31}},"1":{"start":{"line":10,"column":4},"end":{"line":19,"column":7}},"2":{"start":{"line":12,"column":8},"end":{"line":12,"column":33}},"3":{"start":{"line":15,"column":29},"end":{"line":15,"column":79}},"4":{"start":{"line":16,"column":20},"end":{"line":16,"column":54}},"5":{"start":{"line":17,"column":8},"end":{"line":17,"column":61}},"6":{"start":{"line":23,"column":4},"end":{"line":37,"column":25}},"7":{"start":{"line":29,"column":29},"end":{"line":29,"column":83}},"8":{"start":{"line":31,"column":8},"end":{"line":35,"column":9}},"9":{"start":{"line":32,"column":10},"end":{"line":32,"column":25}},"10":{"start":{"line":34,"column":10},"end":{"line":34,"column":85}}},"fnMap":{"0":{"name":"(anonymous_0)","decl":{"start":{"line":8,"column":2},"end":{"line":8,"column":13}},"loc":{"start":{"line":8,"column":16},"end":{"line":20,"column":3}},"line":8},"1":{"name":"(anonymous_1)","decl":{"start":{"line":11,"column":19},"end":{"line":11,"column":20}},"loc":{"start":{"line":11,"column":38},"end":{"line":13,"column":7}},"line":11},"2":{"name":"(anonymous_2)","decl":{"start":{"line":14,"column":16},"end":{"line":14,"column":17}},"loc":{"start":{"line":14,"column":35},"end":{"line":18,"column":7}},"line":14},"3":{"name":"(anonymous_3)","decl":{"start":{"line":22,"column":2},"end":{"line":22,"column":8}},"loc":{"start":{"line":22,"column":30},"end":{"line":38,"column":3}},"line":22},"4":{"name":"(anonymous_4)","decl":{"start":{"line":28,"column":18},"end":{"line":28,"column":19}},"loc":{"start":{"line":28,"column":37},"end":{"line":36,"column":7}},"line":28}},"branchMap":{"0":{"loc":{"start":{"line":22,"column":9},"end":{"line":22,"column":28}},"type":"default-arg","locations":[{"start":{"line":22,"column":21},"end":{"line":22,"column":28}}],"line":22},"1":{"loc":{"start":{"line":31,"column":8},"end":{"line":35,"column":9}},"type":"if","locations":[{"start":{"line":31,"column":8},"end":{"line":35,"column":9}},{"start":{"line":33,"column":15},"end":{"line":35,"column":9}}],"line":31}},"s":{"0":1,"1":1,"2":1,"3":1,"4":1,"5":1,"6":4,"7":2,"8":2,"9":1,"10":1},"f":{"0":1,"1":1,"2":1,"3":4,"4":2},"b":{"0":[4],"1":[1,1]},"meta":{"lastBranch":2,"lastFunction":5,"lastStatement":11,"seen":{"f:8:2:8:13":0,"s:9:4:9:31":0,"s:10:4:19:7":1,"f:11:19:11:20":1,"s:12:8:12:33":2,"f:14:16:14:17":2,"s:15:29:15:79":3,"s:16:20:16:54":4,"s:17:8:17:61":5,"f:22:2:22:8":3,"b:22:21:22:28":0,"s:23:4:37:25":6,"f:28:18:28:19":4,"s:29:29:29:83":7,"b:31:8:35:9:33:15:35:9":1,"s:31:8:35:9":8,"s:32:10:32:25":9,"s:34:10:34:85":10}}}
,"/home/runner/work/Online_Food_DeliVary-1/Online_Food_DeliVary-1/backend/src/models/FoodModel.js": {"path":"/home/runner/work/Online_Food_DeliVary-1/Online_Food_DeliVary-1/backend/src/models/FoodModel.js","statementMap":{"0":{"start":{"line":5,"column":4},"end":{"line":33,"column":7}},"1":{"start":{"line":35,"column":4},"end":{"line":35,"column":79}},"2":{"start":{"line":36,"column":4},"end":{"line":36,"column":77}},"3":{"start":{"line":40,"column":17},"end":{"line":40,"column":41}},"4":{"start":{"line":41,"column":4},"end":{"line":41,"column":29}},"5":{"start":{"line":45,"column":4},"end":{"line":45,"column":41}},"6":{"start":{"line":49,"column":4},"end":{"line":49,"column":41}},"7":{"start":{"line":53,"column":4},"end":{"line":57,"column":7}},"8":{"start":{"line":61,"column":4},"end":{"line":61,"column":50}},"9":{"start":{"line":65,"column":4},"end":{"line":65,"column":69}},"10":{"start":{"line":69,"column":4},"end":{"line":69,"column":22}}},"fnMap":{"0":{"name":"(anonymous_0)","decl":{"start":{"line":4,"column":2},"end":{"line":4,"column":13}},"loc":{"start":{"line":4,"column":16},"end":{"line":37,"column":3}},"line":4},"1":{"name":"(anonymous_1)","decl":{"start":{"line":39,"column":8},"end":{"line":39,"column":14}},"loc":{"start":{"line":39,"column":25},"end":{"line":42,"column":3}},"line":39},"2":{"name":"(anonymous_2)","decl":{"start":{"line":44,"column":8},"end":{"line":44,"column":16}},"loc":{"start":{"line":44,"column":21},"end":{"line":46,"column":3}},"line":44},"3":{"name":"(anonymous_3)","decl":{"start":{"line":48,"column":8},"end":{"line":48,"column":15}},"loc":{"start":{"line":48,"column":29},"end":{"line":50,"column":3}},"line":48},"4":{"name":"(anonymous_4)","decl":{"start":{"line":52,"column":8},"end":{"line":52,"column":18}},"loc":{"start":{"line":52,"column":49},"end":{"line":58,"column":3}},"line":52},"5":{"name":"(anonymous_5)","decl":{"start":{"line":60,"column":8},"end":{"line":60,"column":18}},"loc":{"start":{"line":60,"column":23},"end":{"line":62,"column":3}},"line":60},"6":{"name":"(anonymous_6)","decl":{"start":{"line":64,"column":8},"end":{"line":64,"column":14}},"loc":{"start":{"line":64,"column":27},"end":{"line":66,"column":3}},"line":64},"7":{"name":"(anonymous_7)","decl":{"start":{"line":68,"column":2},"end":{"line":68,"column":10}},"loc":{"start":{"line":68,"column":13},"end":{"line":70,"column":3}},"line":68}},"branchMap":{"0":{"loc":{"start":{"line":36,"column":17},"end":{"line":36,"column":76}},"type":"binary-expr","locations":[{"start":{"line":36,"column":17},"end":{"line":36,"column":37}},{"start":{"line":36,"column":41},"end":{"line":36,"column":76}}],"line":36},"1":{"loc":{"start":{"line":48,"column":16},"end":{"line":48,"column":27}},"type":"default-arg","locations":[{"start":{"line":48,"column":25},"end":{"line":48,"column":27}}],"line":48},"2":{"loc":{"start":{"line":52,"column":35},"end":{"line":52,"column":47}},"type":"default-arg","locations":[{"start":{"line":52,"column":45},"end":{"line":52,"column":47}}],"line":52}},"s":{"0":4,"1":4,"2":4,"3":1,"4":1,"5":1,"6":2,"7":1,"8":1,"9":1,"10":1},"f":{"0":4,"1":1,"2":1,"3":2,"4":1,"5":1,"6":1,"7":1},"b":{"0":[4,4],"1":[2],"2":[1]},"meta":{"lastBranch":3,"lastFunction":8,"lastStatement":11,"seen":{"f:4:2:4:13":0,"s:5:4:33:7":0,"s:35:4:35:79":1,"s:36:4:36:77":2,"b:36:17:36:37:36:41:36:76":0,"f:39:8:39:14":1,"s:40:17:40:41":3,"s:41:4:41:29":4,"f:44:8:44:16":2,"s:45:4:45:41":5,"f:48:8:48:15":3,"b:48:25:48:27":1,"s:49:4:49:41":6,"f:52:8:52:18":4,"b:52:45:52:47":2,"s:53:4:57:7":7,"f:60:8:60:18":5,"s:61:4:61:50":8,"f:64:8:64:14":6,"s:65:4:65:69":9,"f:68:2:68:10":7,"s:69:4:69:22":10}}}
,"/home/runner/work/Online_Food_DeliVary-1/Online_Food_DeliVary-1/backend/src/models/OrderModel.js": {"path":"/home/runner/work/Online_Food_DeliVary-1/Online_Food_DeliVary-1/backend/src/models/OrderModel.js","statementMap":{"0":{"start":{"line":5,"column":4},"end":{"line":34,"column":7}},"1":{"start":{"line":36,"column":4},"end":{"line":36,"column":81}},"2":{"start":{"line":40,"column":18},"end":{"line":40,"column":43}},"3":{"start":{"line":41,"column":4},"end":{"line":41,"column":30}},"4":{"start":{"line":45,"column":4},"end":{"line":45,"column":41}},"5":{"start":{"line":49,"column":4},"end":{"line":49,"column":45}},"6":{"start":{"line":53,"column":4},"end":{"line":53,"column":37}},"7":{"start":{"line":57,"column":4},"end":{"line":57,"column":77}},"8":{"start":{"line":61,"column":4},"end":{"line":61,"column":50}},"9":{"start":{"line":65,"column":4},"end":{"line":65,"column":54}},"10":{"start":{"line":69,"column":4},"end":{"line":69,"column":70}},"11":{"start":{"line":73,"column":4},"end":{"line":73,"column":22}}},"fnMap":{"0":{"name":"(anonymous_0)","decl":{"start":{"line":4,"column":2},"end":{"line":4,"column":13}},"loc":{"start":{"line":4,"column":16},"end":{"line":37,"column":3}},"line":4},"1":{"name":"(anonymous_1)","decl":{"start":{"line":39,"column":8},"end":{"line":39,"column":14}},"loc":{"start":{"line":39,"column":26},"end":{"line":42,"column":3}},"line":39},"2":{"name":"(anonymous_2)","decl":{"start":{"line":44,"column":8},"end":{"line":44,"column":16}},"loc":{"start":{"line":44,"column":21},"end":{"line":46,"column":3}},"line":44},"3":{"name":"(anonymous_3)","decl":{"start":{"line":48,"column":8},"end":{"line":48,"column":20}},"loc":{"start":{"line":48,"column":29},"end":{"line":50,"column":3}},"line":48},"4":{"name":"(anonymous_4)","decl":{"start":{"line":52,"column":8},"end":{"line":52,"column":15}},"loc":{"start":{"line":52,"column":18},"end":{"line":54,"column":3}},"line":52},"5":{"name":"(anonymous_5)","decl":{"start":{"line":56,"column":8},"end":{"line":56,"column":18}},"loc":{"start":{"line":56,"column":35},"end":{"line":58,"column":3}},"line":56},"6":{"name":"(anonymous_6)","decl":{"start":{"line":60,"column":8},"end":{"line":60,"column":18}},"loc":{"start":{"line":60,"column":23},"end":{"line":62,"column":3}},"line":60},"7":{"name":"(anonymous_7)","decl":{"start":{"line":64,"column":8},"end":{"line":64,"column":20}},"loc":{"start":{"line":64,"column":38},"end":{"line":66,"column":3}},"line":64},"8":{"name":"(anonymous_8)","decl":{"start":{"line":68,"column":8},"end":{"line":68,"column":27}},"loc":{"start":{"line":68,"column":52},"end":{"line":70,"column":3}},"line":68},"9":{"name":"(anonymous_9)","decl":{"start":{"line":72,"column":2},"end":{"line":72,"column":10}},"loc":{"start":{"line":72,"column":13},"end":{"line":74,"column":3}},"line":72}},"branchMap":{"0":{"loc":{"start":{"line":36,"column":17},"end":{"line":36,"column":80}},"type":"binary-expr","locations":[{"start":{"line":36,"column":17},"end":{"line":36,"column":39}},{"start":{"line":36,"column":43},"end":{"line":36,"column":80}}],"line":36}},"s":{"0":2,"1":2,"2":1,"3":1,"4":1,"5":1,"6":1,"7":3,"8":1,"9":1,"10":1,"11":1},"f":{"0":2,"1":1,"2":1,"3":1,"4":1,"5":3,"6":1,"7":1,"8":1,"9":1},"b":{"0":[2,2]},"meta":{"lastBranch":1,"lastFunction":10,"lastStatement":12,"seen":{"f:4:2:4:13":0,"s:5:4:34:7":0,"s:36:4:36:81":1,"b:36:17:36:39:36:43:36:80":0,"f:39:8:39:14":1,"s:40:18:40:43":2,"s:41:4:41:30":3,"f:44:8:44:16":2,"s:45:4:45:41":4,"f:48:8:48:20":3,"s:49:4:49:45":5,"f:52:8:52:15":4,"s:53:4:53:37":6,"f:56:8:56:18":5,"s:57:4:57:77":7,"f:60:8:60:18":6,"s:61:4:61:50":8,"f:64:8:64:20":7,"s:65:4:65:54":9,"f:68:8:68:27":8,"s:69:4:69:70":10,"f:72:2:72:10":9,"s:73:4:73:22":11}}}
,"/home/runner/work/Online_Food_DeliVary-1/Online_Food_DeliVary-1/backend/src/models/UserModel.js": {"path":"/home/runner/work/Online_Food_DeliVary-1/Online_Food_DeliVary-1/backend/src/models/UserModel.js","statementMap":{"0":{"start":{"line":5,"column":4},"end":{"line":15,"column":7}},"1":{"start":{"line":17,"column":4},"end":{"line":17,"column":77}},"2":{"start":{"line":21,"column":17},"end":{"line":21,"column":41}},"3":{"start":{"line":22,"column":4},"end":{"line":22,"column":29}},"4":{"start":{"line":26,"column":4},"end":{"line":26,"column":41}},"5":{"start":{"line":30,"column":4},"end":{"line":30,"column":47}},"6":{"start":{"line":34,"column":4},"end":{"line":34,"column":77}},"7":{"start":{"line":38,"column":4},"end":{"line":38,"column":50}},"8":{"start":{"line":42,"column":4},"end":{"line":42,"column":83}},"9":{"start":{"line":46,"column":4},"end":{"line":46,"column":87}},"10":{"start":{"line":50,"column":4},"end":{"line":50,"column":22}}},"fnMap":{"0":{"name":"(anonymous_0)","decl":{"start":{"line":4,"column":2},"end":{"line":4,"column":13}},"loc":{"start":{"line":4,"column":16},"end":{"line":18,"column":3}},"line":4},"1":{"name":"(anonymous_1)","decl":{"start":{"line":20,"column":8},"end":{"line":20,"column":14}},"loc":{"start":{"line":20,"column":25},"end":{"line":23,"column":3}},"line":20},"2":{"name":"(anonymous_2)","decl":{"start":{"line":25,"column":8},"end":{"line":25,"column":16}},"loc":{"start":{"line":25,"column":21},"end":{"line":27,"column":3}},"line":25},"3":{"name":"(anonymous_3)","decl":{"start":{"line":29,"column":8},"end":{"line":29,"column":19}},"loc":{"start":{"line":29,"column":27},"end":{"line":31,"column":3}},"line":29},"4":{"name":"(anonymous_4)","decl":{"start":{"line":33,"column":8},"end":{"line":33,"column":18}},"loc":{"start":{"line":33,"column":35},"end":{"line":35,"column":3}},"line":33},"5":{"name":"(anonymous_5)","decl":{"start":{"line":37,"column":8},"end":{"line":37,"column":18}},"loc":{"start":{"line":37,"column":23},"end":{"line":39,"column":3}},"line":37},"6":{"name":"(anonymous_6)","decl":{"start":{"line":41,"column":8},"end":{"line":41,"column":18}},"loc":{"start":{"line":41,"column":37},"end":{"line":43,"column":3}},"line":41},"7":{"name":"(anonymous_7)","decl":{"start":{"line":45,"column":8},"end":{"line":45,"column":17}},"loc":{"start":{"line":45,"column":26},"end":{"line":47,"column":3}},"line":45},"8":{"name":"(anonymous_8)","decl":{"start":{"line":49,"column":2},"end":{"line":49,"column":10}},"loc":{"start":{"line":49,"column":13},"end":{"line":51,"column":3}},"line":49}},"branchMap":{"0":{"loc":{"start":{"line":17,"column":17},"end":{"line":17,"column":76}},"type":"binary-expr","locations":[{"start":{"line":17,"column":17},"end":{"line":17,"column":37}},{"start":{"line":17,"column":41},"end":{"line":17,"column":76}}],"line":17}},"s":{"0":4,"1":4,"2":1,"3":1,"4":1,"5":1,"6":1,"7":1,"8":1,"9":1,"10":1},"f":{"0":4,"1":1,"2":1,"3":1,"4":1,"5":1,"6":1,"7":1,"8":1},"b":{"0":[4,4]},"meta":{"lastBranch":1,"lastFunction":9,"lastStatement":11,"seen":{"f:4:2:4:13":0,"s:5:4:15:7":0,"s:17:4:17:77":1,"b:17:17:17:37:17:41:17:76":0,"f:20:8:20:14":1,"s:21:17:21:41":2,"s:22:4:22:29":3,"f:25:8:25:16":2,"s:26:4:26:41":4,"f:29:8:29:19":3,"s:30:4:30:47":5,"f:33:8:33:18":4,"s:34:4:34:77":6,"f:37:8:37:18":5,"s:38:4:38:50":7,"f:41:8:41:18":6,"s:42:4:42:83":8,"f:45:8:45:17":7,"s:46:4:46:87":9,"f:49:2:49:10":8,"s:50:4:50:22":10}}}
,"/home/runner/work/Online_Food_DeliVary-1/Online_Food_DeliVary-1/backend/src/services/CartService.js": {"path":"/home/runner/work/Online_Food_DeliVary-1/Online_Food_DeliVary-1/backend/src/services/CartService.js","statementMap":{"0":{"start":{"line":10,"column":4},"end":{"line":10,"column":null}},"1":{"start":{"line":11,"column":4},"end":{"line":11,"column":null}},"2":{"start":{"line":16,"column":17},"end":{"line":16,"column":54}},"3":{"start":{"line":17,"column":4},"end":{"line":19,"column":null}},"4":{"start":{"line":18,"column":6},"end":{"line":18,"column":null}},"5":{"start":{"line":20,"column":4},"end":{"line":22,"column":null}},"6":{"start":{"line":21,"column":6},"end":{"line":21,"column":null}},"7":{"start":{"line":24,"column":17},"end":{"line":24,"column":54}},"8":{"start":{"line":25,"column":4},"end":{"line":27,"column":null}},"9":{"start":{"line":26,"column":6},"end":{"line":26,"column":null}},"10":{"start":{"line":29,"column":21},"end":{"line":29,"column":41}},"11":{"start":{"line":31,"column":4},"end":{"line":35,"column":null}},"12":{"start":{"line":32,"column":6},"end":{"line":32,"column":null}},"13":{"start":{"line":34,"column":6},"end":{"line":34,"column":null}},"14":{"start":{"line":37,"column":4},"end":{"line":37,"column":null}},"15":{"start":{"line":39,"column":4},"end":{"line":39,"column":null}},"16":{"start":{"line":43,"column":17},"end":{"line":43,"column":54}},"17":{"start":{"line":44,"column":4},"end":{"line":46,"column":null}},"18":{"start":{"line":45,"column":6},"end":{"line":45,"column":null}},"19":{"start":{"line":48,"column":21},"end":{"line":48,"column":41}},"20":{"start":{"line":50,"column":4},"end":{"line":52,"column":null}},"21":{"start":{"line":51,"column":6},"end":{"line":51,"column":null}},"22":{"start":{"line":54,"column":4},"end":{"line":54,"column":null}},"23":{"start":{"line":56,"column":4},"end":{"line":58,"column":null}},"24":{"start":{"line":57,"column":6},"end":{"line":57,"column":null}},"25":{"start":{"line":60,"column":4},"end":{"line":60,"column":null}},"26":{"start":{"line":62,"column":4},"end":{"line":62,"column":null}},"27":{"start":{"line":66,"column":17},"end":{"line":66,"column":54}},"28":{"start":{"line":67,"column":4},"end":{"line":69,"column":null}},"29":{"start":{"line":68,"column":6},"end":{"line":68,"column":null}},"30":{"start":{"line":71,"column":4},"end":{"line":71,"column":null}},"31":{"start":{"line":75,"column":4},"end":{"line":75,"column":null}},"32":{"start":{"line":76,"column":4},"end":{"line":76,"column":null}}},"fnMap":{"0":{"name":"(anonymous_0)","decl":{"start":{"line":9,"column":2},"end":{"line":9,"column":13}},"loc":{"start":{"line":9,"column":50},"end":{"line":12,"column":null}},"line":9},"1":{"name":"(anonymous_1)","decl":{"start":{"line":14,"column":8},"end":{"line":14,"column":17}},"loc":{"start":{"line":14,"column":34},"end":{"line":40,"column":null}},"line":14},"2":{"name":"(anonymous_2)","decl":{"start":{"line":42,"column":8},"end":{"line":42,"column":22}},"loc":{"start":{"line":42,"column":39},"end":{"line":63,"column":null}},"line":42},"3":{"name":"(anonymous_3)","decl":{"start":{"line":65,"column":8},"end":{"line":65,"column":15}},"loc":{"start":{"line":65,"column":24},"end":{"line":72,"column":null}},"line":65},"4":{"name":"(anonymous_4)","decl":{"start":{"line":74,"column":8},"end":{"line":74,"column":17}},"loc":{"start":{"line":74,"column":26},"end":{"line":77,"column":null}},"line":74}},"branchMap":{"0":{"loc":{"start":{"line":9,"column":14},"end":{"line":9,"column":30}},"type":"default-arg","locations":[{"start":{"line":9,"column":26},"end":{"line":9,"column":30}}],"line":9},"1":{"loc":{"start":{"line":9,"column":32},"end":{"line":9,"column":48}},"type":"default-arg","locations":[{"start":{"line":9,"column":44},"end":{"line":9,"column":48}}],"line":9},"2":{"loc":{"start":{"line":10,"column":21},"end":{"line":10,"column":43}},"type":"binary-expr","locations":[{"start":{"line":10,"column":21},"end":{"line":10,"column":30}},{"start":{"line":10,"column":34},"end":{"line":10,"column":43}}],"line":10},"3":{"loc":{"start":{"line":11,"column":21},"end":{"line":11,"column":43}},"type":"binary-expr","locations":[{"start":{"line":11,"column":21},"end":{"line":11,"column":30}},{"start":{"line":11,"column":34},"end":{"line":11,"column":43}}],"line":11},"4":{"loc":{"start":{"line":17,"column":4},"end":{"line":19,"column":null}},"type":"if","locations":[{"start":{"line":17,"column":4},"end":{"line":19,"column":null}},{"start":{},"end":{}}],"line":17},"5":{"loc":{"start":{"line":20,"column":4},"end":{"line":22,"column":null}},"type":"if","locations":[{"start":{"line":20,"column":4},"end":{"line":22,"column":null}},{"start":{},"end":{}}],"line":20},"6":{"loc":{"start":{"line":25,"column":4},"end":{"line":27,"column":null}},"type":"if","locations":[{"start":{"line":25,"column":4},"end":{"line":27,"column":null}},{"start":{},"end":{}}],"line":25},"7":{"loc":{"start":{"line":31,"column":4},"end":{"line":35,"column":null}},"type":"if","locations":[{"start":{"line":31,"column":4},"end":{"line":35,"column":null}},{"start":{"line":33,"column":11},"end":{"line":35,"column":null}}],"line":31},"8":{"loc":{"start":{"line":44,"column":4},"end":{"line":46,"column":null}},"type":"if","locations":[{"start":{"line":44,"column":4},"end":{"line":46,"column":null}},{"start":{},"end":{}}],"line":44},"9":{"loc":{"start":{"line":50,"column":4},"end":{"line":52,"column":null}},"type":"if","locations":[{"start":{"line":50,"column":4},"end":{"line":52,"column":null}},{"start":{},"end":{}}],"line":50},"10":{"loc":{"start":{"line":50,"column":8},"end":{"line":50,"column":50}},"type":"binary-expr","locations":[{"start":{"line":50,"column":8},"end":{"line":50,"column":25}},{"start":{"line":50,"column":29},"end":{"line":50,"column":50}}],"line":50},"11":{"loc":{"start":{"line":56,"column":4},"end":{"line":58,"column":null}},"type":"if","locations":[{"start":{"line":56,"column":4},"end":{"line":58,"column":null}},{"start":{},"end":{}}],"line":56},"12":{"loc":{"start":{"line":67,"column":4},"end":{"line":69,"column":null}},"type":"if","locations":[{"start":{"line":67,"column":4},"end":{"line":69,"column":null}},{"start":{},"end":{}}],"line":67},"13":{"loc":{"start":{"line":71,"column":23},"end":{"line":71,"column":42}},"type":"binary-expr","locations":[{"start":{"line":71,"column":23},"end":{"line":71,"column":36}},{"start":{"line":71,"column":40},"end":{"line":71,"column":42}}],"line":71}},"s":{"0":13,"1":13,"2":5,"3":5,"4":1,"5":4,"6":1,"7":3,"8":3,"9":1,"10":2,"11":2,"12":1,"13":1,"14":2,"15":2,"16":4,"17":4,"18":1,"19":3,"20":3,"21":1,"22":2,"23":2,"24":1,"25":2,"26":2,"27":3,"28":3,"29":1,"30":2,"31":1,"32":1},"f":{"0":13,"1":5,"2":4,"3":3,"4":1},"b":{"0":[13],"1":[13],"2":[13,0],"3":[13,0],"4":[1,4],"5":[1,3],"6":[1,2],"7":[1,1],"8":[1,3],"9":[1,2],"10":[3,2],"11":[1,1],"12":[1,2],"13":[2,1]},"meta":{"lastBranch":14,"lastFunction":5,"lastStatement":33,"seen":{"f:9:2:9:13":0,"b:9:26:9:30":0,"b:9:44:9:48":1,"s:10:4:10:Infinity":0,"b:10:21:10:30:10:34:10:43":2,"s:11:4:11:Infinity":1,"b:11:21:11:30:11:34:11:43":3,"f:14:8:14:17":1,"s:16:17:16:54":2,"b:17:4:19:Infinity:undefined:undefined:undefined:undefined":4,"s:17:4:19:Infinity":3,"s:18:6:18:Infinity":4,"b:20:4:22:Infinity:undefined:undefined:undefined:undefined":5,"s:20:4:22:Infinity":5,"s:21:6:21:Infinity":6,"s:24:17:24:54":7,"b:25:4:27:Infinity:undefined:undefined:undefined:undefined":6,"s:25:4:27:Infinity":8,"s:26:6:26:Infinity":9,"s:29:21:29:41":10,"b:31:4:35:Infinity:33:11:35:Infinity":7,"s:31:4:35:Infinity":11,"s:32:6:32:Infinity":12,"s:34:6:34:Infinity":13,"s:37:4:37:Infinity":14,"s:39:4:39:Infinity":15,"f:42:8:42:22":2,"s:43:17:43:54":16,"b:44:4:46:Infinity:undefined:undefined:undefined:undefined":8,"s:44:4:46:Infinity":17,"s:45:6:45:Infinity":18,"s:48:21:48:41":19,"b:50:4:52:Infinity:undefined:undefined:undefined:undefined":9,"s:50:4:52:Infinity":20,"b:50:8:50:25:50:29:50:50":10,"s:51:6:51:Infinity":21,"s:54:4:54:Infinity":22,"b:56:4:58:Infinity:undefined:undefined:undefined:undefined":11,"s:56:4:58:Infinity":23,"s:57:6:57:Infinity":24,"s:60:4:60:Infinity":25,"s:62:4:62:Infinity":26,"f:65:8:65:15":3,"s:66:17:66:54":27,"b:67:4:69:Infinity:undefined:undefined:undefined:undefined":12,"s:67:4:69:Infinity":28,"s:68:6:68:Infinity":29,"s:71:4:71:Infinity":30,"b:71:23:71:36:71:40:71:42":13,"f:74:8:74:17":4,"s:75:4:75:Infinity":31,"s:76:4:76:Infinity":32}}}
,"/home/runner/work/Online_Food_DeliVary-1/Online_Food_DeliVary-1/backend/src/services/EmailService.js": {"path":"/home/runner/work/Online_Food_DeliVary-1/Online_Food_DeliVary-1/backend/src/services/EmailService.js","statementMap":{"0":{"start":{"line":8,"column":24},"end":{"line":15,"column":6}},"1":{"start":{"line":17,"column":4},"end":{"line":23,"column":null}},"2":{"start":{"line":27,"column":4},"end":{"line":32,"column":null}}},"fnMap":{"0":{"name":"(anonymous_0)","decl":{"start":{"line":7,"column":8},"end":{"line":7,"column":17}},"loc":{"start":{"line":7,"column":50},"end":{"line":24,"column":null}},"line":7},"1":{"name":"(anonymous_1)","decl":{"start":{"line":26,"column":8},"end":{"line":26,"column":29}},"loc":{"start":{"line":26,"column":54},"end":{"line":33,"column":null}},"line":26}},"branchMap":{"0":{"loc":{"start":{"line":7,"column":37},"end":{"line":7,"column":48}},"type":"default-arg","locations":[{"start":{"line":7,"column":44},"end":{"line":7,"column":48}}],"line":7},"1":{"loc":{"start":{"line":9,"column":12},"end":{"line":9,"column":54}},"type":"binary-expr","locations":[{"start":{"line":9,"column":12},"end":{"line":9,"column":34}},{"start":{"line":9,"column":38},"end":{"line":9,"column":54}}],"line":9},"2":{"loc":{"start":{"line":10,"column":12},"end":{"line":10,"column":41}},"type":"binary-expr","locations":[{"start":{"line":10,"column":12},"end":{"line":10,"column":34}},{"start":{"line":10,"column":38},"end":{"line":10,"column":41}}],"line":10},"3":{"loc":{"start":{"line":18,"column":12},"end":{"line":18,"column":64}},"type":"binary-expr","locations":[{"start":{"line":18,"column":12},"end":{"line":18,"column":34}},{"start":{"line":18,"column":38},"end":{"line":18,"column":64}}],"line":18}},"s":{"0":5,"1":5,"2":2},"f":{"0":5,"1":2},"b":{"0":[5],"1":[5,5],"2":[5,5],"3":[5,5]},"meta":{"lastBranch":4,"lastFunction":2,"lastStatement":3,"seen":{"f:7:8:7:17":0,"b:7:44:7:48":0,"s:8:24:15:6":0,"b:9:12:9:34:9:38:9:54":1,"b:10:12:10:34:10:38:10:41":2,"s:17:4:23:Infinity":1,"b:18:12:18:34:18:38:18:64":3,"f:26:8:26:29":1,"s:27:4:32:Infinity":2}}}
,"/home/runner/work/Online_Food_DeliVary-1/Online_Food_DeliVary-1/backend/src/services/FoodService.js": {"path":"/home/runner/work/Online_Food_DeliVary-1/Online_Food_DeliVary-1/backend/src/services/FoodService.js","statementMap":{"0":{"start":{"line":12,"column":4},"end":{"line":12,"column":44}},"1":{"start":{"line":16,"column":4},"end":{"line":18,"column":5}},"2":{"start":{"line":17,"column":6},"end":{"line":17,"column":61}},"3":{"start":{"line":20,"column":20},"end":{"line":27,"column":6}},"4":{"start":{"line":29,"column":4},"end":{"line":29,"column":19}},"5":{"start":{"line":33,"column":18},"end":{"line":33,"column":20}},"6":{"start":{"line":35,"column":4},"end":{"line":37,"column":5}},"7":{"start":{"line":36,"column":6},"end":{"line":36,"column":40}},"8":{"start":{"line":39,"column":4},"end":{"line":41,"column":5}},"9":{"start":{"line":40,"column":6},"end":{"line":40,"column":46}},"10":{"start":{"line":43,"column":20},"end":{"line":47,"column":5}},"11":{"start":{"line":49,"column":4},"end":{"line":49,"column":56}},"12":{"start":{"line":53,"column":17},"end":{"line":53,"column":54}},"13":{"start":{"line":54,"column":4},"end":{"line":56,"column":5}},"14":{"start":{"line":55,"column":6},"end":{"line":55,"column":45}},"15":{"start":{"line":57,"column":4},"end":{"line":57,"column":16}},"16":{"start":{"line":61,"column":4},"end":{"line":63,"column":5}},"17":{"start":{"line":62,"column":6},"end":{"line":62,"column":16}},"18":{"start":{"line":64,"column":4},"end":{"line":64,"column":51}},"19":{"start":{"line":68,"column":17},"end":{"line":68,"column":54}},"20":{"start":{"line":69,"column":4},"end":{"line":71,"column":5}},"21":{"start":{"line":70,"column":6},"end":{"line":70,"column":45}},"22":{"start":{"line":73,"column":20},"end":{"line":73,"column":37}},"23":{"start":{"line":75,"column":4},"end":{"line":78,"column":5}},"24":{"start":{"line":76,"column":6},"end":{"line":76,"column":42}},"25":{"start":{"line":77,"column":6},"end":{"line":77,"column":41}},"26":{"start":{"line":80,"column":4},"end":{"line":82,"column":5}},"27":{"start":{"line":81,"column":6},"end":{"line":81,"column":44}},"28":{"start":{"line":84,"column":4},"end":{"line":84,"column":56}},"29":{"start":{"line":88,"column":17},"end":{"line":88,"column":54}},"30":{"start":{"line":89,"column":4},"end":{"line":91,"column":5}},"31":{"start":{"line":90,"column":6},"end":{"line":90,"column":45}},"32":{"start":{"line":93,"column":4},"end":{"line":93,"column":40}},"33":{"start":{"line":94,"column":4},"end":{"line":94,"column":40}},"34":{"start":{"line":96,"column":4},"end":{"line":96,"column":57}},"35":{"start":{"line":100,"column":4},"end":{"line":100,"column":26}},"36":{"start":{"line":100,"column":19},"end":{"line":100,"column":26}},"37":{"start":{"line":102,"column":21},"end":{"line":102,"column":62}},"38":{"start":{"line":103,"column":4},"end":{"line":109,"column":5}},"39":{"start":{"line":104,"column":6},"end":{"line":108,"column":7}},"40":{"start":{"line":105,"column":8},"end":{"line":105,"column":32}},"41":{"start":{"line":107,"column":8},"end":{"line":107,"column":54}}},"fnMap":{"0":{"name":"(anonymous_0)","decl":{"start":{"line":11,"column":2},"end":{"line":11,"column":13}},"loc":{"start":{"line":11,"column":32},"end":{"line":13,"column":3}},"line":11},"1":{"name":"(anonymous_1)","decl":{"start":{"line":15,"column":8},"end":{"line":15,"column":15}},"loc":{"start":{"line":15,"column":37},"end":{"line":30,"column":3}},"line":15},"2":{"name":"(anonymous_2)","decl":{"start":{"line":32,"column":8},"end":{"line":32,"column":19}},"loc":{"start":{"line":32,"column":34},"end":{"line":50,"column":3}},"line":32},"3":{"name":"(anonymous_3)","decl":{"start":{"line":52,"column":8},"end":{"line":52,"column":19}},"loc":{"start":{"line":52,"column":28},"end":{"line":58,"column":3}},"line":52},"4":{"name":"(anonymous_4)","decl":{"start":{"line":60,"column":8},"end":{"line":60,"column":19}},"loc":{"start":{"line":60,"column":32},"end":{"line":65,"column":3}},"line":60},"5":{"name":"(anonymous_5)","decl":{"start":{"line":67,"column":8},"end":{"line":67,"column":18}},"loc":{"start":{"line":67,"column":50},"end":{"line":85,"column":3}},"line":67},"6":{"name":"(anonymous_6)","decl":{"start":{"line":87,"column":8},"end":{"line":87,"column":18}},"loc":{"start":{"line":87,"column":27},"end":{"line":97,"column":3}},"line":87},"7":{"name":"(anonymous_7)","decl":{"start":{"line":99,"column":8},"end":{"line":99,"column":20}},"loc":{"start":{"line":99,"column":31},"end":{"line":110,"column":3}},"line":99}},"branchMap":{"0":{"loc":{"start":{"line":11,"column":14},"end":{"line":11,"column":30}},"type":"default-arg","locations":[{"start":{"line":11,"column":26},"end":{"line":11,"column":30}}],"line":11},"1":{"loc":{"start":{"line":12,"column":21},"end":{"line":12,"column":43}},"type":"binary-expr","locations":[{"start":{"line":12,"column":21},"end":{"line":12,"column":30}},{"start":{"line":12,"column":34},"end":{"line":12,"column":43}}],"line":12},"2":{"loc":{"start":{"line":16,"column":4},"end":{"line":18,"column":5}},"type":"if","locations":[{"start":{"line":16,"column":4},"end":{"line":18,"column":5}},{"start":{},"end":{}}],"line":16},"3":{"loc":{"start":{"line":16,"column":8},"end":{"line":16,"column":55}},"type":"binary-expr","locations":[{"start":{"line":16,"column":8},"end":{"line":16,"column":22}},{"start":{"line":16,"column":26},"end":{"line":16,"column":41}},{"start":{"line":16,"column":45},"end":{"line":16,"column":55}}],"line":16},"4":{"loc":{"start":{"line":22,"column":19},"end":{"line":22,"column":45}},"type":"binary-expr","locations":[{"start":{"line":22,"column":19},"end":{"line":22,"column":39}},{"start":{"line":22,"column":43},"end":{"line":22,"column":45}}],"line":22},"5":{"loc":{"start":{"line":24,"column":16},"end":{"line":24,"column":44}},"type":"binary-expr","locations":[{"start":{"line":24,"column":16},"end":{"line":24,"column":33}},{"start":{"line":24,"column":37},"end":{"line":24,"column":44}}],"line":24},"6":{"loc":{"start":{"line":26,"column":19},"end":{"line":26,"column":83}},"type":"cond-expr","locations":[{"start":{"line":26,"column":56},"end":{"line":26,"column":76}},{"start":{"line":26,"column":79},"end":{"line":26,"column":83}}],"line":26},"7":{"loc":{"start":{"line":32,"column":20},"end":{"line":32,"column":32}},"type":"default-arg","locations":[{"start":{"line":32,"column":30},"end":{"line":32,"column":32}}],"line":32},"8":{"loc":{"start":{"line":35,"column":4},"end":{"line":37,"column":5}},"type":"if","locations":[{"start":{"line":35,"column":4},"end":{"line":37,"column":5}},{"start":{},"end":{}}],"line":35},"9":{"loc":{"start":{"line":39,"column":4},"end":{"line":41,"column":5}},"type":"if","locations":[{"start":{"line":39,"column":4},"end":{"line":41,"column":5}},{"start":{},"end":{}}],"line":39},"10":{"loc":{"start":{"line":44,"column":12},"end":{"line":44,"column":45}},"type":"binary-expr","locations":[{"start":{"line":44,"column":12},"end":{"line":44,"column":24}},{"start":{"line":44,"column":28},"end":{"line":44,"column":45}}],"line":44},"11":{"loc":{"start":{"line":54,"column":4},"end":{"line":56,"column":5}},"type":"if","locations":[{"start":{"line":54,"column":4},"end":{"line":56,"column":5}},{"start":{},"end":{}}],"line":54},"12":{"loc":{"start":{"line":61,"column":4},"end":{"line":63,"column":5}},"type":"if","locations":[{"start":{"line":61,"column":4},"end":{"line":63,"column":5}},{"start":{},"end":{}}],"line":61},"13":{"loc":{"start":{"line":61,"column":8},"end":{"line":61,"column":53}},"type":"binary-expr","locations":[{"start":{"line":61,"column":8},"end":{"line":61,"column":19}},{"start":{"line":61,"column":23},"end":{"line":61,"column":53}}],"line":61},"14":{"loc":{"start":{"line":69,"column":4},"end":{"line":71,"column":5}},"type":"if","locations":[{"start":{"line":69,"column":4},"end":{"line":71,"column":5}},{"start":{},"end":{}}],"line":69},"15":{"loc":{"start":{"line":75,"column":4},"end":{"line":78,"column":5}},"type":"if","locations":[{"start":{"line":75,"column":4},"end":{"line":78,"column":5}},{"start":{},"end":{}}],"line":75},"16":{"loc":{"start":{"line":80,"column":4},"end":{"line":82,"column":5}},"type":"if","locations":[{"start":{"line":80,"column":4},"end":{"line":82,"column":5}},{"start":{},"end":{}}],"line":80},"17":{"loc":{"start":{"line":89,"column":4},"end":{"line":91,"column":5}},"type":"if","locations":[{"start":{"line":89,"column":4},"end":{"line":91,"column":5}},{"start":{},"end":{}}],"line":89},"18":{"loc":{"start":{"line":100,"column":4},"end":{"line":100,"column":26}},"type":"if","locations":[{"start":{"line":100,"column":4},"end":{"line":100,"column":26}},{"start":{},"end":{}}],"line":100},"19":{"loc":{"start":{"line":103,"column":4},"end":{"line":109,"column":5}},"type":"if","locations":[{"start":{"line":103,"column":4},"end":{"line":109,"column":5}},{"start":{},"end":{}}],"line":103}},"s":{"0":16,"1":4,"2":3,"3":1,"4":1,"5":2,"6":2,"7":1,"8":2,"9":0,"10":2,"11":2,"12":2,"13":2,"14":1,"15":1,"16":3,"17":2,"18":1,"19":3,"20":3,"21":1,"22":2,"23":2,"24":1,"25":1,"26":2,"27":0,"28":2,"29":2,"30":2,"31":1,"32":1,"33":1,"34":1,"35":2,"36":0,"37":2,"38":2,"39":2,"40":2,"41":0},"f":{"0":16,"1":4,"2":2,"3":2,"4":3,"5":3,"6":2,"7":2},"b":{"0":[16],"1":[16,0],"2":[3,1],"3":[4,3,2],"4":[1,0],"5":[4,0],"6":[0,1],"7":[2],"8":[1,1],"9":[0,2],"10":[2,2],"11":[1,1],"12":[2,1],"13":[3,1],"14":[1,2],"15":[1,1],"16":[0,2],"17":[1,1],"18":[0,2],"19":[2,0]},"meta":{"lastBranch":20,"lastFunction":8,"lastStatement":42,"seen":{"f:11:2:11:13":0,"b:11:26:11:30":0,"s:12:4:12:44":0,"b:12:21:12:30:12:34:12:43":1,"f:15:8:15:15":1,"b:16:4:18:5:undefined:undefined:undefined:undefined":2,"s:16:4:18:5":1,"b:16:8:16:22:16:26:16:41:16:45:16:55":3,"s:17:6:17:61":2,"s:20:20:27:6":3,"b:22:19:22:39:22:43:22:45":4,"b:24:16:24:33:24:37:24:44":5,"b:26:56:26:76:26:79:26:83":6,"s:29:4:29:19":4,"f:32:8:32:19":2,"b:32:30:32:32":7,"s:33:18:33:20":5,"b:35:4:37:5:undefined:undefined:undefined:undefined":8,"s:35:4:37:5":6,"s:36:6:36:40":7,"b:39:4:41:5:undefined:undefined:undefined:undefined":9,"s:39:4:41:5":8,"s:40:6:40:46":9,"s:43:20:47:5":10,"b:44:12:44:24:44:28:44:45":10,"s:49:4:49:56":11,"f:52:8:52:19":3,"s:53:17:53:54":12,"b:54:4:56:5:undefined:undefined:undefined:undefined":11,"s:54:4:56:5":13,"s:55:6:55:45":14,"s:57:4:57:16":15,"f:60:8:60:19":4,"b:61:4:63:5:undefined:undefined:undefined:undefined":12,"s:61:4:63:5":16,"b:61:8:61:19:61:23:61:53":13,"s:62:
[...]
locations":[{"start":{"line":13,"column":21},"end":{"line":13,"column":43}},{"start":{"line":13,"column":47},"end":{"line":13,"column":51}}],"line":13},"3":{"loc":{"start":{"line":35,"column":4},"end":{"line":37,"column":5}},"type":"if","locations":[{"start":{"line":35,"column":4},"end":{"line":37,"column":5}},{"start":{},"end":{}}],"line":35},"4":{"loc":{"start":{"line":35,"column":8},"end":{"line":35,"column":36}},"type":"binary-expr","locations":[{"start":{"line":35,"column":8},"end":{"line":35,"column":13}},{"start":{"line":35,"column":17},"end":{"line":35,"column":23}},{"start":{"line":35,"column":27},"end":{"line":35,"column":36}}],"line":35},"5":{"loc":{"start":{"line":39,"column":4},"end":{"line":41,"column":5}},"type":"if","locations":[{"start":{"line":39,"column":4},"end":{"line":41,"column":5}},{"start":{},"end":{}}],"line":39},"6":{"loc":{"start":{"line":43,"column":4},"end":{"line":45,"column":5}},"type":"if","locations":[{"start":{"line":43,"column":4},"end":{"line":45,"column":5}},{"start":{},"end":{}}],"line":43},"7":{"loc":{"start":{"line":49,"column":4},"end":{"line":51,"column":5}},"type":"if","locations":[{"start":{"line":49,"column":4},"end":{"line":51,"column":5}},{"start":{},"end":{}}],"line":49},"8":{"loc":{"start":{"line":79,"column":4},"end":{"line":81,"column":5}},"type":"if","locations":[{"start":{"line":79,"column":4},"end":{"line":81,"column":5}},{"start":{},"end":{}}],"line":79},"9":{"loc":{"start":{"line":79,"column":8},"end":{"line":79,"column":27}},"type":"binary-expr","locations":[{"start":{"line":79,"column":8},"end":{"line":79,"column":14}},{"start":{"line":79,"column":18},"end":{"line":79,"column":27}}],"line":79},"10":{"loc":{"start":{"line":84,"column":4},"end":{"line":86,"column":5}},"type":"if","locations":[{"start":{"line":84,"column":4},"end":{"line":86,"column":5}},{"start":{},"end":{}}],"line":84},"11":{"loc":{"start":{"line":89,"column":4},"end":{"line":91,"column":5}},"type":"if","locations":[{"start":{"line":89,"column":4},"end":{"line":91,"column":5}},{"start":{},"end":{}}],"line":89},"12":{"loc":{"start":{"line":111,"column":4},"end":{"line":113,"column":5}},"type":"if","locations":[{"start":{"line":111,"column":4},"end":{"line":113,"column":5}},{"start":{},"end":{}}],"line":111}},"s":{"0":12,"1":12,"2":4,"3":3,"4":3,"5":2,"6":7,"7":7,"8":1,"9":6,"10":1,"11":5,"12":1,"13":4,"14":4,"15":1,"16":3,"17":3,"18":3,"19":3,"20":4,"21":4,"22":1,"23":3,"24":3,"25":1,"26":2,"27":2,"28":1,"29":1,"30":1,"31":1,"32":2,"33":2,"34":1,"35":1},"f":{"0":12,"1":4,"2":3,"3":2,"4":7,"5":4,"6":2},"b":{"0":[12],"1":[12,0],"2":[12,12],"3":[1,6],"4":[7,6,6],"5":[1,5],"6":[1,4],"7":[1,3],"8":[1,3],"9":[4,3],"10":[1,2],"11":[1,1],"12":[1,1]},"meta":{"lastBranch":13,"lastFunction":7,"lastStatement":36,"seen":{"f:11:2:11:13":0,"b:11:26:11:30":0,"s:12:4:12:44":0,"b:12:21:12:30:12:34:12:43":1,"s:13:4:13:52":1,"b:13:21:13:43:13:47:13:51":2,"f:16:2:16:15":1,"s:17:4:19:7":2,"f:22:8:22:20":2,"s:23:17:23:41":3,"s:24:4:24:45":4,"f:27:8:27:22":3,"s:28:4:28:58":5,"f:31:8:31:16":4,"s:32:38:32:46":6,"b:35:4:37:5:undefined:undefined:undefined:undefined":3,"s:35:4:37:5":7,"b:35:8:35:13:35:17:35:23:35:27:35:36":4,"s:36:6:36:65":8,"b:39:4:41:5:undefined:undefined:undefined:undefined":5,"s:39:4:41:5":9,"s:40:6:40:45":10,"b:43:4:45:5:undefined:undefined:undefined:undefined":6,"s:43:4:45:5":11,"s:44:6:44:64":12,"s:48:25:48:64":13,"b:49:4:51:5:undefined:undefined:undefined:undefined":7,"s:49:4:51:5":14,"s:50:6:50:45":15,"s:54:27:54:60":16,"s:57:20:61:6":17,"s:64:18:64:49":18,"s:66:4:73:6":19,"f:76:8:76:13":5,"s:77:32:77:43":20,"b:79:4:81:5:undefined:undefined:undefined:undefined":8,"s:79:4:81:5":21,"b:79:8:79:14:79:18:79:27":9,"s:80:6:80:59":22,"s:83:17:83:56":23,"b:84:4:86:5:undefined:undefined:undefined:undefined":10,"s:84:4:86:5":24,"s:85:6:85:45":25,"s:88:20:88:70":26,"b:89:4:91:5:undefined:undefined:undefined:undefined":11,"s:89:4:91:5":27,"s:90:6:90:45":28,"s:93:18:93:46":29,"s:96:4:96:73":30,"s:98:4:106:6":31,"f:109:8:109:18":6,"s:110:17:110:54":32,"b:111:4:113:5:undefined:undefined:undefined:undefined":12,"s:111:4:113:5":33,"s:112:6:112:40":34,"s:115:4:120:6":35}}}
,"/home/runner/work/Online_Food_DeliVary-1/Online_Food_DeliVary-1/backend/src/strategies/BaseValidationStrategy.js": {"path":"/home/runner/work/Online_Food_DeliVary-1/Online_Food_DeliVary-1/backend/src/strategies/BaseValidationStrategy.js","statementMap":{"0":{"start":{"line":3,"column":4},"end":{"line":3,"column":null}}},"fnMap":{"0":{"name":"(anonymous_0)","decl":{"start":{"line":2,"column":2},"end":{"line":2,"column":10}},"loc":{"start":{"line":2,"column":18},"end":{"line":4,"column":null}},"line":2}},"branchMap":{},"s":{"0":1},"f":{"0":1},"b":{},"meta":{"lastBranch":0,"lastFunction":1,"lastStatement":1,"seen":{"f:2:2:2:10":0,"s:3:4:3:Infinity":0}}}
,"/home/runner/work/Online_Food_DeliVary-1/Online_Food_DeliVary-1/backend/src/strategies/ImageValidationStrategy.js": {"path":"/home/runner/work/Online_Food_DeliVary-1/Online_Food_DeliVary-1/backend/src/strategies/ImageValidationStrategy.js","statementMap":{"0":{"start":{"line":5,"column":4},"end":{"line":5,"column":null}},"1":{"start":{"line":6,"column":4},"end":{"line":6,"column":null}},"2":{"start":{"line":10,"column":4},"end":{"line":12,"column":null}},"3":{"start":{"line":11,"column":6},"end":{"line":11,"column":null}}},"fnMap":{"0":{"name":"(anonymous_0)","decl":{"start":{"line":4,"column":2},"end":{"line":4,"column":13}},"loc":{"start":{"line":4,"column":37},"end":{"line":7,"column":null}},"line":4},"1":{"name":"(anonymous_1)","decl":{"start":{"line":9,"column":2},"end":{"line":9,"column":10}},"loc":{"start":{"line":9,"column":17},"end":{"line":13,"column":null}},"line":9}},"branchMap":{"0":{"loc":{"start":{"line":4,"column":14},"end":{"line":4,"column":35}},"type":"default-arg","locations":[{"start":{"line":4,"column":33},"end":{"line":4,"column":35}}],"line":4},"1":{"loc":{"start":{"line":6,"column":24},"end":{"line":6,"column":94}},"type":"binary-expr","locations":[{"start":{"line":6,"column":24},"end":{"line":6,"column":36}},{"start":{"line":6,"column":40},"end":{"line":6,"column":94}}],"line":6},"2":{"loc":{"start":{"line":10,"column":4},"end":{"line":12,"column":null}},"type":"if","locations":[{"start":{"line":10,"column":4},"end":{"line":12,"column":null}},{"start":{},"end":{}}],"line":10}},"s":{"0":5,"1":5,"2":6,"3":2},"f":{"0":5,"1":6},"b":{"0":[5],"1":[5,4],"2":[2,4]},"meta":{"lastBranch":3,"lastFunction":2,"lastStatement":4,"seen":{"f:4:2:4:13":0,"b:4:33:4:35":0,"s:5:4:5:Infinity":0,"s:6:4:6:Infinity":1,"b:6:24:6:36:6:40:6:94":1,"f:9:2:9:10":1,"b:10:4:12:Infinity:undefined:undefined:undefined:undefined":2,"s:10:4:12:Infinity":2,"s:11:6:11:Infinity":3}}}
,"/home/runner/work/Online_Food_DeliVary-1/Online_Food_DeliVary-1/backend/src/strategies/PaymentStrategy.js": {"path":"/home/runner/work/Online_Food_DeliVary-1/Online_Food_DeliVary-1/backend/src/strategies/PaymentStrategy.js","statementMap":{"0":{"start":{"line":19,"column":4},"end":{"line":19,"column":null}},"1":{"start":{"line":26,"column":4},"end":{"line":26,"column":null}},"2":{"start":{"line":27,"column":4},"end":{"line":27,"column":null}},"3":{"start":{"line":31,"column":22},"end":{"line":31,"column":63}},"4":{"start":{"line":32,"column":20},"end":{"line":32,"column":86}},"5":{"start":{"line":34,"column":4},"end":{"line":37,"column":null}},"6":{"start":{"line":44,"column":4},"end":{"line":48,"column":null}},"7":{"start":{"line":61,"column":4},"end":{"line":64,"column":null}},"8":{"start":{"line":65,"column":4},"end":{"line":65,"column":null}},"9":{"start":{"line":74,"column":21},"end":{"line":74,"column":44}},"10":{"start":{"line":75,"column":4},"end":{"line":77,"column":null}},"11":{"start":{"line":76,"column":6},"end":{"line":76,"column":null}},"12":{"start":{"line":78,"column":4},"end":{"line":78,"column":null}},"13":{"start":{"line":79,"column":4},"end":{"line":79,"column":null}},"14":{"start":{"line":87,"column":4},"end":{"line":89,"column":null}},"15":{"start":{"line":88,"column":6},"end":{"line":88,"column":null}},"16":{"start":{"line":90,"column":4},"end":{"line":90,"column":null}}},"fnMap":{"0":{"name":"(anonymous_0)","decl":{"start":{"line":18,"column":8},"end":{"line":18,"column":22}},"loc":{"start":{"line":18,"column":37},"end":{"line":20,"column":null}},"line":18},"1":{"name":"(anonymous_1)","decl":{"start":{"line":25,"column":2},"end":{"line":25,"column":13}},"loc":{"start":{"line":25,"column":16},"end":{"line":28,"column":null}},"line":25},"2":{"name":"(anonymous_2)","decl":{"start":{"line":30,"column":8},"end":{"line":30,"column":22}},"loc":{"start":{"line":30,"column":51},"end":{"line":38,"column":null}},"line":30},"3":{"name":"(anonymous_3)","decl":{"start":{"line":43,"column":8},"end":{"line":43,"column":22}},"loc":{"start":{"line":43,"column":36},"end":{"line":49,"column":null}},"line":43},"4":{"name":"(anonymous_4)","decl":{"start":{"line":60,"column":2},"end":{"line":60,"column":13}},"loc":{"start":{"line":60,"column":16},"end":{"line":66,"column":null}},"line":60},"5":{"name":"(anonymous_5)","decl":{"start":{"line":73,"column":2},"end":{"line":73,"column":13}},"loc":{"start":{"line":73,"column":22},"end":{"line":80,"column":null}},"line":73},"6":{"name":"(anonymous_6)","decl":{"start":{"line":86,"column":8},"end":{"line":86,"column":22}},"loc":{"start":{"line":86,"column":36},"end":{"line":91,"column":null}},"line":86}},"branchMap":{"0":{"loc":{"start":{"line":75,"column":4},"end":{"line":77,"column":null}},"type":"if","locations":[{"start":{"line":75,"column":4},"end":{"line":77,"column":null}},{"start":{},"end":{}}],"line":75},"1":{"loc":{"start":{"line":87,"column":4},"end":{"line":89,"column":null}},"type":"if","locations":[{"start":{"line":87,"column":4},"end":{"line":89,"column":null}},{"start":{},"end":{}}],"line":87}},"s":{"0":1,"1":7,"2":7,"3":2,"4":2,"5":2,"6":2,"7":6,"8":6,"9":5,"10":5,"11":1,"12":4,"13":4,"14":3,"15":1,"16":2},"f":{"0":1,"1":7,"2":2,"3":2,"4":6,"5":5,"6":3},"b":{"0":[1,4],"1":[1,2]},"meta":{"lastBranch":2,"lastFunction":7,"lastStatement":17,"seen":{"f:18:8:18:22":0,"s:19:4:19:Infinity":0,"f:25:2:25:13":1,"s:26:4:26:Infinity":1,"s:27:4:27:Infinity":2,"f:30:8:30:22":2,"s:31:22:31:63":3,"s:32:20:32:86":4,"s:34:4:37:Infinity":5,"f:43:8:43:22":3,"s:44:4:48:Infinity":6,"f:60:2:60:13":4,"s:61:4:64:Infinity":7,"s:65:4:65:Infinity":8,"f:73:2:73:13":5,"s:74:21:74:44":9,"b:75:4:77:Infinity:undefined:undefined:undefined:undefined":0,"s:75:4:77:Infinity":10,"s:76:6:76:Infinity":11,"s:78:4:78:Infinity":12,"s:79:4:79:Infinity":13,"f:86:8:86:22":6,"b:87:4:89:Infinity:undefined:undefined:undefined:undefined":1,"s:87:4:89:Infinity":14,"s:88:6:88:Infinity":15,"s:90:4:90:Infinity":16}}}
,"/home/runner/work/Online_Food_DeliVary-1/Online_Food_DeliVary-1/backend/src/strategies/fileUpload/AvatarValidationStrategy.js": {"path":"/home/runner/work/Online_Food_DeliVary-1/Online_Food_DeliVary-1/backend/src/strategies/fileUpload/AvatarValidationStrategy.js","statementMap":{"0":{"start":{"line":5,"column":4},"end":{"line":5,"column":null}}},"fnMap":{"0":{"name":"(anonymous_0)","decl":{"start":{"line":4,"column":2},"end":{"line":4,"column":13}},"loc":{"start":{"line":4,"column":16},"end":{"line":6,"column":null}},"line":4}},"branchMap":{},"s":{"0":11},"f":{"0":11},"b":{},"meta":{"lastBranch":0,"lastFunction":1,"lastStatement":1,"seen":{"f:4:2:4:13":0,"s:5:4:5:Infinity":0}}}
,"/home/runner/work/Online_Food_DeliVary-1/Online_Food_DeliVary-1/backend/src/strategies/fileUpload/BaseValidationStrategy.js": {"path":"/home/runner/work/Online_Food_DeliVary-1/Online_Food_DeliVary-1/backend/src/strategies/fileUpload/BaseValidationStrategy.js","statementMap":{"0":{"start":{"line":3,"column":4},"end":{"line":3,"column":null}}},"fnMap":{"0":{"name":"(anonymous_0)","decl":{"start":{"line":2,"column":2},"end":{"line":2,"column":10}},"loc":{"start":{"line":2,"column":18},"end":{"line":4,"column":null}},"line":2}},"branchMap":{},"s":{"0":1},"f":{"0":1},"b":{},"meta":{"lastBranch":0,"lastFunction":1,"lastStatement":1,"seen":{"f:2:2:2:10":0,"s:3:4:3:Infinity":0}}}
,"/home/runner/work/Online_Food_DeliVary-1/Online_Food_DeliVary-1/backend/src/strategies/fileUpload/DocumentValidationStrategy.js": {"path":"/home/runner/work/Online_Food_DeliVary-1/Online_Food_DeliVary-1/backend/src/strategies/fileUpload/DocumentValidationStrategy.js","statementMap":{"0":{"start":{"line":5,"column":4},"end":{"line":5,"column":null}},"1":{"start":{"line":6,"column":4},"end":{"line":6,"column":null}},"2":{"start":{"line":10,"column":4},"end":{"line":12,"column":null}},"3":{"start":{"line":11,"column":6},"end":{"line":11,"column":null}}},"fnMap":{"0":{"name":"(anonymous_0)","decl":{"start":{"line":4,"column":2},"end":{"line":4,"column":13}},"loc":{"start":{"line":4,"column":37},"end":{"line":7,"column":null}},"line":4},"1":{"name":"(anonymous_1)","decl":{"start":{"line":9,"column":2},"end":{"line":9,"column":10}},"loc":{"start":{"line":9,"column":17},"end":{"line":13,"column":null}},"line":9}},"branchMap":{"0":{"loc":{"start":{"line":4,"column":14},"end":{"line":4,"column":35}},"type":"default-arg","locations":[{"start":{"line":4,"column":33},"end":{"line":4,"column":35}}],"line":4},"1":{"loc":{"start":{"line":6,"column":24},"end":{"line":6,"column":59}},"type":"binary-expr","locations":[{"start":{"line":6,"column":24},"end":{"line":6,"column":36}},{"start":{"line":6,"column":40},"end":{"line":6,"column":59}}],"line":6},"2":{"loc":{"start":{"line":10,"column":4},"end":{"line":12,"column":null}},"type":"if","locations":[{"start":{"line":10,"column":4},"end":{"line":12,"column":null}},{"start":{},"end":{}}],"line":10}},"s":{"0":11,"1":11,"2":3,"3":2},"f":{"0":11,"1":3},"b":{"0":[11],"1":[11,11],"2":[2,1]},"meta":{"lastBranch":3,"lastFunction":2,"lastStatement":4,"seen":{"f:4:2:4:13":0,"b:4:33:4:35":0,"s:5:4:5:Infinity":0,"s:6:4:6:Infinity":1,"b:6:24:6:36:6:40:6:59":1,"f:9:2:9:10":1,"b:10:4:12:Infinity:undefined:undefined:undefined:undefined":2,"s:10:4:12:Infinity":2,"s:11:6:11:Infinity":3}}}
,"/home/runner/work/Online_Food_DeliVary-1/Online_Food_DeliVary-1/backend/src/strategies/fileUpload/ImageValidationStrategy.js": {"path":"/home/runner/work/Online_Food_DeliVary-1/Online_Food_DeliVary-1/backend/src/strategies/fileUpload/ImageValidationStrategy.js","statementMap":{"0":{"start":{"line":5,"column":4},"end":{"line":5,"column":null}},"1":{"start":{"line":6,"column":4},"end":{"line":6,"column":null}},"2":{"start":{"line":10,"column":4},"end":{"line":12,"column":null}},"3":{"start":{"line":11,"column":6},"end":{"line":11,"column":null}}},"fnMap":{"0":{"name":"(anonymous_0)","decl":{"start":{"line":4,"column":2},"end":{"line":4,"column":13}},"loc":{"start":{"line":4,"column":37},"end":{"line":7,"column":null}},"line":4},"1":{"name":"(anonymous_1)","decl":{"start":{"line":9,"column":2},"end":{"line":9,"column":10}},"loc":{"start":{"line":9,"column":17},"end":{"line":13,"column":null}},"line":9}},"branchMap":{"0":{"loc":{"start":{"line":4,"column":14},"end":{"line":4,"column":35}},"type":"default-arg","locations":[{"start":{"line":4,"column":33},"end":{"line":4,"column":35}}],"line":4},"1":{"loc":{"start":{"line":6,"column":24},"end":{"line":6,"column":94}},"type":"binary-expr","locations":[{"start":{"line":6,"column":24},"end":{"line":6,"column":36}},{"start":{"line":6,"column":40},"end":{"line":6,"column":94}}],"line":6},"2":{"loc":{"start":{"line":10,"column":4},"end":{"line":12,"column":null}},"type":"if","locations":[{"start":{"line":10,"column":4},"end":{"line":12,"column":null}},{"start":{},"end":{}}],"line":10}},"s":{"0":23,"1":23,"2":9,"3":4},"f":{"0":23,"1":9},"b":{"0":[23],"1":[23,11],"2":[4,5]},"meta":{"lastBranch":3,"lastFunction":2,"lastStatement":4,"seen":{"f:4:2:4:13":0,"b:4:33:4:35":0,"s:5:4:5:Infinity":0,"s:6:4:6:Infinity":1,"b:6:24:6:36:6:40:6:94":1,"f:9:2:9:10":1,"b:10:4:12:Infinity:undefined:undefined:undefined:undefined":2,"s:10:4:12:Infinity":2,"s:11:6:11:Infinity":3}}}
,"/home/runner/work/Online_Food_DeliVary-1/Online_Food_DeliVary-1/backend/src/strategies/fileUploaded/AvatarValidationStrategy.js": {"path":"/home/runner/work/Online_Food_DeliVary-1/Online_Food_DeliVary-1/backend/src/strategies/fileUploaded/AvatarValidationStrategy.js","statementMap":{"0":{"start":{"line":19,"column":4},"end":{"line":19,"column":null}},"1":{"start":{"line":26,"column":4},"end":{"line":26,"column":null}},"2":{"start":{"line":27,"column":4},"end":{"line":27,"column":null}},"3":{"start":{"line":31,"column":22},"end":{"line":31,"column":63}},"4":{"start":{"line":32,"column":20},"end":{"line":32,"column":86}},"5":{"start":{"line":34,"column":4},"end":{"line":37,"column":null}},"6":{"start":{"line":44,"column":4},"end":{"line":48,"column":null}},"7":{"start":{"line":61,"column":4},"end":{"line":64,"column":null}},"8":{"start":{"line":65,"column":4},"end":{"line":65,"column":null}},"9":{"start":{"line":74,"column":21},"end":{"line":74,"column":44}},"10":{"start":{"line":75,"column":4},"end":{"line":77,"column":null}},"11":{"start":{"line":76,"column":6},"end":{"line":76,"column":null}},"12":{"start":{"line":78,"column":4},"end":{"line":78,"column":null}},"13":{"start":{"line":79,"column":4},"end":{"line":79,"column":null}},"14":{"start":{"line":87,"column":4},"end":{"line":89,"column":null}},"15":{"start":{"line":88,"column":6},"end":{"line":88,"column":null}},"16":{"start":{"line":90,"column":4},"end":{"line":90,"column":null}}},"fnMap":{"0":{"name":"(anonymous_0)","decl":{"start":{"line":18,"column":8},"end":{"line":18,"column":22}},"loc":{"start":{"line":18,"column":37},"end":{"line":20,"column":null}},"line":18},"1":{"name":"(anonymous_1)","decl":{"start":{"line":25,"column":2},"end":{"line":25,"column":13}},"loc":{"start":{"line":25,"column":16},"end":{"line":28,"column":null}},"line":25},"2":{"name":"(anonymous_2)","decl":{"start":{"line":30,"column":8},"end":{"line":30,"column":22}},"loc":{"start":{"line":30,"column":51},"end":{"line":38,"column":null}},"line":30},"3":{"name":"(anonymous_3)","decl":{"start":{"line":43,"column":8},"end":{"line":43,"column":22}},"loc":{"start":{"line":43,"column":36},"end":{"line":49,"column":null}},"line":43},"4":{"name":"(anonymous_4)","decl":{"start":{"line":60,"column":2},"end":{"line":60,"column":13}},"loc":{"start":{"line":60,"column":16},"end":{"line":66,"column":null}},"line":60},"5":{"name":"(anonymous_5)","decl":{"start":{"line":73,"column":2},"end":{"line":73,"column":13}},"loc":{"start":{"line":73,"column":22},"end":{"line":80,"column":null}},"line":73},"6":{"name":"(anonymous_6)","decl":{"start":{"line":86,"column":8},"end":{"line":86,"column":22}},"loc":{"start":{"line":86,"column":36},"end":{"line":91,"column":null}},"line":86}},"branchMap":{"0":{"loc":{"start":{"line":75,"column":4},"end":{"line":77,"column":null}},"type":"if","locations":[{"start":{"line":75,"column":4},"end":{"line":77,"column":null}},{"start":{},"end":{}}],"line":75},"1":{"loc":{"start":{"line":87,"column":4},"end":{"line":89,"column":null}},"type":"if","locations":[{"start":{"line":87,"column":4},"end":{"line":89,"column":null}},{"start":{},"end":{}}],"line":87}},"s":{"0":1,"1":5,"2":5,"3":2,"4":2,"5":2,"6":2,"7":4,"8":4,"9":3,"10":3,"11":1,"12":2,"13":2,"14":3,"15":1,"16":2},"f":{"0":1,"1":5,"2":2,"3":2,"4":4,"5":3,"6":3},"b":{"0":[1,2],"1":[1,2]},"meta":{"lastBranch":2,"lastFunction":7,"lastStatement":17,"seen":{"f:18:8:18:22":0,"s:19:4:19:Infinity":0,"f:25:2:25:13":1,"s:26:4:26:Infinity":1,"s:27:4:27:Infinity":2,"f:30:8:30:22":2,"s:31:22:31:63":3,"s:32:20:32:86":4,"s:34:4:37:Infinity":5,"f:43:8:43:22":3,"s:44:4:48:Infinity":6,"f:60:2:60:13":4,"s:61:4:64:Infinity":7,"s:65:4:65:Infinity":8,"f:73:2:73:13":5,"s:74:21:74:44":9,"b:75:4:77:Infinity:undefined:undefined:undefined:undefined":0,"s:75:4:77:Infinity":10,"s:76:6:76:Infinity":11,"s:78:4:78:Infinity":12,"s:79:4:79:Infinity":13,"f:86:8:86:22":6,"b:87:4:89:Infinity:undefined:undefined:undefined:undefined":1,"s:87:4:89:Infinity":14,"s:88:6:88:Infinity":15,"s:90:4:90:Infinity":16}}}
}
