{"/home/runner/work/Online_Food_DeliVary-1/Online_Food_DeliVary-1/admin/src/App.jsx": {"path":"/home/runner/work/Online_Food_DeliVary-1/Online_Food_DeliVary-1/admin/src/App.jsx","all":false,"statementMap":{"0":{"start":{"line":1,"column":0},"end":{"line":1,"column":3}},"1":{"start":{"line":2,"column":0},"end":{"line":2,"column":29}},"2":{"start":{"line":3,"column":0},"end":{"line":3,"column":2}},"3":{"start":{"line":4,"column":0},"end":{"line":4,"column":19}},"4":{"start":{"line":5,"column":0},"end":{"line":5,"column":73}},"5":{"start":{"line":6,"column":0},"end":{"line":6,"column":80}},"6":{"start":{"line":7,"column":0},"end":{"line":7,"column":82}},"7":{"start":{"line":8,"column":0},"end":{"line":8,"column":3}},"8":{"start":{"line":9,"column":0},"end":{"line":9,"column":66}},"9":{"start":{"line":10,"column":0},"end":{"line":10,"column":49}},"10":{"start":{"line":11,"column":0},"end":{"line":11,"column":48}},"11":{"start":{"line":12,"column":0},"end":{"line":12,"column":47}},"12":{"start":{"line":13,"column":0},"end":{"line":13,"column":0}},"13":{"start":{"line":14,"column":0},"end":{"line":14,"column":52}},"14":{"start":{"line":15,"column":0},"end":{"line":15,"column":60}},"15":{"start":{"line":16,"column":0},"end":{"line":16,"column":61}},"16":{"start":{"line":17,"column":0},"end":{"line":17,"column":0}},"17":{"start":{"line":18,"column":0},"end":{"line":18,"column":51}},"18":{"start":{"line":19,"column":0},"end":{"line":19,"column":53}},"19":{"start":{"line":20,"column":0},"end":{"line":20,"column":40}},"20":{"start":{"line":21,"column":0},"end":{"line":21,"column":42}},"21":{"start":{"line":22,"column":0},"end":{"line":22,"column":46}},"22":{"start":{"line":23,"column":0},"end":{"line":23,"column":52}},"23":{"start":{"line":24,"column":0},"end":{"line":24,"column":0}},"24":{"start":{"line":25,"column":0},"end":{"line":25,"column":19}},"25":{"start":{"line":26,"column":0},"end":{"line":26,"column":0}},"26":{"start":{"line":27,"column":0},"end":{"line":27,"column":82}},"27":{"start":{"line":28,"column":0},"end":{"line":28,"column":50}},"28":{"start":{"line":29,"column":0},"end":{"line":29,"column":0}},"29":{"start":{"line":30,"column":0},"end":{"line":30,"column":34}},"30":{"start":{"line":31,"column":0},"end":{"line":31,"column":41}},"31":{"start":{"line":32,"column":0},"end":{"line":32,"column":71}},"32":{"start":{"line":33,"column":0},"end":{"line":33,"column":13}},"33":{"start":{"line":34,"column":0},"end":{"line":34,"column":2}},"34":{"start":{"line":35,"column":0},"end":{"line":35,"column":81}},"35":{"start":{"line":36,"column":0},"end":{"line":36,"column":0}},"36":{"start":{"line":37,"column":0},"end":{"line":37,"column":41}},"37":{"start":{"line":38,"column":0},"end":{"line":38,"column":0}},"38":{"start":{"line":39,"column":0},"end":{"line":39,"column":19}},"39":{"start":{"line":40,"column":0},"end":{"line":40,"column":34}},"40":{"start":{"line":41,"column":0},"end":{"line":41,"column":49}},"41":{"start":{"line":42,"column":0},"end":{"line":42,"column":12}},"42":{"start":{"line":43,"column":0},"end":{"line":43,"column":10}},"43":{"start":{"line":44,"column":0},"end":{"line":44,"column":41}},"44":{"start":{"line":45,"column":0},"end":{"line":45,"column":42}},"45":{"start":{"line":46,"column":0},"end":{"line":46,"column":6}},"46":{"start":{"line":47,"column":0},"end":{"line":47,"column":9}},"47":{"start":{"line":48,"column":0},"end":{"line":48,"column":0}},"48":{"start":{"line":49,"column":0},"end":{"line":49,"column":10}},"49":{"start":{"line":50,"column":0},"end":{"line":50,"column":46}},"50":{"start":{"line":51,"column":0},"end":{"line":51,"column":27}},"51":{"start":{"line":52,"column":0},"end":{"line":52,"column":64}},"52":{"start":{"line":53,"column":0},"end":{"line":53,"column":18}},"53":{"start":{"line":54,"column":0},"end":{"line":54,"column":37}},"54":{"start":{"line":55,"column":0},"end":{"line":55,"column":21}},"55":{"start":{"line":56,"column":0},"end":{"line":56,"column":40}},"56":{"start":{"line":57,"column":0},"end":{"line":57,"column":20}},"57":{"start":{"line":58,"column":0},"end":{"line":58,"column":65}},"58":{"start":{"line":59,"column":0},"end":{"line":59,"column":65}},"59":{"start":{"line":60,"column":0},"end":{"line":60,"column":59}},"60":{"start":{"line":61,"column":0},"end":{"line":61,"column":60}},"61":{"start":{"line":62,"column":0},"end":{"line":62,"column":62}},"62":{"start":{"line":63,"column":0},"end":{"line":63,"column":21}},"63":{"start":{"line":64,"column":0},"end":{"line":64,"column":16}},"64":{"start":{"line":65,"column":0},"end":{"line":65,"column":14}},"65":{"start":{"line":66,"column":0},"end":{"line":66,"column":12}},"66":{"start":{"line":67,"column":0},"end":{"line":67,"column":30}},"67":{"start":{"line":68,"column":0},"end":{"line":68,"column":4}},"68":{"start":{"line":69,"column":0},"end":{"line":69,"column":2}},"69":{"start":{"line":70,"column":0},"end":{"line":70,"column":0}},"70":{"start":{"line":71,"column":0},"end":{"line":71,"column":19}}},"s":{"0":1,"1":1,"2":1,"3":1,"4":1,"5":1,"6":1,"7":1,"8":1,"9":1,"10":1,"11":1,"12":1,"13":1,"14":1,"15":1,"16":1,"17":1,"18":1,"19":1,"20":1,"21":1,"22":1,"23":1,"24":1,"25":1,"26":1,"27":1,"28":1,"29":1,"30":169,"31":169,"32":155,"33":155,"34":1,"35":1,"36":1,"37":1,"38":1,"39":18,"40":17,"41":17,"42":17,"43":17,"44":17,"45":17,"46":18,"47":18,"48":18,"49":18,"50":18,"51":18,"52":18,"53":18,"54":18,"55":18,"56":18,"57":18,"58":18,"59":18,"60":18,"61":18,"62":18,"63":18,"64":18,"65":18,"66":18,"67":18,"68":18,"69":1,"70":1},"branchMap":{"0":{"type":"branch","line":30,"loc":{"start":{"line":30,"column":27},"end":{"line":34,"column":2}},"locations":[{"start":{"line":30,"column":27},"end":{"line":34,"column":2}}]},"1":{"type":"branch","line":32,"loc":{"start":{"line":32,"column":12},"end":{"line":32,"column":71}},"locations":[{"start":{"line":32,"column":12},"end":{"line":32,"column":71}}]},"2":{"type":"branch","line":32,"loc":{"start":{"line":32,"column":69},"end":{"line":34,"column":2}},"locations":[{"start":{"line":32,"column":69},"end":{"line":34,"column":2}}]},"3":{"type":"branch","line":39,"loc":{"start":{"line":39,"column":12},"end":{"line":69,"column":2}},"locations":[{"start":{"line":39,"column":12},"end":{"line":69,"column":2}}]},"4":{"type":"branch","line":40,"loc":{"start":{"line":40,"column":27},"end":{"line":47,"column":5}},"locations":[{"start":{"line":40,"column":27},"end":{"line":47,"column":5}}]}},"b":{"0":[169],"1":[8],"2":[155],"3":[18],"4":[17]},"fnMap":{"0":{"name":"useServices","decl":{"start":{"line":30,"column":27},"end":{"line":34,"column":2}},"loc":{"start":{"line":30,"column":27},"end":{"line":34,"column":2}},"line":30},"1":{"name":"App","decl":{"start":{"line":39,"column":12},"end":{"line":69,"column":2}},"loc":{"start":{"line":39,"column":12},"end":{"line":69,"column":2}},"line":39}},"f":{"0":169,"1":18}}
,"/home/runner/work/Online_Food_DeliVary-1/Online_Food_DeliVary-1/admin/src/assets/assets.js": {"path":"/home/runner/work/Online_Food_DeliVary-1/Online_Food_DeliVary-1/admin/src/assets/assets.js","all":false,"statementMap":{"0":{"start":{"line":1,"column":0},"end":{"line":1,"column":86}},"1":{"start":{"line":2,"column":0},"end":{"line":2,"column":23}},"2":{"start":{"line":3,"column":0},"end":{"line":3,"column":20}},"3":{"start":{"line":4,"column":0},"end":{"line":4,"column":28}},"4":{"start":{"line":5,"column":0},"end":{"line":5,"column":32}},"5":{"start":{"line":6,"column":0},"end":{"line":6,"column":38}},"6":{"start":{"line":7,"column":0},"end":{"line":7,"column":34}},"7":{"start":{"line":8,"column":0},"end":{"line":8,"column":34}},"8":{"start":{"line":9,"column":0},"end":{"line":9,"column":40}},"9":{"start":{"line":10,"column":0},"end":{"line":10,"column":2}},"10":{"start":{"line":11,"column":0},"end":{"line":11,"column":0}},"11":{"start":{"line":12,"column":0},"end":{"line":12,"column":22}}},"s":{"0":1,"1":1,"2":1,"3":1,"4":1,"5":1,"6":1,"7":1,"8":1,"9":1,"10":1,"11":1},"branchMap":{},"b":{},"fnMap":{},"f":{}}
,"/home/runner/work/Online_Food_DeliVary-1/Online_Food_DeliVary-1/admin/src/components/navbar/Navbar.jsx": {"path":"/home/runner/work/Online_Food_DeliVary-1/Online_Food_DeliVary-1/admin/src/components/navbar/Navbar.jsx","all":false,"statementMap":{"0":{"start":{"line":1,"column":0},"end":{"line":1,"column":51}},"1":{"start":{"line":2,"column":0},"end":{"line":2,"column":22}},"2":{"start":{"line":3,"column":0},"end":{"line":3,"column":45}},"3":{"start":{"line":4,"column":0},"end":{"line":4,"column":57}},"4":{"start":{"line":5,"column":0},"end":{"line":5,"column":0}},"5":{"start":{"line":6,"column":0},"end":{"line":6,"column":30}},"6":{"start":{"line":7,"column":0},"end":{"line":7,"column":0}},"7":{"start":{"line":8,"column":0},"end":{"line":8,"column":22}},"8":{"start":{"line":9,"column":0},"end":{"line":9,"column":88}},"9":{"start":{"line":10,"column":0},"end":{"line":10,"column":50}},"10":{"start":{"line":11,"column":0},"end":{"line":11,"column":69}},"11":{"start":{"line":12,"column":0},"end":{"line":12,"column":0}},"12":{"start":{"line":13,"column":0},"end":{"line":13,"column":19}},"13":{"start":{"line":14,"column":0},"end":{"line":14,"column":28}},"14":{"start":{"line":15,"column":0},"end":{"line":15,"column":59}},"15":{"start":{"line":16,"column":0},"end":{"line":16,"column":26}},"16":{"start":{"line":17,"column":0},"end":{"line":17,"column":20}},"17":{"start":{"line":18,"column":0},"end":{"line":18,"column":27}},"18":{"start":{"line":19,"column":0},"end":{"line":19,"column":7}},"19":{"start":{"line":20,"column":0},"end":{"line":20,"column":6}},"20":{"start":{"line":21,"column":0},"end":{"line":21,"column":0}},"21":{"start":{"line":22,"column":0},"end":{"line":22,"column":48}},"22":{"start":{"line":23,"column":0},"end":{"line":23,"column":18}},"23":{"start":{"line":24,"column":0},"end":{"line":24,"column":53}},"24":{"start":{"line":25,"column":0},"end":{"line":25,"column":6}},"25":{"start":{"line":26,"column":0},"end":{"line":26,"column":9}},"26":{"start":{"line":27,"column":0},"end":{"line":27,"column":0}},"27":{"start":{"line":28,"column":0},"end":{"line":28,"column":28}},"28":{"start":{"line":29,"column":0},"end":{"line":29,"column":26}},"29":{"start":{"line":30,"column":0},"end":{"line":30,"column":27}},"30":{"start":{"line":31,"column":0},"end":{"line":31,"column":22}},"31":{"start":{"line":32,"column":0},"end":{"line":32,"column":59}},"32":{"start":{"line":33,"column":0},"end":{"line":33,"column":4}},"33":{"start":{"line":34,"column":0},"end":{"line":34,"column":0}},"34":{"start":{"line":35,"column":0},"end":{"line":35,"column":10}},"35":{"start":{"line":36,"column":0},"end":{"line":36,"column":56}},"36":{"start":{"line":37,"column":0},"end":{"line":37,"column":35}},"37":{"start":{"line":38,"column":0},"end":{"line":38,"column":22}},"38":{"start":{"line":39,"column":0},"end":{"line":39,"column":17}},"39":{"start":{"line":40,"column":0},"end":{"line":40,"column":25}},"40":{"start":{"line":41,"column":0},"end":{"line":41,"column":62}},"41":{"start":{"line":42,"column":0},"end":{"line":42,"column":32}},"42":{"start":{"line":43,"column":0},"end":{"line":43,"column":39}},"43":{"start":{"line":44,"column":0},"end":{"line":44,"column":11}},"44":{"start":{"line":45,"column":0},"end":{"line":45,"column":34}},"45":{"start":{"line":46,"column":0},"end":{"line":46,"column":19}},"46":{"start":{"line":47,"column":0},"end":{"line":47,"column":10}},"47":{"start":{"line":48,"column":0},"end":{"line":48,"column":74}},"48":{"start":{"line":49,"column":0},"end":{"line":49,"column":12}},"49":{"start":{"line":50,"column":0},"end":{"line":50,"column":10}},"50":{"start":{"line":51,"column":0},"end":{"line":51,"column":24}},"51":{"start":{"line":52,"column":0},"end":{"line":52,"column":21}},"52":{"start":{"line":53,"column":0},"end":{"line":53,"column":34}},"53":{"start":{"line":54,"column":0},"end":{"line":54,"column":50}},"54":{"start":{"line":55,"column":0},"end":{"line":55,"column":8}},"55":{"start":{"line":56,"column":0},"end":{"line":56,"column":10}},"56":{"start":{"line":57,"column":0},"end":{"line":57,"column":4}},"57":{"start":{"line":58,"column":0},"end":{"line":58,"column":2}},"58":{"start":{"line":59,"column":0},"end":{"line":59,"column":0}},"59":{"start":{"line":60,"column":0},"end":{"line":60,"column":22}}},"s":{"0":1,"1":1,"2":1,"3":1,"4":1,"5":1,"6":1,"7":1,"8":24,"9":24,"10":24,"11":24,"12":24,"13":19,"14":1,"15":1,"16":1,"17":1,"18":1,"19":1,"20":19,"21":19,"22":19,"23":19,"24":19,"25":24,"26":24,"27":24,"28":2,"29":2,"30":2,"31":2,"32":2,"33":24,"34":24,"35":24,"36":24,"37":24,"38":6,"39":6,"40":6,"41":6,"42":6,"43":6,"44":6,"45":6,"46":24,"47":24,"48":24,"49":24,"50":24,"51":24,"52":24,"53":24,"54":24,"55":24,"56":24,"57":24,"58":1,"59":1},"branchMap":{"0":{"type":"branch","line":8,"loc":{"start":{"line":8,"column":15},"end":{"line":58,"column":2}},"locations":[{"start":{"line":8,"column":15},"end":{"line":58,"column":2}}]},"1":{"type":"branch","line":38,"loc":{"start":{"line":38,"column":9},"end":{"line":46,"column":19}},"locations":[{"start":{"line":38,"column":9},"end":{"line":46,"column":19}}]},"2":{"type":"branch","line":41,"loc":{"start":{"line":41,"column":24},"end":{"line":41,"column":50}},"locations":[{"start":{"line":41,"column":24},"end":{"line":41,"column":50}}]},"3":{"type":"branch","line":41,"loc":{"start":{"line":41,"column":35},"end":{"line":41,"column":62}},"locations":[{"start":{"line":41,"column":35},"end":{"line":41,"column":62}}]},"4":{"type":"branch","line":45,"loc":{"start":{"line":45,"column":13},"end":{"line":45,"column":30}},"locations":[{"start":{"line":45,"column":13},"end":{"line":45,"column":30}}]},"5":{"type":"branch","line":45,"loc":{"start":{"line":45,"column":24},"end":{"line":45,"column":34}},"locations":[{"start":{"line":45,"column":24},"end":{"line":45,"column":34}}]},"6":{"type":"branch","line":9,"loc":{"start":{"line":9,"column":43},"end":{"line":9,"column":86}},"locations":[{"start":{"line":9,"column":43},"end":{"line":9,"column":86}}]},"7":{"type":"branch","line":13,"loc":{"start":{"line":13,"column":12},"end":{"line":26,"column":5}},"locations":[{"start":{"line":13,"column":12},"end":{"line":26,"column":5}}]},"8":{"type":"branch","line":14,"loc":{"start":{"line":14,"column":21},"end":{"line":20,"column":6}},"locations":[{"start":{"line":14,"column":21},"end":{"line":20,"column":6}}]},"9":{"type":"branch","line":23,"loc":{"start":{"line":23,"column":11},"end":{"line":25,"column":6}},"locations":[{"start":{"line":23,"column":11},"end":{"line":25,"column":6}}]},"10":{"type":"branch","line":28,"loc":{"start":{"line":28,"column":21},"end":{"line":33,"column":4}},"locations":[{"start":{"line":28,"column":21},"end":{"line":33,"column":4}}]},"11":{"type":"branch","line":29,"loc":{"start":{"line":29,"column":19},"end":{"line":29,"column":26}},"locations":[{"start":{"line":29,"column":19},"end":{"line":29,"column":26}}]},"12":{"type":"branch","line":54,"loc":{"start":{"line":54,"column":17},"end":{"line":54,"column":50}},"locations":[{"start":{"line":54,"column":17},"end":{"line":54,"column":50}}]}},"b":{"0":[24],"1":[6],"2":[2],"3":[4],"4":[2],"5":[4],"6":[19],"7":[19],"8":[1],"9":[19],"10":[2],"11":[0],"12":[1]},"fnMap":{"0":{"name":"Navbar","decl":{"start":{"line":8,"column":15},"end":{"line":58,"column":2}},"loc":{"start":{"line":8,"column":15},"end":{"line":58,"column":2}},"line":8},"1":{"name":"onResize","decl":{"start":{"line":14,"column":21},"end":{"line":20,"column":6}},"loc":{"start":{"line":14,"column":21},"end":{"line":20,"column":6}},"line":14},"2":{"name":"toggleMenu","decl":{"start":{"line":28,"column":21},"end":{"line":33,"column":4}},"loc":{"start":{"line":28,"column":21},"end":{"line":33,"column":4}},"line":28},"3":{"name":"onError","decl":{"start":{"line":54,"column":17},"end":{"line":54,"column":50}},"loc":{"start":{"line":54,"column":17},"end":{"line":54,"column":50}},"line":54}},"f":{"0":24,"1":1,"2":2,"3":1}}
,"/home/runner/work/Online_Food_DeliVary-1/Online_Food_DeliVary-1/admin/src/components/sidebar/Sidebar.jsx": {"path":"/home/runner/work/Online_Food_DeliVary-1/Online_Food_DeliVary-1/admin/src/components/sidebar/Sidebar.jsx","all":false,"statementMap":{"0":{"start":{"line":1,"column":0},"end":{"line":1,"column":51}},"1":{"start":{"line":2,"column":0},"end":{"line":2,"column":53}},"2":{"start":{"line":3,"column":0},"end":{"line":3,"column":23}},"3":{"start":{"line":4,"column":0},"end":{"line":4,"column":45}},"4":{"start":{"line":5,"column":0},"end":{"line":5,"column":57}},"5":{"start":{"line":6,"column":0},"end":{"line":6,"column":0}},"6":{"start":{"line":7,"column":0},"end":{"line":7,"column":15}},"7":{"start":{"line":8,"column":0},"end":{"line":8,"column":72}},"8":{"start":{"line":9,"column":0},"end":{"line":9,"column":60}},"9":{"start":{"line":10,"column":0},"end":{"line":10,"column":62}},"10":{"start":{"line":11,"column":0},"end":{"line":11,"column":62}},"11":{"start":{"line":12,"column":0},"end":{"line":12,"column":2}},"12":{"start":{"line":13,"column":0},"end":{"line":13,"column":0}},"13":{"start":{"line":14,"column":0},"end":{"line":14,"column":23}},"14":{"start":{"line":15,"column":0},"end":{"line":15,"column":46}},"15":{"start":{"line":16,"column":0},"end":{"line":16,"column":33}},"16":{"start":{"line":17,"column":0},"end":{"line":17,"column":0}},"17":{"start":{"line":18,"column":0},"end":{"line":18,"column":19}},"18":{"start":{"line":19,"column":0},"end":{"line":19,"column":73}},"19":{"start":{"line":20,"column":0},"end":{"line":20,"column":42}},"20":{"start":{"line":21,"column":0},"end":{"line":21,"column":7}},"21":{"start":{"line":22,"column":0},"end":{"line":22,"column":0}},"22":{"start":{"line":23,"column":0},"end":{"line":23,"column":23}},"23":{"start":{"line":24,"column":0},"end":{"line":24,"column":9}},"24":{"start":{"line":25,"column":0},"end":{"line":25,"column":0}},"25":{"start":{"line":26,"column":0},"end":{"line":26,"column":10}},"26":{"start":{"line":27,"column":0},"end":{"line":27,"column":66}},"27":{"start":{"line":28,"column":0},"end":{"line":28,"column":39}},"28":{"start":{"line":29,"column":0},"end":{"line":29,"column":30}},"29":{"start":{"line":30,"column":0},"end":{"line":30,"column":116}},"30":{"start":{"line":31,"column":0},"end":{"line":31,"column":18}},"31":{"start":{"line":32,"column":0},"end":{"line":32,"column":17}},"32":{"start":{"line":33,"column":0},"end":{"line":33,"column":27}},"33":{"start":{"line":34,"column":0},"end":{"line":34,"column":26}},"34":{"start":{"line":35,"column":0},"end":{"line":35,"column":70}},"35":{"start":{"line":36,"column":0},"end":{"line":36,"column":13}},"36":{"start":{"line":37,"column":0},"end":{"line":37,"column":63}},"37":{"start":{"line":38,"column":0},"end":{"line":38,"column":33}},"38":{"start":{"line":39,"column":0},"end":{"line":39,"column":19}},"39":{"start":{"line":40,"column":0},"end":{"line":40,"column":12}},"40":{"start":{"line":41,"column":0},"end":{"line":41,"column":11}},"41":{"start":{"line":42,"column":0},"end":{"line":42,"column":12}},"42":{"start":{"line":43,"column":0},"end":{"line":43,"column":12}},"43":{"start":{"line":44,"column":0},"end":{"line":44,"column":4}},"44":{"start":{"line":45,"column":0},"end":{"line":45,"column":2}},"45":{"start":{"line":46,"column":0},"end":{"line":46,"column":0}},"46":{"start":{"line":47,"column":0},"end":{"line":47,"column":23}}},"s":{"0":1,"1":1,"2":1,"3":1,"4":1,"5":1,"6":1,"7":1,"8":1,"9":1,"10":1,"11":1,"12":1,"13":1,"14":21,"15":21,"16":21,"17":21,"18":17,"19":3,"20":17,"21":17,"22":17,"23":21,"24":21,"25":21,"26":21,"27":21,"28":21,"29":84,"30":84,"31":84,"32":84,"33":84,"34":84,"35":84,"36":84,"37":84,"38":84,"39":84,"40":21,"41":21,"42":21,"43":21,"44":21,"45":1,"46":1},"branchMap":{"0":{"type":"branch","line":14,"loc":{"start":{"line":14,"column":16},"end":{"line":45,"column":2}},"locations":[{"start":{"line":14,"column":16},"end":{"line":45,"column":2}}]},"1":{"type":"branch","line":27,"loc":{"start":{"line":27,"column":32},"end":{"line":27,"column":60}},"locations":[{"start":{"line":27,"column":32},"end":{"line":27,"column":60}}]},"2":{"type":"branch","line":27,"loc":{"start":{"line":27,"column":41},"end":{"line":27,"column":62}},"locations":[{"start":{"line":27,"column":41},"end":{"line":27,"column":62}}]},"3":{"type":"branch","line":18,"loc":{"start":{"line":18,"column":12},"end":{"line":24,"column":5}},"locations":[{"start":{"line":18,"column":12},"end":{"line":24,"column":5}}]},"4":{"type":"branch","line":19,"loc":{"start":{"line":19,"column":59},"end":{"line":21,"column":5}},"locations":[{"start":{"line":19,"column":59},"end":{"line":21,"column":5}}]},"5":{"type":"branch","line":29,"loc":{"start":{"line":29,"column":19},"end":{"line":41,"column":9}},"locations":[{"start":{"line":29,"column":19},"end":{"line":41,"column":9}}]},"6":{"type":"branch","line":30,"loc":{"start":{"line":30,"column":54},"end":{"line":30,"column":116}},"locations":[{"start":{"line":30,"column":54},"end":{"line":30,"column":116}}]},"7":{"type":"branch","line":30,"loc":{"start":{"line":30,"column":73},"end":{"line":30,"column":116}},"locations":[{"start":{"line":30,"column":73},"end":{"line":30,"column":116}}]},"8":{"type":"branch","line":35,"loc":{"start":{"line":35,"column":42},"end":{"line":35,"column":65}},"locations":[{"start":{"line":35,"column":42},"end":{"line":35,"column":65}}]},"9":{"type":"branch","line":35,"loc":{"start":{"line":35,"column":53},"end":{"line":35,"column":67}},"locations":[{"start":{"line":35,"column":53},"end":{"line":35,"column":67}}]}},"b":{"0":[21],"1":[2],"2":[19],"3":[17],"4":[3],"5":[84],"6":[80],"7":[20],"8":[21],"9":[63]},"fnMap":{"0":{"name":"Sidebar","decl":{"start":{"line":14,"column":16},"end":{"line":45,"column":2}},"loc":{"start":{"line":14,"column":16},"end":{"line":45,"column":2}},"line":14}},"f":{"0":21}}
,"/home/runner/work/Online_Food_DeliVary-1/Online_Food_DeliVary-1/admin/src/events/EventBus.js": {"path":"/home/runner/work/Online_Food_DeliVary-1/Online_Food_DeliVary-1/admin/src/events/EventBus.js","all":false,"statementMap":{"0":{"start":{"line":1,"column":0},"end":{"line":1,"column":16}},"1":{"start":{"line":2,"column":0},"end":{"line":2,"column":26}},"2":{"start":{"line":3,"column":0},"end":{"line":3,"column":25}},"3":{"start":{"line":4,"column":0},"end":{"line":4,"column":0}},"4":{"start":{"line":5,"column":0},"end":{"line":5,"column":24}},"5":{"start":{"line":6,"column":0},"end":{"line":6,"column":65}},"6":{"start":{"line":7,"column":0},"end":{"line":7,"column":30}},"7":{"start":{"line":8,"column":0},"end":{"line":8,"column":3}},"8":{"start":{"line":9,"column":0},"end":{"line":9,"column":0}},"9":{"start":{"line":10,"column":0},"end":{"line":10,"column":52}},"10":{"start":{"line":11,"column":0},"end":{"line":11,"column":23}},"11":{"start":{"line":12,"column":0},"end":{"line":12,"column":75}},"12":{"start":{"line":13,"column":0},"end":{"line":13,"column":45}},"13":{"start":{"line":14,"column":0},"end":{"line":14,"column":62}},"14":{"start":{"line":15,"column":0},"end":{"line":15,"column":3}},"15":{"start":{"line":16,"column":0},"end":{"line":16,"column":0}},"16":{"start":{"line":17,"column":0},"end":{"line":17,"column":17}},"17":{"start":{"line":18,"column":0},"end":{"line":18,"column":24}},"18":{"start":{"line":19,"column":0},"end":{"line":19,"column":61}},"19":{"start":{"line":20,"column":0},"end":{"line":20,"column":3}},"20":{"start":{"line":21,"column":0},"end":{"line":21,"column":1}},"21":{"start":{"line":22,"column":0},"end":{"line":22,"column":0}},"22":{"start":{"line":23,"column":0},"end":{"line":23,"column":78}},"23":{"start":{"line":24,"column":0},"end":{"line":24,"column":23}},"24":{"start":{"line":25,"column":0},"end":{"line":25,"column":38}},"25":{"start":{"line":26,"column":0},"end":{"line":26,"column":40}},"26":{"start":{"line":27,"column":0},"end":{"line":27,"column":47}},"27":{"start":{"line":28,"column":0},"end":{"line":28,"column":42}},"28":{"start":{"line":29,"column":0},"end":{"line":29,"column":2}},"29":{"start":{"line":30,"column":0},"end":{"line":30,"column":0}},"30":{"start":{"line":31,"column":0},"end":{"line":31,"column":38}}},"s":{"0":1,"1":1,"2":1,"3":1,"4":1,"5":2,"6":2,"7":2,"8":1,"9":1,"10":1,"11":22,"12":22,"13":22,"14":22,"15":1,"16":1,"17":1,"18":4,"19":4,"20":1,"21":1,"22":1,"23":1,"24":1,"25":1,"26":1,"27":1,"28":1,"29":1,"30":1},"branchMap":{"0":{"type":"branch","line":2,"loc":{"start":{"line":2,"column":2},"end":{"line":2,"column":25}},"locations":[{"start":{"line":2,"column":2},"end":{"line":2,"column":25}}]},"1":{"type":"branch","line":3,"loc":{"start":{"line":3,"column":2},"end":{"line":3,"column":24}},"locations":[{"start":{"line":3,"column":2},"end":{"line":3,"column":24}}]},"2":{"type":"branch","line":5,"loc":{"start":{"line":5,"column":9},"end":{"line":8,"column":3}},"locations":[{"start":{"line":5,"column":9},"end":{"line":8,"column":3}}]},"3":{"type":"branch","line":11,"loc":{"start":{"line":11,"column":2},"end":{"line":15,"column":3}},"locations":[{"start":{"line":11,"column":2},"end":{"line":15,"column":3}}]},"4":{"type":"branch","line":12,"loc":{"start":{"line":12,"column":37},"end":{"line":12,"column":75}},"locations":[{"start":{"line":12,"column":37},"end":{"line":12,"column":75}}]},"5":{"type":"branch","line":14,"loc":{"start":{"line":14,"column":11},"end":{"line":14,"column":61}},"locations":[{"start":{"line":14,"column":11},"end":{"line":14,"column":61}}]},"6":{"type":"branch","line":18,"loc":{"start":{"line":18,"column":2},"end":{"line":20,"column":3}},"locations":[{"start":{"line":18,"column":2},"end":{"line":20,"column":3}}]},"7":{"type":"branch","line":19,"loc":{"start":{"line":19,"column":30},"end":{"line":19,"column":39}},"locations":[{"start":{"line":19,"column":30},"end":{"line":19,"column":39}}]},"8":{"type":"branch","line":19,"loc":{"start":{"line":19,"column":40},"end":{"line":19,"column":59}},"locations":[{"start":{"line":19,"column":40},"end":{"line":19,"column":59}}]}},"b":{"0":[2],"1":[2],"2":[2],"3":[22],"4":[6],"5":[19],"6":[4],"7":[3],"8":[3]},"fnMap":{"0":{"name":"<static_initializer>","decl":{"start":{"line":2,"column":2},"end":{"line":2,"column":25}},"loc":{"start":{"line":2,"column":2},"end":{"line":2,"column":25}},"line":2},"1":{"name":"<instance_members_initializer>","decl":{"start":{"line":3,"column":2},"end":{"line":3,"column":24}},"loc":{"start":{"line":3,"column":2},"end":{"line":3,"column":24}},"line":3},"2":{"name":"getInstance","decl":{"start":{"line":5,"column":9},"end":{"line":8,"column":3}},"loc":{"start":{"line":5,"column":9},"end":{"line":8,"column":3}},"line":5},"3":{"name":"on","decl":{"start":{"line":11,"column":2},"end":{"line":15,"column":3}},"loc":{"start":{"line":11,"column":2},"end":{"line":15,"column":3}},"line":11},"4":{"name":"emit","decl":{"start":{"line":18,"column":2},"end":{"line":20,"column":3}},"loc":{"start":{"line":18,"column":2},"end":{"line":20,"column":3}},"line":18}},"f":{"0":2,"1":2,"2":2,"3":22,"4":4}}
,"/home/runner/work/Online_Food_DeliVary-1/Online_Food_DeliVary-1/admin/src/factories/FoodFormFactory.js": {"path":"/home/runner/work/Online_Food_DeliVary-1/Online_Food_DeliVary-1/admin/src/factories/FoodFormFactory.js","all":false,"statementMap":{"0":{"start":{"line":1,"column":0},"end":{"line":1,"column":27}},"1":{"start":{"line":2,"column":0},"end":{"line":2,"column":31}},"2":{"start":{"line":3,"column":0},"end":{"line":3,"column":37}},"3":{"start":{"line":4,"column":0},"end":{"line":4,"column":51}},"4":{"start":{"line":5,"column":0},"end":{"line":5,"column":39}},"5":{"start":{"line":6,"column":0},"end":{"line":6,"column":50}},"6":{"start":{"line":7,"column":0},"end":{"line":7,"column":41}},"7":{"start":{"line":8,"column":0},"end":{"line":8,"column":3}},"8":{"start":{"line":9,"column":0},"end":{"line":9,"column":0}},"9":{"start":{"line":10,"column":0},"end":{"line":10,"column":24}},"10":{"start":{"line":11,"column":0},"end":{"line":11,"column":30}},"11":{"start":{"line":12,"column":0},"end":{"line":12,"column":3}},"12":{"start":{"line":13,"column":0},"end":{"line":13,"column":0}},"13":{"start":{"line":14,"column":0},"end":{"line":14,"column":16}},"14":{"start":{"line":15,"column":0},"end":{"line":15,"column":30}},"15":{"start":{"line":16,"column":0},"end":{"line":16,"column":33}},"16":{"start":{"line":17,"column":0},"end":{"line":17,"column":47}},"17":{"start":{"line":18,"column":0},"end":{"line":18,"column":35}},"18":{"start":{"line":19,"column":0},"end":{"line":19,"column":41}},"19":{"start":{"line":20,"column":0},"end":{"line":20,"column":21}},"20":{"start":{"line":21,"column":0},"end":{"line":21,"column":37}},"21":{"start":{"line":22,"column":0},"end":{"line":22,"column":5}},"22":{"start":{"line":23,"column":0},"end":{"line":23,"column":14}},"23":{"start":{"line":24,"column":0},"end":{"line":24,"column":3}},"24":{"start":{"line":25,"column":0},"end":{"line":25,"column":1}},"25":{"start":{"line":26,"column":0},"end":{"line":26,"column":0}},"26":{"start":{"line":27,"column":0},"end":{"line":27,"column":25}},"27":{"start":{"line":28,"column":0},"end":{"line":28,"column":26}},"28":{"start":{"line":29,"column":0},"end":{"line":29,"column":39}},"29":{"start":{"line":30,"column":0},"end":{"line":30,"column":4}},"30":{"start":{"line":31,"column":0},"end":{"line":31,"column":0}},"31":{"start":{"line":32,"column":0},"end":{"line":32,"column":37}},"32":{"start":{"line":33,"column":0},"end":{"line":33,"column":61}},"33":{"start":{"line":34,"column":0},"end":{"line":34,"column":4}},"34":{"start":{"line":35,"column":0},"end":{"line":35,"column":2}},"35":{"start":{"line":36,"column":0},"end":{"line":36,"column":0}},"36":{"start":{"line":37,"column":0},"end":{"line":37,"column":31}}},"s":{"0":1,"1":1,"2":37,"3":37,"4":37,"5":37,"6":37,"7":37,"8":1,"9":1,"10":21,"11":21,"12":1,"13":1,"14":8,"15":8,"16":8,"17":8,"18":8,"19":8,"20":6,"21":6,"22":8,"23":8,"24":1,"25":1,"26":1,"27":1,"28":4,"29":1,"30":1,"31":1,"32":2,"33":1,"34":1,"35":1,"36":1},"branchMap":{"0":{"type":"branch","line":2,"loc":{"start":{"line":2,"column":2},"end":{"line":8,"column":3}},"locations":[{"start":{"line":2,"column":2},"end":{"line":8,"column":3}}]},"1":{"type":"branch","line":3,"loc":{"start":{"line":3,"column":31},"end":{"line":3,"column":36}},"locations":[{"start":{"line":3,"column":31},"end":{"line":3,"column":36}}]},"2":{"type":"branch","line":4,"loc":{"start":{"line":4,"column":45},"end":{"line":4,"column":50}},"locations":[{"start":{"line":4,"column":45},"end":{"line":4,"column":50}}]},"3":{"type":"branch","line":5,"loc":{"start":{"line":5,"column":33},"end":{"line":5,"column":38}},"locations":[{"start":{"line":5,"column":33},"end":{"line":5,"column":38}}]},"4":{"type":"branch","line":6,"loc":{"start":{"line":6,"column":39},"end":{"line":6,"column":49}},"locations":[{"start":{"line":6,"column":39},"end":{"line":6,"column":49}}]},"5":{"type":"branch","line":7,"loc":{"start":{"line":7,"column":33},"end":{"line":7,"column":40}},"locations":[{"start":{"line":7,"column":33},"end":{"line":7,"column":40}}]},"6":{"type":"branch","line":10,"loc":{"start":{"line":10,"column":9},"end":{"line":12,"column":3}},"locations":[{"start":{"line":10,"column":9},"end":{"line":12,"column":3}}]},"7":{"type":"branch","line":14,"loc":{"start":{"line":14,"column":2},"end":{"line":24,"column":3}},"locations":[{"start":{"line":14,"column":2},"end":{"line":24,"column":3}}]},"8":{"type":"branch","line":20,"loc":{"start":{"line":20,"column":20},"end":{"line":22,"column":5}},"locations":[{"start":{"line":20,"column":20},"end":{"line":22,"column":5}}]},"9":{"type":"branch","line":28,"loc":{"start":{"line":28,"column":2},"end":{"line":30,"column":3}},"locations":[{"start":{"line":28,"column":2},"end":{"line":30,"column":3}}]},"10":{"type":"branch","line":32,"loc":{"start":{"line":32,"column":2},"end":{"line":34,"column":3}},"locations":[{"start":{"line":32,"column":2},"end":{"line":34,"column":3}}]}},"b":{"0":[37],"1":[23],"2":[30],"3":[24],"4":[28],"5":[31],"6":[21],"7":[8],"8":[6],"9":[4],"10":[2]},"fnMap":{"0":{"name":"FoodFormData","decl":{"start":{"line":2,"column":2},"end":{"line":8,"column":3}},"loc":{"start":{"line":2,"column":2},"end":{"line":8,"column":3}},"line":2},"1":{"name":"createEmpty","decl":{"start":{"line":10,"column":9},"end":{"line":12,"column":3}},"loc":{"start":{"line":10,"column":9},"end":{"line":12,"column":3}},"line":10},"2":{"name":"toFormData","decl":{"start":{"line":14,"column":2},"end":{"line":24,"column":3}},"loc":{"start":{"line":14,"column":2},"end":{"line":24,"column":3}},"line":14},"3":{"name":"create","decl":{"start":{"line":28,"column":2},"end":{"line":30,"column":3}},"loc":{"start":{"line":28,"column":2},"end":{"line":30,"column":3}},"line":28},"4":{"name":"withField","decl":{"start":{"line":32,"column":2},"end":{"line":34,"column":3}},"loc":{"start":{"line":32,"column":2},"end":{"line":34,"column":3}},"line":32}},"f":{"0":37,"1":21,"2":8,"3":4,"4":2}}
,"/home/runner/work/Online_Food_DeliVary-1/Online_Food_DeliVary-1/admin/src/models/index.js": {"path":"/home/runner/work/Online_Food_DeliVary-1/Online_Food_DeliVary-1/admin/src/models/index.js","all":false,"statementMap":{"0":{"start":{"line":1,"column":0},"end":{"line":1,"column":31}},"1":{"start":{"line":2,"column":0},"end":{"line":2,"column":37}},"2":{"start":{"line":3,"column":0},"end":{"line":3,"column":39}},"3":{"start":{"line":4,"column":0},"end":{"line":4,"column":25}},"4":{"start":{"line":5,"column":0},"end":{"line":5,"column":2}},"5":{"start":{"line":6,"column":0},"end":{"line":6,"column":0}},"6":{"start":{"line":7,"column":0},"end":{"line":7,"column":32}},"7":{"start":{"line":8,"column":0},"end":{"line":8,"column":10}},"8":{"start":{"line":9,"column":0},"end":{"line":9,"column":10}},"9":{"start":{"line":10,"column":0},"end":{"line":10,"column":12}},"10":{"start":{"line":11,"column":0},"end":{"line":11,"column":13}},"11":{"start":{"line":12,"column":0},"end":{"line":12,"column":9}},"12":{"start":{"line":13,"column":0},"end":{"line":13,"column":13}},"13":{"start":{"line":14,"column":0},"end":{"line":14,"column":10}},"14":{"start":{"line":15,"column":0},"end":{"line":15,"column":12}},"15":{"start":{"line":16,"column":0},"end":{"line":16,"column":2}},"16":{"start":{"line":17,"column":0},"end":{"line":17,"column":0}},"17":{"start":{"line":18,"column":0},"end":{"line":18,"column":24}},"18":{"start":{"line":19,"column":0},"end":{"line":19,"column":25}},"19":{"start":{"line":20,"column":0},"end":{"line":20,"column":31}},"20":{"start":{"line":21,"column":0},"end":{"line":21,"column":38}},"21":{"start":{"line":22,"column":0},"end":{"line":22,"column":3}},"22":{"start":{"line":23,"column":0},"end":{"line":23,"column":0}},"23":{"start":{"line":24,"column":0},"end":{"line":24,"column":14}},"24":{"start":{"line":25,"column":0},"end":{"line":25,"column":45}},"25":{"start":{"line":26,"column":0},"end":{"line":26,"column":3}},"26":{"start":{"line":27,"column":0},"end":{"line":27,"column":1}},"27":{"start":{"line":28,"column":0},"end":{"line":28,"column":0}},"28":{"start":{"line":29,"column":0},"end":{"line":29,"column":22}},"29":{"start":{"line":30,"column":0},"end":{"line":30,"column":25}},"30":{"start":{"line":31,"column":0},"end":{"line":31,"column":41}},"31":{"start":{"line":32,"column":0},"end":{"line":32,"column":39}},"32":{"start":{"line":33,"column":0},"end":{"line":33,"column":35}},"33":{"start":{"line":34,"column":0},"end":{"line":34,"column":31}},"34":{"start":{"line":35,"column":0},"end":{"line":35,"column":33}},"35":{"start":{"line":36,"column":0},"end":{"line":36,"column":37}},"36":{"start":{"line":37,"column":0},"end":{"line":37,"column":37}},"37":{"start":{"line":38,"column":0},"end":{"line":38,"column":33}},"38":{"start":{"line":39,"column":0},"end":{"line":39,"column":3}},"39":{"start":{"line":40,"column":0},"end":{"line":40,"column":0}},"40":{"start":{"line":41,"column":0},"end":{"line":41,"column":18}},"41":{"start":{"line":42,"column":0},"end":{"line":42,"column":55}},"42":{"start":{"line":43,"column":0},"end":{"line":43,"column":3}},"43":{"start":{"line":44,"column":0},"end":{"line":44,"column":0}},"44":{"start":{"line":45,"column":0},"end":{"line":45,"column":18}},"45":{"start":{"line":46,"column":0},"end":{"line":46,"column":72}},"46":{"start":{"line":47,"column":0},"end":{"line":47,"column":34}},"47":{"start":{"line":48,"column":0},"end":{"line":48,"column":35}},"48":{"start":{"line":49,"column":0},"end":{"line":49,"column":35}},"49":{"start":{"line":50,"column":0},"end":{"line":50,"column":37}},"50":{"start":{"line":51,"column":0},"end":{"line":51,"column":3}},"51":{"start":{"line":52,"column":0},"end":{"line":52,"column":0}},"52":{"start":{"line":53,"column":0},"end":{"line":53,"column":20}},"53":{"start":{"line":54,"column":0},"end":{"line":54,"column":67}},"54":{"start":{"line":55,"column":0},"end":{"line":55,"column":3}},"55":{"start":{"line":56,"column":0},"end":{"line":56,"column":1}},"56":{"start":{"line":57,"column":0},"end":{"line":57,"column":0}},"57":{"start":{"line":58,"column":0},"end":{"line":58,"column":20}},"58":{"start":{"line":59,"column":0},"end":{"line":59,"column":25}},"59":{"start":{"line":60,"column":0},"end":{"line":60,"column":29}},"60":{"start":{"line":61,"column":0},"end":{"line":61,"column":42}},"61":{"start":{"line":62,"column":0},"end":{"line":62,"column":63}},"62":{"start":{"line":63,"column":0},"end":{"line":63,"column":33}},"63":{"start":{"line":64,"column":0},"end":{"line":64,"column":70}},"64":{"start":{"line":65,"column":0},"end":{"line":65,"column":50}},"65":{"start":{"line":66,"column":0},"end":{"line":66,"column":3}},"66":{"start":{"line":67,"column":0},"end":{"line":67,"column":0}},"67":{"start":{"line":68,"column":0},"end":{"line":68,"column":17}},"68":{"start":{"line":69,"column":0},"end":{"line":69,"column":58}},"69":{"start":{"line":70,"column":0},"end":{"line":70,"column":3}},"70":{"start":{"line":71,"column":0},"end":{"line":71,"column":0}},"71":{"start":{"line":72,"column":0},"end":{"line":72,"column":25}},"72":{"start":{"line":73,"column":0},"end":{"line":73,"column":40}},"73":{"start":{"line":74,"column":0},"end":{"line":74,"column":3}},"74":{"start":{"line":75,"column":0},"end":{"line":75,"column":0}},"75":{"start":{"line":76,"column":0},"end":{"line":76,"column":23}},"76":{"start":{"line":77,"column":0},"end":{"line":77,"column":31}},"77":{"start":{"line":78,"column":0},"end":{"line":78,"column":34}},"78":{"start":{"line":79,"column":0},"end":{"line":79,"column":46}},"79":{"start":{"line":80,"column":0},"end":{"line":80,"column":34}},"80":{"start":{"line":81,"column":0},"end":{"line":81,"column":3}},"81":{"start":{"line":82,"column":0},"end":{"line":82,"column":0}},"82":{"start":{"line":83,"column":0},"end":{"line":83,"column":21}},"83":{"start":{"line":84,"column":0},"end":{"line":84,"column":64}},"84":{"start":{"line":85,"column":0},"end":{"line":85,"column":3}},"85":{"start":{"line":86,"column":0},"end":{"line":86,"column":0}},"86":{"start":{"line":87,"column":0},"end":{"line":87,"column":21}},"87":{"start":{"line":88,"column":0},"end":{"line":88,"column":58}},"88":{"start":{"line":89,"column":0},"end":{"line":89,"column":3}},"89":{"start":{"line":90,"column":0},"end":{"line":90,"column":0}},"90":{"start":{"line":91,"column":0},"end":{"line":91,"column":20}},"91":{"start":{"line":92,"column":0},"end":{"line":92,"column":38}},"92":{"start":{"line":93,"column":0},"end":{"line":93,"column":33}},"93":{"start":{"line":94,"column":0},"end":{"line":94,"column":0}},"94":{"start":{"line":95,"column":0},"end":{"line":95,"column":34}},"95":{"start":{"line":96,"column":0},"end":{"line":96,"column":48}},"96":{"start":{"line":97,"column":0},"end":{"line":97,"column":0}},"97":{"start":{"line":98,"column":0},"end":{"line":98,"column":27}},"98":{"start":{"line":99,"column":0},"end":{"line":99,"column":84}},"99":{"start":{"line":100,"column":0},"end":{"line":100,"column":81}},"100":{"start":{"line":101,"column":0},"end":{"line":101,"column":0}},"101":{"start":{"line":102,"column":0},"end":{"line":102,"column":27}},"102":{"start":{"line":103,"column":0},"end":{"line":103,"column":66}},"103":{"start":{"line":104,"column":0},"end":{"line":104,"column":5}},"104":{"start":{"line":105,"column":0},"end":{"line":105,"column":0}},"105":{"start":{"line":106,"column":0},"end":{"line":106,"column":28}},"106":{"start":{"line":107,"column":0},"end":{"line":107,"column":72}},"107":{"start":{"line":108,"column":0},"end":{"line":108,"column":41}},"108":{"start":{"line":109,"column":0},"end":{"line":109,"column":43}},"109":{"start":{"line":110,"column":0},"end":{"line":110,"column":5}},"110":{"start":{"line":111,"column":0},"end":{"line":111,"column":0}},"111":{"start":{"line":112,"column":0},"end":{"line":112,"column":29}},"112":{"start":{"line":113,"column":0},"end":{"line":113,"column":86}},"113":{"start":{"line":114,"column":0},"end":{"line":114,"column":5}},"114":{"start":{"line":115,"column":0},"end":{"line":115,"column":0}},"115":{"start":{"line":116,"column":0},"end":{"line":116,"column":28}},"116":{"start":{"line":117,"column":0},"end":{"line":117,"column":51}},"117":{"start":{"line":118,"column":0},"end":{"line":118,"column":5}},"118":{"start":{"line":119,"column":0},"end":{"line":119,"column":0}},"119":{"start":{"line":120,"column":0},"end":{"line":120,"column":16}},"120":{"start":{"line":121,"column":0},"end":{"line":121,"column":3}},"121":{"start":{"line":122,"column":0},"end":{"line":122,"column":1}},"122":{"start":{"line":123,"column":0},"end":{"line":123,"column":0}},"123":{"start":{"line":124,"column":0},"end":{"line":124,"column":23}},"124":{"start":{"line":125,"column":0},"end":{"line":125,"column":25}},"125":{"start":{"line":126,"column":0},"end":{"line":126,"column":29}},"126":{"start":{"line":127,"column":0},"end":{"line":127,"column":31}},"127":{"start":{"line":128,"column":0},"end":{"line":128,"column":45}},"128":{"start":{"line":129,"column":0},"end":{"line":129,"column":40}},"129":{"start":{"line":130,"column":0},"end":{"line":130,"column":39}},"130":{"start":{"line":131,"column":0},"end":{"line":131,"column":34}},"131":{"start":{"line":132,"column":0},"end":{"line":132,"column":53}},"132":{"start":{"line":133,"column":0},"end":{"line":133,"column":67}},"133":{"start":{"line":134,"column":0},"end":{"line":134,"column":14}},"134":{"start":{"line":135,"column":0},"end":{"line":135,"column":3}},"135":{"start":{"line":136,"column":0},"end":{"line":136,"column":0}},"136":{"start":{"line":137,"column":0},"end":{"line":137,"column":24}},"137":{"start":{"line":138,"column":0},"end":{"line":138,"column":39}},"138":{"start":{"line":139,"column":0},"end":{"line":139,"column":3}},"139":{"start":{"line":140,"column":0},"end":{"line":140,"column":1}},"140":{"start":{"line":141,"column":0},"end":{"line":141,"column":0}},"141":{"start":{"line":142,"column":0},"end":{"line":142,"column":29}},"142":{"start":{"line":143,"column":0},"end":{"line":143,"column":28}},"143":{"start":{"line":144,"column":0},"end":{"line":144,"column":37}},"144":{"start":{"line":145,"column":0},"end":{"line":145,"column":90}},"145":{"start":{"line":146,"column":0},"end":{"line":146,"column":99}},"146":{"start":{"line":147,"column":0},"end":{"line":147,"column":100}},"147":{"start":{"line":148,"column":0},"end":{"line":148,"column":88}},"148":{"start":{"line":149,"column":0},"end":{"line":149,"column":3}},"149":{"start":{"line":150,"column":0},"end":{"line":150,"column":0}},"150":{"start":{"line":151,"column":0},"end":{"line":151,"column":26}},"151":{"start":{"line":152,"column":0},"end":{"line":152,"column":46}},"152":{"start":{"line":153,"column":0},"end":{"line":153,"column":3}},"153":{"start":{"line":154,"column":0},"end":{"line":154,"column":1}}},"s":{"0":1,"1":1,"2":1,"3":1,"4":1,"5":1,"6":1,"7":1,"8":1,"9":1,"10":1,"11":1,"12":1,"13":1,"14":1,"15":1,"16":1,"17":1,"18":1,"19":102,"20":102,"21":102,"22":1,"23":1,"24":46,"25":46,"26":1,"27":1,"28":1,"29":1,"30":96,"31":96,"32":96,"33":96,"34":96,"35":96,"36":96,"37":96,"38":96,"39":1,"40":1,"41":67,"42":67,"43":1,"44":1,"45":32,"46":32,"47":32,"48":32,"49":32,"50":32,"51":1,"52":1,"53":2,"54":2,"55":1,"56":1,"57":1,"58":1,"59":90,"60":90,"61":90,"62":90,"63":90,"64":90,"65":90,"66":1,"67":1,"68":37,"69":37,"70":1,"71":1,"72":66,"73":66,"74":1,"75":1,"76":67,"77":66,"78":67,"79":66,"80":67,"81":1,"82":1,"83":30,"84":30,"85":1,"86":1,"87":37,"88":37,"89":1,"90":1,"91":23,"92":23,"93":22,"94":22,"95":23,"96":22,"97":22,"98":22,"99":22,"100":22,"101":23,"102":9,"103":9,"104":13,"105":20,"106":4,"107":4,"108":4,"109":4,"110":9,"111":20,"112":4,"113":4,"114":5,"115":5,"116":5,"117":5,"118":0,"119":0,"120":23,"121":1,"122":1,"123":1,"124":1,"125":27,"126":27,"127":27,"128":27,"129":27,"130":27,"131":27,"132":27,"133":27,"134":27,"135":1,"136":1,"137":21,"138":21,"139":1,"140":1,"141":1,"142":1,"143":47,"144":47,"145":47,"146":47,"147":47,"148":47,"149":1,"150":1,"151":19,"152":19,"153":1},"branchMap":{"0":{"type":"branch","line":19,"loc":{"start":{"line":19,"column":2},"end":{"line":22,"column":3}},"locations":[{"start":{"line":19,"column":2},"end":{"line":22,"column":3}}]},"1":{"type":"branch","line":20,"loc":{"start":{"line":20,"column":25},"end":{"line":20,"column":30}},"locations":[{"start":{"line":20,"column":25},"end":{"line":20,"column":30}}]},"2":{"type":"branch","line":21,"loc":{"start":{"line":21,"column":33},"end":{"line":21,"column":37}},"locations":[{"start":{"line":21,"column":33},"end":{"line":21,"column":37}}]},"3":{"type":"branch","line":24,"loc":{"start":{"line":24,"column":2},"end":{"line":26,"column":3}},"locations":[{"start":{"line":24,"column":2},"end":{"line":26,"column":3}}]},"4":{"type":"branch","line":30,"loc":{"start":{"line":30,"column":2},"end":{"line":39,"column":3}},"locations":[{"start":{"line":30,"column":2},"end":{"line":39,"column":3}}]},"5":{"type":"branch","line":31,"loc":{"start":{"line":31,"column":35},"end":{"line":31,"column":40}},"locations":[{"start":{"line":31,"column":35},"end":{"line":31,"column":40}}]},"6":{"type":"branch","line":32,"loc":{"start":{"line":32,"column":33},"end":{"line":32,"column":38}},"locations":[{"start":{"line":32,"column":33},"end":{"line":32,"column":38}}]},"7":{"type":"branch","line":33,"loc":{"start":{"line":33,"column":29},"end":{"line":33,"column":34}},"locations":[{"start":{"line":33,"column":29},"end":{"line":33,"column":34}}]},"8":{"type":"branch","line":34,"loc":{"start":{"line":34,"column":25},"end":{"line":34,"column":30}},"locations":[{"start":{"line":34,"column":25},"end":{"line":34,"column":30}}]},"9":{"type":"branch","line":35,"loc":{"start":{"line":35,"column":27},"end":{"line":35,"column":32}},"locations":[{"start":{"line":35,"column":27},"end":{"line":35,"column":32}}]},"10":{"type":"branch","line":36,"loc":{"start":{"line":36,"column":31},"end":{"line":36,"column":36}},"locations":[{"start":{"line":36,"column":31},"end":{"line":36,"column":36}}]},"11":{"type":"branch","line":37,"loc":{"start":{"line":37,"column":31},"end":{"line":37,"column":36}},"locations":[{"start":{"line":37,"column":31},"end":{"line":37,"column":36}}]},"12":{"type":"branch","line":38,"loc":{"start":{"line":38,"column":27},"end":{"line":38,"column":32}},"locations":[{"start":{"line":38,"column":27},"end":{"line":38,"column":32}}]},"13":{"type":"branch","line":41,"loc":{"start":{"line":41,"column":2},"end":{"line":43,"column":3}},"locations":[{"start":{"line":41,"column":2},"end":{"line":43,"column":3}}]},"14":{"type":"branch","line":45,"loc":{"start":{"line":45,"column":2},"end":{"line":51,"column":3}},"locations":[{"start":{"line":45,"column":2},"end":{"line":51,"column":3}}]},"15":{"type":"branch","line":48,"loc":{"start":{"line":48,"column":23},"end":{"line":48,"column":35}},"locations":[{"start":{"line":48,"column":23},"end":{"line":48,"column":35}}]},"16":{"type":"branch","line":49,"loc":{"start":{"line":49,"column":15},"end":{"line":49,"column":35}},"locations":[{"start":{"line":49,"column":15},"end":{"line":49,"column":35}}]},"17":{"type":"branch","line":53,"loc":{"start":{"line":53,"column":2},"end":{"line":55,"column":3}},"locations":[{"start":{"line":53,"column":2},"end":{"line":55,"column":3}}]},"18":{"type":"branch","line":59,"loc":{"start":{"line":59,"column":2},"end":{"line":66,"column":3}},"locations":[{"start":{"line":59,"column":2},"end":{"line":66,"column":3}}]},"19":{"type":"branch","line":60,"loc":{"start":{"line":60,"column":23},"end":{"line":60,"column":28}},"locations":[{"start":{"line":60,"column":23},"end":{"line":60,"column":28}}]},"20":{"type":"branch","line":61,"loc":{"start":{"line":61,"column":36},"end":{"line":61,"column":40}},"locations":[{"start":{"line":61,"column":36},"end":{"line":61,"column":40}}]},"21":{"type":"branch","line":62,"loc":{"start":{"line":62,"column":29},"end":{"line":62,"column":62}},"locations":[{"start":{"line":62,"column":29},"end":{"line":62,"column":62}}]},"22":{"type":"branch","line":63,"loc":{"start":{"line":63,"column":25},"end":{"line":63,"column":32}},"locations":[{"start":{"line":63,"column":25},"end":{"line":63,"column":32}}]},"23":{"type":"branch","line":64,"loc":{"start":{"line":64,"column":28},"end":{"line":64,"column":33}},"locations":[{"start":{"line":64,"column":28},"end":{"line":64,"column":33}}]},"24":{"type":"branch","line":65,"loc":{"start":{"line":65,"column":43},"end":{"line":65,"column":48}},"locations":[{"start":{"line":65,"column":43},"end":{"line":65,"column":48}}]},"25":{"type":"branch","line":64,"loc":{"start":{"line":64,"column":39},"end":{"line":64,"column":68}},"locations":[{"start":{"line":64,"column":39},"end":{"line":64,"column":68}}]},"26":{"type":"branch","line":68,"loc":{"start":{"line":68,"column":2},"end":{"line":70,"column":3}},"locations":[{"start":{"line":68,"column":2},"end":{"line":70,"column":3}}]},"27":{"type":"branch","line":72,"loc":{"start":{"line":72,"column":2},"end":{"line":74,"column":3}},"locations":[{"start":{"line":72,"column":2},"end":{"line":74,"column":3}}]},"28":{"type":"branch","line":76,"loc":{"start":{"line":76,"column":2},"end":{"line":81,"column":3}},"locations":[{"start":{"line":76,"column":2},"end":{"line":81,"column":3}}]},"29":{"type":"branch","line":77,"loc":{"start":{"line":77,"column":20},"end":{"line":79,"column":35}},"locations":[{"start":{"line":77,"column":20},"end":{"line":79,"column":35}}]},"30":{"type":"branch","line":77,"loc":{"start":{"line":77,"column":20},"end":{"line":77,"column":31}},"locations":[{"start":{"line":77,"column":20},"end":{"line":77,"column":31}}]},"31":{"type":"branch","line":79,"loc":{"start":{"line":79,"column":35},"end":{"line":79,"column":46}},"locations":[{"start":{"line":79,"column":35},"end":{"line":79,"column":46}}]},"32":{"type":"branch","line":79,"loc":{"start":{"line":79,"column":45},"end":{"line":81,"column":2}},"locations":[{"start":{"line":79,"column":45},"end":{"line":81,"column":2}}]},"33":{"type":"branch","line":83,"loc":{"start":{"line":83,"column":2},"end":{"line":85,"column":3}},"locations":[{"start":{"line":83,"column":2},"end":{"line":85,"column":3}}]},"34":{"type":"branch","line":84,"loc":{"start":{"line":84,"column":26},"end":{"line":84,"column":51}},"locations":[{"start":{"line":84,"column":26},"end":{"line":84,"column":51}}]},"35":{"type":"branch","line":87,"loc":{"start":{"line":87,"column":2},"end":{"line":89,"column":3}},"locations":[{"start":{"line":87,"column":2},"end":{"line":89,"column":3}}]},"36":{"type":"branch","line":91,"loc":{"start":{"line":91,"column":2},"end":{"line":121,"column":3}},"locations":[{"start":{"line":91,"column":2},"end":{"line":121,"column":3}}]},"37":{"type":"branch","line":92,"loc":{"start":{"line":92,"column":26},"end":{"line":92,"column":38}},"locations":[{"start":{"line":92,"column":26},"end":{"line":92,"column":38}}]},"38":{"type":"branch","line":92,"loc":{"start":{"line":92,"column":37},"end":{"line":93,"column":20}},"locations":[{"start":{"line":92,"column":37},"end":{"line":93,"column":20}}]},"39":{"type":"branch","line":93,"loc":{"start":{"line":93,"column":20},"end":{"line":93,"column":33}},"locations":[{"start":{"line":93,"column":20},"end":{"line":93,"column":33}}]},"40":{"type":"branch","line":93,"loc":{"start":{"line":93,"column":32},"end":{"line":96,"column":35}},"locations":[{"start":{"line":93,"column":32},"end":{"line":96,"column":35}}]},"41":{"type":"branch","line":96,"loc":{"start":{"line":96,"column":35},"end":{"line":96,"column":48}},"locations":[{"start":{"line":96,"column":35},"end":{"line":96,"column":48}}]},"42":{"type":"branch","line":96,"loc":{"start":{"line":96,"column":47},"end":{"line":102,"column":26}},"locations":[{"start":{"line":96,"column":47},"end":{"line":102,"column":26}}]},"43":{"type":"branch","line":102,"loc":{"start":{"line":102,"column":26},"end":{"line":104,"column":5}},"locations":[{"start":{"line":102,"column":26},"end":{"line":104,"column":5}}]},"44":{"type":"branch","line":104,"loc":{"start":{"line":104,"column":4},"end":{"line":121,"column":2}},"locations":[{"start":{"line":104,"column":4},"end":{"line":121,"column":2}}]},"45":{"type":"branch","line":104,"loc":{"start":{"line":104,"column":4},"end":{"line":106,"column":27}},"locations":[{"start":{"line":104,"column":4},"end":{"line":106,"column":27}}]},"46":{"type":"branch","line":106,"loc":{"start":{"line":106,"column":27},"end":{"line":110,"column":5}},"locations":[{"start":{"line":106,"column":27},"end":{"line":110,"column":5}}]},"47":{"type":"branch","line":110,"loc":{"start":{"line":110,"column":4},"end":{"line":112,"column":28}},"locations":[{"start":{"line":110,"column":4},"end":{"line":112,"column":28}}]},"48":{"type":"branch","line":112,"loc":{"start":{"line":112,"column":28},"end":{"line":114,"column":5}},"locations":[{"start":{"line":112,"column":28},"end":{"line":114,"column":5}}]},"49":{"type":"branch","line":113,"loc":{"start":{"line":113,"column":51},"end":{"line":113,"column":85}},"locations":[{"start":{"line":113,"column":51},"end":{"line":113,"column":85}}]},"50":{"type":"branch","line":114,"loc":{"start":{"line":114,"column":4},"end":{"line":118,"column":5}},"locations":[{"start":{"line":114,"column":4},"end":{"line":118,"column":5}}]},"51":{"type":"branch","line":118,"loc":{"start":{"line":118,"column":4},"end":{"line":121,"column":2}},"locations":[{"start":{"line":118,"column":4},"end":{"line":121,"column":2}}]},"52":{"type":"branch","line":125,"loc":{"start":{"line":125,"column":2},"end":{"line":135,"column":3}},"locations":[{"start":{"line":125,"column":2},"end":{"line":135,"column":3}}]},"53":{"type":"branch","line":126,"loc":{"start":{"line":126,"column":23},"end":{"line":126,"column":28}},"locations":[{"start":{"line":126,"column":23},"end":{"line":126,"column":28}}]},"54":{"type":"branch","line":127,"loc":{"start":{"line":127,"column":25},"end":{"line":127,"column":30}},"locations":[{"start":{"line":127,"column":25},"end":{"line":127,"column":30}}]},"55":{"type":"branch","line":129,"loc":{"start":{"line":129,"column":34},"end":{"line":129,"column":38}},"locations":[{"start":{"line":129,"column":34},"end":{"line":129,"column":38}}]},"56":{"type":"branch","line":130,"loc":{"start":{"line":130,"column":33},"end":{"line":130,"column":38}},"locations":[{"start":{"line":130,"column":33},"end":{"line":130,"column":38}}]},"57":{"type":"branch","line":131,"loc":{"start":{"line":131,"column":28},"end":{"line":131,"column":33}},"locations":[{"start":{"line":131,"column":28},"end":{"line":131,"column":33}}]},"58":{"type":"branch","line":132,"loc":{"start":{"line":132,"column":23},"end":{"line":132,"column":53}},"locations":[{"start":{"line":132,"column":23},"end":{"line":132,"column":53}}]},"59":{"type":"branch","line":133,"loc":{"start":{"line":133,"column":6},"end":{"line":133,"column":67}},"locations":[{"start":{"line":133,"column":6},"end":{"line":133,"column":67}}]},"60":{"type":"branch","line":134,"loc":{"start":{"line":134,"column":6},"end":{"line":134,"column":13}},"locations":[{"start":{"line":134,"column":6},"end":{"line":134,"column":13}}]},"61":{"type":"branch","line":137,"loc":{"start":{"line":137,"column":2},"end":{"line":139,"column":3}},"locations":[{"start":{"line":137,"column":2},"end":{"line":139,"column":3}}]},"62":{"type":"branch","line":143,"loc":{"start":{"line":143,"column":2},"end":{"line":149,"column":3}},"locations":[{"start":{"line":143,"column":2},"end":{"line":149,"column":3}}]},"63":{"type":"branch","line":145,"loc":{"start":{"line":145,"column":38},"end":{"line":145,"column":85}},"locations":[{"start":{"line":145,"column":38},"end":{"line":145,"column":85}}]},"64":{"type":"branch","line":145,"loc":{"start":{"line":145,"column":80},"end":{"line":145,"column":84}},"locations":[{"start":{"line":145,"column":80},"end":{"line":145,"column":84}}]},"65":{"type":"branch","line":146,"loc":{"start":{"line":146,"column":40},"end":{"line":146,"column":90}},"locations":[{"start":{"line":146,"column":40},"end":{"line":146,"column":90}}]},"66":{"type":"branch","line":147,"loc":{"start":{"line":147,"column":40},"end":{"line":147,"column":91}},"locations":[{"start":{"line":147,"column":40},"end":{"line":147,"column":91}}]},"67":{"type":"branch","line":148,"loc":{"start":{"line":148,"column":35},"end":{"line":148,"column":79}},"locations":[{"start":{"line":148,"column":35},"end":{"line":148,"column":79}}]},"68":{"type":"branch","line":151,"loc":{"start":{"line":151,"column":2},"end":{"line":153,"column":3}},"locations":[{"start":{"line":151,"column":2},"end":{"line":153,"column":3}}]}},"b":{"0":[102],"1":[0],"2":[0],"3":[46],"4":[96],"5":[9],"6":[21],"7":[21],"8":[10],"9":[21],"10":[21],"11":[21],"12":[63],"13":[67],"14":[32],"15":[0],"16":[0],"17":[2],"18":[90],"19":[0],"20":[0],"21":[1],"22":[5],"23":[1],"24":[1],"25":[100],"26":[37],"27":[66],"28":[67],"29":[66],"30":[1],"31":[0],"32":[66],"33":[30],"34":[45],"35":[37],"36":[23],"37":[1],"38":[22],"39":[0],"40":[22],"41":[0],"42":[22],"43":[9],"44":[20],"45":[13],"46":[4],"47":[9],"48":[4],"49":[3],"50":[5],"51":[0],"52":[27],"53":[0],"54":[0],"55":[0],"56":[1],"57":[2],"58":[25],"59":[25],"60":[2],"61":[21],"62":[47],"63":[57],"64":[0],"65":[57],"66":[57],"67":[57],"68":[19]},"fnMap":{"0":{"name":"OrderItem","decl":{"start":{"line":19,"column":2},"end":{"line":22,"column":3}},"loc":{"start":{"line":19,"column":2},"end":{"line":22,"column":3}},"line":19},"1":{"name":"toString","decl":{"start":{"line":24,"column":2},"end":{"line":26,"column":3}},"loc":{"start":{"line":24,"column":2},"end":{"line":26,"column":3}},"line":24},"2":{"name":"Address","decl":{"start":{"line":30,"column":2},"end":{"line":39,"column":3}},"loc":{"start":{"line":30,"column":2},"end":{"line":39,"column":3}},"line":30},"3":{"name":"get fullName","decl":{"start":{"line":41,"column":2},"end":{"line":43,"column":3}},"loc":{"start":{"line":41,"column":2},"end":{"line":43,"column":3}},"line":41},"4":{"name":"get cityLine","decl":{"start":{"line":45,"column":2},"end":{"line":51,"column":3}},"loc":{"start":{"line":45,"column":2},"end":{"line":51,"column":3}},"line":45},"5":{"name":"get singleLine","decl":{"start":{"line":53,"column":2},"end":{"line":55,"column":3}},"loc":{"start":{"line":53,"column":2},"end":{"line":55,"column":3}},"line":53},"6":{"name":"Order","decl":{"start":{"line":59,"column":2},"end":{"line":66,"column":3}},"loc":{"start":{"line":59,"column":2},"end":{"line":66,"column":3}},"line":59},"7":{"name":"get shortId","decl":{"start":{"line":68,"column":2},"end":{"line":70,"column":3}},"loc":{"start":{"line":68,"column":2},"end":{"line":70,"column":3}},"line":68},"8":{"name":"get formattedAmount","decl":{"start":{"line":72,"column":2},"end":{"line":74,"column":3}},"loc":{"start":{"line":72,"column":2},"end":{"line":74,"column":3}},"line":72},"9":{"name":"get formattedDate","decl":{"start":{"line":76,"column":2},"end":{"line":81,"column":3}},"loc":{"start":{"line":76,"column":2},"end":{"line":81,"column":3}},"line":76},"10":{"name":"get itemSummary","decl":{"start":{"line":83,"column":2},"end":{"line":85,"column":3}},"loc":{"start":{"line":83,"column":2},"end":{"line":85,"column":3}},"line":83},"11":{"name":"get statusClass","decl":{"start":{"line":87,"column":2},"end":{"line":89,"column":3}},"loc":{"start":{"line":87,"column":2},"end":{"line":89,"column":3}},"line":87},"12":{"name":"isWithin","decl":{"start":{"line":91,"column":2},"end":{"line":121,"column":3}},"loc":{"start":{"line":91,"column":2},"end":{"line":121,"column":3}},"line":91},"13":{"name":"FoodItem","decl":{"start":{"line":125,"column":2},"end":{"line":135,"column":3}},"loc":{"start":{"line":125,"column":2},"end":{"line":135,"column":3}},"line":125},"14":{"name":"get formattedPrice","decl":{"start":{"line":137,"column":2},"end":{"line":139,"column":3}},"loc":{"start":{"line":137,"column":2},"end":{"line":139,"column":3}},"line":137},"15":{"name":"DashboardStats","decl":{"start":{"line":143,"column":2},"end":{"line":149,"column":3}},"loc":{"start":{"line":143,"column":2},"end":{"line":149,"column":3}},"line":143},"16":{"name":"get formattedRevenue","decl":{"start":{"line":151,"column":2},"end":{"line":153,"column":3}},"loc":{"start":{"line":151,"column":2},"end":{"line":153,"column":3}},"line":151}},"f":{"0":102,"1":46,"2":96,"3":67,"4":32,"5":2,"6":90,"7":37,"8":66,"9":67,"10":30,"11":37,"12":23,"13":27,"14":21,"15":47,"16":19}}
,"/home/runner/work/Online_Food_DeliVary-1/Online_Food_DeliVary-1/admin/src/pages/Dashboard/Dashboard.jsx": {"path":"/home/runner/work/Online_Food_DeliVary-1/Online_Food_DeliVary-1/admin/src/pages/Dashboard/Dashboard.jsx","all":false,"statementMap":{"0":{"start":{"line":1,"column":0},"end":{"line":1,"column":3}},"1":{"start":{"line":2,"column":0},"end":{"line":2,"column":29}},"2":{"start":{"line":3,"column":0},"end":{"line":3,"column":2}},"3":{"start":{"line":4,"column":0},"end":{"line":4,"column":12}},"4":{"start":{"line":5,"column":0},"end":{"line":5,"column":77}},"5":{"start":{"line":6,"column":0},"end":{"line":6,"column":57}},"6":{"start":{"line":7,"column":0},"end":{"line":7,"column":74}},"7":{"start":{"line":8,"column":0},"end":{"line":8,"column":73}},"8":{"start":{"line":9,"column":0},"end":{"line":9,"column":51}},"9":{"start":{"line":10,"column":0},"end":{"line":10,"column":81}},"10":{"start":{"line":11,"column":0},"end":{"line":11,"column":55}},"11":{"start":{"line":12,"column":0},"end":{"line":12,"column":3}},"12":{"start":{"line":13,"column":0},"end":{"line":13,"column":64}},"13":{"start":{"line":14,"column":0},"end":{"line":14,"column":25}},"14":{"start":{"line":15,"column":0},"end":{"line":15,"column":39}},"15":{"start":{"line":16,"column":0},"end":{"line":16,"column":40}},"16":{"start":{"line":17,"column":0},"end":{"line":17,"column":53}},"17":{"start":{"line":18,"column":0},"end":{"line":18,"column":74}},"18":{"start":{"line":19,"column":0},"end":{"line":19,"column":57}},"19":{"start":{"line":20,"column":0},"end":{"line":20,"column":0}},"20":{"start":{"line":21,"column":0},"end":{"line":21,"column":82}},"21":{"start":{"line":22,"column":0},"end":{"line":22,"column":55}},"22":{"start":{"line":23,"column":0},"end":{"line":23,"column":53}},"23":{"start":{"line":24,"column":0},"end":{"line":24,"column":43}},"24":{"start":{"line":25,"column":0},"end":{"line":25,"column":34}},"25":{"start":{"line":26,"column":0},"end":{"line":26,"column":49}},"26":{"start":{"line":27,"column":0},"end":{"line":27,"column":49}},"27":{"start":{"line":28,"column":0},"end":{"line":28,"column":10}},"28":{"start":{"line":29,"column":0},"end":{"line":29,"column":8}},"29":{"start":{"line":30,"column":0},"end":{"line":30,"column":2}},"30":{"start":{"line":31,"column":0},"end":{"line":31,"column":0}},"31":{"start":{"line":32,"column":0},"end":{"line":32,"column":57}},"32":{"start":{"line":33,"column":0},"end":{"line":33,"column":20}},"33":{"start":{"line":34,"column":0},"end":{"line":34,"column":92}},"34":{"start":{"line":35,"column":0},"end":{"line":35,"column":92}},"35":{"start":{"line":36,"column":0},"end":{"line":36,"column":93}},"36":{"start":{"line":37,"column":0},"end":{"line":37,"column":92}},"37":{"start":{"line":38,"column":0},"end":{"line":38,"column":91}},"38":{"start":{"line":39,"column":0},"end":{"line":39,"column":2}},"39":{"start":{"line":40,"column":0},"end":{"line":40,"column":0}},"40":{"start":{"line":41,"column":0},"end":{"line":41,"column":82}},"41":{"start":{"line":42,"column":0},"end":{"line":42,"column":51}},"42":{"start":{"line":43,"column":0},"end":{"line":43,"column":30}},"43":{"start":{"line":44,"column":0},"end":{"line":44,"column":52}},"44":{"start":{"line":45,"column":0},"end":{"line":45,"column":13}},"45":{"start":{"line":46,"column":0},"end":{"line":46,"column":26}},"46":{"start":{"line":47,"column":0},"end":{"line":47,"column":93}},"47":{"start":{"line":48,"column":0},"end":{"line":48,"column":46}},"48":{"start":{"line":49,"column":0},"end":{"line":49,"column":7}},"49":{"start":{"line":50,"column":0},"end":{"line":50,"column":24}},"50":{"start":{"line":51,"column":0},"end":{"line":51,"column":15}},"51":{"start":{"line":52,"column":0},"end":{"line":52,"column":7}},"52":{"start":{"line":53,"column":0},"end":{"line":53,"column":8}},"53":{"start":{"line":54,"column":0},"end":{"line":54,"column":2}},"54":{"start":{"line":55,"column":0},"end":{"line":55,"column":0}},"55":{"start":{"line":56,"column":0},"end":{"line":56,"column":82}},"56":{"start":{"line":57,"column":0},"end":{"line":57,"column":37}},"57":{"start":{"line":58,"column":0},"end":{"line":58,"column":32}},"58":{"start":{"line":59,"column":0},"end":{"line":59,"column":44}},"59":{"start":{"line":60,"column":0},"end":{"line":60,"column":27}},"60":{"start":{"line":61,"column":0},"end":{"line":61,"column":27}},"61":{"start":{"line":62,"column":0},"end":{"line":62,"column":24}},"62":{"start":{"line":63,"column":0},"end":{"line":63,"column":25}},"63":{"start":{"line":64,"column":0},"end":{"line":64,"column":25}},"64":{"start":{"line":65,"column":0},"end":{"line":65,"column":23}},"65":{"start":{"line":66,"column":0},"end":{"line":66,"column":10}},"66":{"start":{"line":67,"column":0},"end":{"line":67,"column":29}},"67":{"start":{"line":68,"column":0},"end":{"line":68,"column":63}},"68":{"start":{"line":69,"column":0},"end":{"line":69,"column":6}},"69":{"start":{"line":70,"column":0},"end":{"line":70,"column":41}},"70":{"start":{"line":71,"column":0},"end":{"line":71,"column":49}},"71":{"start":{"line":72,"column":0},"end":{"line":72,"column":57}},"72":{"start":{"line":73,"column":0},"end":{"line":73,"column":45}},"73":{"start":{"line":74,"column":0},"end":{"line":74,"column":47}},"74":{"start":{"line":75,"column":0},"end":{"line":75,"column":63}},"75":{"start":{"line":76,"column":0},"end":{"line":76,"column":83}},"76":{"start":{"line":77,"column":0},"end":{"line":77,"column":42}},"77":{"start":{"line":78,"column":0},"end":{"line":78,"column":12}},"78":{"start":{"line":79,"column":0},"end":{"line":79,"column":7}},"79":{"start":{"line":80,"column":0},"end":{"line":80,"column":8}},"80":{"start":{"line":81,"column":0},"end":{"line":81,"column":2}},"81":{"start":{"line":82,"column":0},"end":{"line":82,"column":0}},"82":{"start":{"line":83,"column":0},"end":{"line":83,"column":82}},"83":{"start":{"line":84,"column":0},"end":{"line":84,"column":25}},"84":{"start":{"line":85,"column":0},"end":{"line":85,"column":38}},"85":{"start":{"line":86,"column":0},"end":{"line":86,"column":55}},"86":{"start":{"line":87,"column":0},"end":{"line":87,"column":58}},"87":{"start":{"line":88,"column":0},"end":{"line":88,"column":57}},"88":{"start":{"line":89,"column":0},"end":{"line":89,"column":0}},"89":{"start":{"line":90,"column":0},"end":{"line":90,"column":47}},"90":{"start":{"line":91,"column":0},"end":{"line":91,"column":23}},"91":{"start":{"line":92,"column":0},"end":{"line":92,"column":9}},"92":{"start":{"line":93,"column":0},"end":{"line":93,"column":43}},"93":{"start":{"line":94,"column":0},"end":{"line":94,"column":49}},"94":{"start":{"line":95,"column":0},"end":{"line":95,"column":19}},"95":{"start":{"line":96,"column":0},"end":{"line":96,"column":31}},"96":{"start":{"line":97,"column":0},"end":{"line":97,"column":15}},"97":{"start":{"line":98,"column":0},"end":{"line":98,"column":26}},"98":{"start":{"line":99,"column":0},"end":{"line":99,"column":5}},"99":{"start":{"line":100,"column":0},"end":{"line":100,"column":18}},"100":{"start":{"line":101,"column":0},"end":{"line":101,"column":0}},"101":{"start":{"line":102,"column":0},"end":{"line":102,"column":53}},"102":{"start":{"line":103,"column":0},"end":{"line":103,"column":0}},"103":{"start":{"line":104,"column":0},"end":{"line":104,"column":70}},"104":{"start":{"line":105,"column":0},"end":{"line":105,"column":19}},"105":{"start":{"line":106,"column":0},"end":{"line":106,"column":72}},"106":{"start":{"line":107,"column":0},"end":{"line":107,"column":17}},"107":{"start":{"line":108,"column":0},"end":{"line":108,"column":20}},"108":{"start":{"line":109,"column":0},"end":{"line":109,"column":0}},"109":{"start":{"line":110,"column":0},"end":{"line":110,"column":64}},"110":{"start":{"line":111,"column":0},"end":{"line":111,"column":70}},"111":{"start":{"line":112,"column":0},"end":{"line":112,"column":48}},"112":{"start":{"line":113,"column":0},"end":{"line":113,"column":0}},"113":{"start":{"line":114,"column":0},"end":{"line":114,"column":10}},"114":{"start":{"line":115,"column":0},"end":{"line":115,"column":31}},"115":{"start":{"line":116,"column":0},"end":{"line":116,"column":40}},"116":{"start":{"line":117,"column":0},"end":{"line":117,"column":35}},"117":{"start":{"line":118,"column":0},"end":{"line":118,"column":76}},"118":{"start":{"line":119,"column":0},"end":{"line":119,"column":12}},"119":{"start":{"line":120,"column":0},"end":{"line":120,"column":0}},"120":{"start":{"line":121,"column":0},"end":{"line":121,"column":20}},"121":{"start":{"line":122,"column":0},"end":{"line":122,"column":55}},"122":{"start":{"line":123,"column":0},"end":{"line":123,"column":11}},"123":{"start":{"line":124,"column":0},"end":{"line":124,"column":10}},"124":{"start":{"line":125,"column":0},"end":{"line":125,"column":38}},"125":{"start":{"line":126,"column":0},"end":{"line":126,"column":64}},"126":{"start":{"line":127,"column":0},"end":{"line":127,"column":23}},"127":{"start":{"line":128,"column":0},"end":{"line":128,"column":25}},"128":{"start":{"line":129,"column":0},"end":{"line":129,"column":27}},"129":{"start":{"line":130,"column":0},"end":{"line":130,"column":29}},"130":{"start":{"line":131,"column":0},"end":{"line":131,"column":34}},"131":{"start":{"line":132,"column":0},"end":{"line":132,"column":33}},"132":{"start":{"line":133,"column":0},"end":{"line":133,"column":16}},"133":{"start":{"line":134,"column":0},"end":{"line":134,"column":15}},"134":{"start":{"line":135,"column":0},"end":{"line":135,"column":16}},"135":{"start":{"line":136,"column":0},"end":{"line":136,"column":0}},"136":{"start":{"line":137,"column":0},"end":{"line":137,"column":41}},"137":{"start":{"line":138,"column":0},"end":{"line":138,"column":54}},"138":{"start":{"line":139,"column":0},"end":{"line":139,"column":45}},"139":{"start":{"line":140,"column":0},"end":{"line":140,"column":16}},"140":{"start":{"line":141,"column":0},"end":{"line":141,"column":11}},"141":{"start":{"line":142,"column":0},"end":{"line":142,"column":8}},"142":{"start":{"line":143,"column":0},"end":{"line":143,"column":10}},"143":{"start":{"line":144,"column":0},"end":{"line":144,"column":4}},"144":{"start":{"line":145,"column":0},"end":{"line":145,"column":2}},"145":{"start":{"line":146,"column":0},"end":{"line":146,"column":0}},"146":{"start":{"line":147,"column":0},"end":{"line":147,"column":25}}},"s":{"0":1,"1":1,"2":1,"3":1,"4":1,"5":1,"6":1,"7":1,"8":1,"9":1,"10":1,"11":1,"12":1,"13":1,"14":1,"15":1,"16":1,"17":1,"18":1,"19":1,"20":1,"21":1,"22":70,"23":70,"24":70,"25":70,"26":70,"27":70,"28":70,"29":1,"30":1,"31":1,"32":1,"33":1,"34":1,"35":1,"36":1,"37":1,"38":1,"39":1,"40":1,"41":1,"42":38,"43":38,"44":190,"45":190,"46":190,"47":190,"48":190,"49":190,"50":190,"51":190,"52":38,"53":1,"54":1,"55":1,"56":1,"57":14,"58":14,"59":14,"60":14,"61":14,"62":14,"63":14,"64":14,"65":14,"66":14,"67":2,"68":14,"69":14,"70":36,"71":36,"72":36,"73":36,"74":36,"75":36,"76":36,"77":36,"78":14,"79":14,"80":1,"81":1,"82":1,"83":1,"84":43,"85":43,"86":43,"87":43,"88":43,"89":43,"90":23,"91":23,"92":23,"93":15,"94":23,"95":8,"96":23,"97":23,"98":23,"99":43,"100":43,"101":43,"102":43,"103":43,"104":43,"105":23,"106":23,"107":43,"108":43,"109":43,"110":43,"111":43,"112":43,"113":43,"114":43,"115":43,"116":43,"117":43,"118":43,"119":43,"120":43,"121":24,"122":18,"123":18,"124":18,"125":18,"126":90,"127":90,"128":90,"129":90,"130":90,"131":90,"132":90,"133":18,"134":18,"135":18,"136":18,"137":18,"138":18,"139":18,"140":18,"141":43,"142":43,"143":43,"144":43,"145":1,"146":1},"branchMap":{"0":{"type":"branch","line":22,"loc":{"start":{"line":22,"column":17},"end":{"line":29,"column":8}},"locations":[{"start":{"line":22,"column":17},"end":{"line":29,"column":8}}]},"1":{"type":"branch","line":42,"loc":{"start":{"line":42,"column":18},"end":{"line":53,"column":8}},"locations":[{"start":{"line":42,"column":18},"end":{"line":53,"column":8}}]},"2":{"type":"branch","line":44,"loc":{"start":{"line":44,"column":37},"end":{"line":52,"column":7}},"locations":[{"start":{"line":44,"column":37},"end":{"line":52,"column":7}}]},"3":{"type":"branch","line":47,"loc":{"start":{"line":47,"column":58},"end":{"line":47,"column":88}},"locations":[{"start":{"line":47,"column":58},"end":{"line":47,"column":88}}]},"4":{"type":"branch","line":47,"loc":{"start":{"line":47,"column":64},"end":{"line":47,"column":90}},"locations":[{"start":{"line":47,"column":64},"end":{"line":47,"column":90}}]},"5":{"type":"branch","line":48,"loc":{"start":{"line":48,"column":17},"end":{"line":48,"column":46}},"locations":[{"start":{"line":48,"column":17},"end":{"line":48,"column":46}}]},"6":{"type":"branch","line":57,"loc":{"start":{"line":57,"column":20},"end":{"line":80,"column":8}},"locations":[{"start":{"line":57,"column":20},"end":{"line":80,"column":8}}]},"7":{"type":"branch","line":67,"loc":{"start":{"line":67,"column":23},"end":{"line":68,"column":63}},"locations":[{"start":{"line":67,"column":23},"end":{"line":68,"column":63}}]},"8":{"type":"branch","line":70,"loc":{"start":{"line":70,"column":29},"end":{"line":78,"column":12}},"locations":[{"start":{"line":70,"column":29},"end":{"line":78,"column":12}}]},"9":{"type":"branch","line":84,"loc":{"start":{"line":84,"column":18},"end":{"line":145,"column":2}},"locations":[{"start":{"line":84,"column":18},"end":{"line":145,"column":2}}]},"10":{"type":"branch","line":121,"loc":{"start":{"line":121,"column":7},"end":{"line":122,"column":55}},"locations":[{"start":{"line":121,"column":7},"end":{"line":122,"column":55}}]},"11":{"type":"branch","line":122,"loc":{"start":{"line":122,"column":51},"end":{"line":141,"column":11}},"locations":[{"start":{"line":122,"column":51},"end":{"line":141,"column":11}}]},"12":{"type":"branch","line":90,"loc":{"start":{"line":90,"column":34},"end":{"line":100,"column":5}},"locations":[{"start":{"line":90,"column":34},"end":{"line":100,"column":5}}]},"13":{"type":"branch","line":93,"loc":{"start":{"line":93,"column":41},"end":{"line":95,"column":13}},"locations":[{"start":{"line":93,"column":41},"end":{"line":95,"column":13}}]},"14":{"type":"branch","line":95,"loc":{"start":{"line":95,"column":4},"end":{"line":97,"column":6}},"locations":[{"start":{"line":95,"column":4},"end":{"line":97,"column":6}}]},"15":{"type":"branch","line":94,"loc":{"start":{"line":94,"column":27},"end":{"line":94,"column":46}},"locations":[{"start":{"line":94,"column":27},"end":{"line":94,"column":46}}]},"16":{"type":"branch","line":102,"loc":{"start":{"line":102,"column":12},"end":{"line":102,"column":38}},"locations":[{"start":{"line":102,"column":12},"end":{"line":102,"column":38}}]},"17":{"type":"branch","line":105,"loc":{"start":{"line":105,"column":12},"end":{"line":108,"column":5}},"locations":[{"start":{"line":105,"column":12},"end":{"line":108,"column":5}}]},"18":{"type":"branch","line":126,"loc":{"start":{"line":126,"column":28},"end":{"line":133,"column":16}},"locations":[{"start":{"line":126,"column":28},"end":{"line":133,"column":16}}]}},"b":{"0":[70],"1":[38],"2":[190],"3":[38],"4":[152],"5":[1],"6":[14],"7":[2],"8":[36],"9":[43],"10":[24],"11":[18],"12":[23],"13":[15],"14":[8],"15":[42],"16":[23],"17":[23],"18":[90]},"fnMap":{"0":{"name":"StatCard","decl":{"start":{"line":22,"column":17},"end":{"line":29,"column":8}},"loc":{"start":{"line":22,"column":17},"end":{"line":29,"column":8}},"line":22},"1":{"name":"FilterBar","decl":{"start":{"line":42,"column":18},"end":{"line":53,"column":8}},"loc":{"start":{"line":42,"column":18},"end":{"line":53,"column":8}},"line":42},"2":{"name":"onClick","decl":{"start":{"line":48,"column":17},"end":{"line":48,"column":46}},"loc":{"start":{"line":48,"column":17},"end":{"line":48,"column":46}},"line":48},"3":{"name":"OrdersTable","decl":{"start":{"line":57,"column":20},"end":{"line":80,"column":8}},"loc":{"start":{"line":57,"column":20},"end":{"line":80,"column":8}},"line":57},"4":{"name":"Dashboard","decl":{"start":{"line":84,"column":18},"end":{"line":145,"column":2}},"loc":{"start":{"line":84,"column":18},"end":{"line":145,"column":2}},"line":84}},"f":{"0":70,"1":38,"2":1,"3":14,"4":43}}
,"/home/runner/work/Online_Food_DeliVary-1/Online_Food_DeliVary-1/admin/src/pages/add/Add.jsx": {"path":"/home/runner/work/Online_Food_DeliVary-1/Online_Food_DeliVary-1/admin/src/pages/add/Add.jsx","all":false,"statementMap":{"0":{"start":{"line":1,"column":0},"end":{"line":1,"column":36}}},"s":{"0":1},"branchMap":{},"b":{},"fnMap":{},"f":{}}
,"/home/runner/work/Online_Food_DeliVary-1/Online_Food_DeliVary-1/admin/src/pages/add/add.jsx": {"path":"/home/runner/work/Online_Food_DeliVary-1/Online_Food_DeliVary-1/admin/src/pages/add/add.jsx","all":false,"statementMap":{"0":{"start":{"line":1,"column":0},"end":{"line":1,"column":3}},"1":{"start":{"line":2,"column":0},"end":{"line":2,"column":23}},"2":{"start":{"line":3,"column":0},"end":{"line":3,"column":2}},"3":{"start":{"line":4,"column":0},"end":{"line":4,"column":12}},"4":{"start":{"line":5,"column":0},"end":{"line":5,"column":84}},"5":{"start":{"line":6,"column":0},"end":{"line":6,"column":59}},"6":{"start":{"line":7,"column":0},"end":{"line":7,"column":67}},"7":{"start":{"line":8,"column":0},"end":{"line":8,"column":53}},"8":{"start":{"line":9,"column":0},"end":{"line":9,"column":69}},"9":{"start":{"line":10,"column":0},"end":{"line":10,"column":3}},"10":{"start":{"line":11,"column":0},"end":{"line":11,"column":64}},"11":{"start":{"line":12,"column":0},"end":{"line":12,"column":19}},"12":{"start":{"line":13,"column":0},"end":{"line":13,"column":45}},"13":{"start":{"line":14,"column":0},"end":{"line":14,"column":39}},"14":{"start":{"line":15,"column":0},"end":{"line":15,"column":40}},"15":{"start":{"line":16,"column":0},"end":{"line":16,"column":80}},"16":{"start":{"line":17,"column":0},"end":{"line":17,"column":47}},"17":{"start":{"line":18,"column":0},"end":{"line":18,"column":57}},"18":{"start":{"line":19,"column":0},"end":{"line":19,"column":0}},"19":{"start":{"line":20,"column":0},"end":{"line":20,"column":82}},"20":{"start":{"line":21,"column":0},"end":{"line":21,"column":53}},"21":{"start":{"line":22,"column":0},"end":{"line":22,"column":43}},"22":{"start":{"line":23,"column":0},"end":{"line":23,"column":23}},"23":{"start":{"line":24,"column":0},"end":{"line":24,"column":49}},"24":{"start":{"line":25,"column":0},"end":{"line":25,"column":10}},"25":{"start":{"line":26,"column":0},"end":{"line":26,"column":46}},"26":{"start":{"line":27,"column":0},"end":{"line":27,"column":28}},"27":{"start":{"line":28,"column":0},"end":{"line":28,"column":8}},"28":{"start":{"line":29,"column":0},"end":{"line":29,"column":12}},"29":{"start":{"line":30,"column":0},"end":{"line":30,"column":10}},"30":{"start":{"line":31,"column":0},"end":{"line":31,"column":16}},"31":{"start":{"line":32,"column":0},"end":{"line":32,"column":17}},"32":{"start":{"line":33,"column":0},"end":{"line":33,"co
[...]
{"line":41,"column":0},"end":{"line":41,"column":31}},"41":{"start":{"line":42,"column":0},"end":{"line":42,"column":55}},"42":{"start":{"line":43,"column":0},"end":{"line":43,"column":32}},"43":{"start":{"line":44,"column":0},"end":{"line":44,"column":3}},"44":{"start":{"line":45,"column":0},"end":{"line":45,"column":0}},"45":{"start":{"line":46,"column":0},"end":{"line":46,"column":40}},"46":{"start":{"line":47,"column":0},"end":{"line":47,"column":0}},"47":{"start":{"line":48,"column":0},"end":{"line":48,"column":23}},"48":{"start":{"line":49,"column":0},"end":{"line":49,"column":49}},"49":{"start":{"line":50,"column":0},"end":{"line":50,"column":20}},"50":{"start":{"line":51,"column":0},"end":{"line":51,"column":3}},"51":{"start":{"line":52,"column":0},"end":{"line":52,"column":0}},"52":{"start":{"line":53,"column":0},"end":{"line":53,"column":33}},"53":{"start":{"line":54,"column":0},"end":{"line":54,"column":59}},"54":{"start":{"line":55,"column":0},"end":{"line":55,"column":20}},"55":{"start":{"line":56,"column":0},"end":{"line":56,"column":3}},"56":{"start":{"line":57,"column":0},"end":{"line":57,"column":0}},"57":{"start":{"line":58,"column":0},"end":{"line":58,"column":38}},"58":{"start":{"line":59,"column":0},"end":{"line":59,"column":61}},"59":{"start":{"line":60,"column":0},"end":{"line":60,"column":57}},"60":{"start":{"line":61,"column":0},"end":{"line":61,"column":7}},"61":{"start":{"line":62,"column":0},"end":{"line":62,"column":20}},"62":{"start":{"line":63,"column":0},"end":{"line":63,"column":3}},"63":{"start":{"line":64,"column":0},"end":{"line":64,"column":1}},"64":{"start":{"line":65,"column":0},"end":{"line":65,"column":0}},"65":{"start":{"line":66,"column":0},"end":{"line":66,"column":26}}},"s":{"0":1,"1":1,"2":1,"3":1,"4":1,"5":1,"6":1,"7":1,"8":1,"9":1,"10":1,"11":1,"12":1,"13":1,"14":1,"15":4,"16":4,"17":4,"18":4,"19":4,"20":4,"21":4,"22":9,"23":9,"24":9,"25":4,"26":4,"27":4,"28":4,"29":4,"30":4,"31":9,"32":9,"33":9,"34":4,"35":4,"36":4,"37":4,"38":1,"39":1,"40":1,"41":14,"42":14,"43":14,"44":1,"45":1,"46":1,"47":1,"48":9,"49":0,"50":9,"51":1,"52":1,"53":0,"54":0,"55":0,"56":1,"57":1,"58":0,"59":0,"60":0,"61":0,"62":0,"63":1,"64":1,"65":1},"branchMap":{"0":{"type":"branch","line":11,"loc":{"start":{"line":11,"column":2},"end":{"line":11,"column":25}},"locations":[{"start":{"line":11,"column":2},"end":{"line":11,"column":25}}]},"1":{"type":"branch","line":12,"loc":{"start":{"line":12,"column":2},"end":{"line":13,"column":17}},"locations":[{"start":{"line":12,"column":2},"end":{"line":13,"column":17}}]},"2":{"type":"branch","line":15,"loc":{"start":{"line":15,"column":2},"end":{"line":38,"column":3}},"locations":[{"start":{"line":15,"column":2},"end":{"line":38,"column":3}}]},"3":{"type":"branch","line":16,"loc":{"start":{"line":16,"column":30},"end":{"line":16,"column":78}},"locations":[{"start":{"line":16,"column":30},"end":{"line":16,"column":78}}]},"4":{"type":"branch","line":22,"loc":{"start":{"line":22,"column":42},"end":{"line":26,"column":5}},"locations":[{"start":{"line":22,"column":42},"end":{"line":26,"column":5}}]},"5":{"type":"branch","line":24,"loc":{"start":{"line":24,"column":17},"end":{"line":24,"column":46}},"locations":[{"start":{"line":24,"column":17},"end":{"line":24,"column":46}}]},"6":{"type":"branch","line":31,"loc":{"start":{"line":31,"column":6},"end":{"line":34,"column":7}},"locations":[{"start":{"line":31,"column":6},"end":{"line":34,"column":7}}]},"7":{"type":"branch","line":32,"loc":{"start":{"line":32,"column":33},"end":{"line":32,"column":48}},"locations":[{"start":{"line":32,"column":33},"end":{"line":32,"column":48}}]},"8":{"type":"branch","line":32,"loc":{"start":{"line":32,"column":64},"end":{"line":32,"column":82}},"locations":[{"start":{"line":32,"column":64},"end":{"line":32,"column":82}}]},"9":{"type":"branch","line":41,"loc":{"start":{"line":41,"column":9},"end":{"line":44,"column":3}},"locations":[{"start":{"line":41,"column":9},"end":{"line":44,"column":3}}]},"10":{"type":"branch","line":42,"loc":{"start":{"line":42,"column":31},"end":{"line":42,"column":55}},"locations":[{"start":{"line":42,"column":31},"end":{"line":42,"column":55}}]},"11":{"type":"branch","line":46,"loc":{"start":{"line":46,"column":2},"end":{"line":46,"column":40}},"locations":[{"start":{"line":46,"column":2},"end":{"line":46,"column":40}}]},"12":{"type":"branch","line":48,"loc":{"start":{"line":48,"column":2},"end":{"line":51,"column":3}},"locations":[{"start":{"line":48,"column":2},"end":{"line":51,"column":3}}]},"13":{"type":"branch","line":50,"loc":{"start":{"line":50,"column":-1},"end":{"line":51,"column":2}},"locations":[{"start":{"line":50,"column":-1},"end":{"line":51,"column":2}}]}},"b":{"0":[8],"1":[4],"2":[4],"3":[0],"4":[9],"5":[0],"6":[9],"7":[0],"8":[0],"9":[14],"10":[4],"11":[1],"12":[9],"13":[0]},"fnMap":{"0":{"name":"<static_initializer>","decl":{"start":{"line":11,"column":2},"end":{"line":11,"column":25}},"loc":{"start":{"line":11,"column":2},"end":{"line":11,"column":25}},"line":11},"1":{"name":"<instance_members_initializer>","decl":{"start":{"line":12,"column":2},"end":{"line":13,"column":17}},"loc":{"start":{"line":12,"column":2},"end":{"line":13,"column":17}},"line":12},"2":{"name":"ApiService","decl":{"start":{"line":15,"column":2},"end":{"line":38,"column":3}},"loc":{"start":{"line":15,"column":2},"end":{"line":38,"column":3}},"line":15},"3":{"name":"ApiService.#client.interceptors.response.use.msg","decl":{"start":{"line":30,"column":6},"end":{"line":30,"column":18}},"loc":{"start":{"line":30,"column":6},"end":{"line":30,"column":18}},"line":30},"4":{"name":"getInstance","decl":{"start":{"line":41,"column":9},"end":{"line":44,"column":3}},"loc":{"start":{"line":41,"column":9},"end":{"line":44,"column":3}},"line":41},"5":{"name":"getBaseUrl","decl":{"start":{"line":46,"column":2},"end":{"line":46,"column":40}},"loc":{"start":{"line":46,"column":2},"end":{"line":46,"column":40}},"line":46},"6":{"name":"get","decl":{"start":{"line":48,"column":2},"end":{"line":51,"column":3}},"loc":{"start":{"line":48,"column":2},"end":{"line":51,"column":3}},"line":48},"7":{"name":"post","decl":{"start":{"line":53,"column":2},"end":{"line":56,"column":3}},"loc":{"start":{"line":53,"column":2},"end":{"line":56,"column":3}},"line":53},"8":{"name":"postForm","decl":{"start":{"line":58,"column":2},"end":{"line":63,"column":3}},"loc":{"start":{"line":58,"column":2},"end":{"line":63,"column":3}},"line":58}},"f":{"0":8,"1":4,"2":4,"3":0,"4":14,"5":1,"6":9,"7":0,"8":0}}
,"/home/runner/work/Online_Food_DeliVary-1/Online_Food_DeliVary-1/admin/src/stategies/OrderFilterStrategy.js": {"path":"/home/runner/work/Online_Food_DeliVary-1/Online_Food_DeliVary-1/admin/src/stategies/OrderFilterStrategy.js","all":false,"statementMap":{"0":{"start":{"line":1,"column":0},"end":{"line":1,"column":3}},"1":{"start":{"line":2,"column":0},"end":{"line":2,"column":41}},"2":{"start":{"line":3,"column":0},"end":{"line":3,"column":2}},"3":{"start":{"line":4,"column":0},"end":{"line":4,"column":64}},"4":{"start":{"line":5,"column":0},"end":{"line":5,"column":63}},"5":{"start":{"line":6,"column":0},"end":{"line":6,"column":37}},"6":{"start":{"line":7,"column":0},"end":{"line":7,"column":3}},"7":{"start":{"line":8,"column":0},"end":{"line":8,"column":0}},"8":{"start":{"line":9,"column":0},"end":{"line":9,"column":23}},"9":{"start":{"line":10,"column":0},"end":{"line":10,"column":31}},"10":{"start":{"line":11,"column":0},"end":{"line":11,"column":36}},"11":{"start":{"line":12,"column":0},"end":{"line":12,"column":34}},"12":{"start":{"line":13,"column":0},"end":{"line":13,"column":1}},"13":{"start":{"line":14,"column":0},"end":{"line":14,"column":0}},"14":{"start":{"line":15,"column":0},"end":{"line":15,"column":21}},"15":{"start":{"line":16,"column":0},"end":{"line":16,"column":31}},"16":{"start":{"line":17,"column":0},"end":{"line":17,"column":33}},"17":{"start":{"line":18,"column":0},"end":{"line":18,"column":67}},"18":{"start":{"line":19,"column":0},"end":{"line":19,"column":1}},"19":{"start":{"line":20,"column":0},"end":{"line":20,"column":0}},"20":{"start":{"line":21,"column":0},"end":{"line":21,"column":20}},"21":{"start":{"line":22,"column":0},"end":{"line":22,"column":32}},"22":{"start":{"line":23,"column":0},"end":{"line":23,"column":37}},"23":{"start":{"line":24,"column":0},"end":{"line":24,"column":68}},"24":{"start":{"line":25,"column":0},"end":{"line":25,"column":1}},"25":{"start":{"line":26,"column":0},"end":{"line":26,"column":0}},"26":{"start":{"line":27,"column":0},"end":{"line":27,"column":21}},"27":{"start":{"line":28,"column":0},"end":{"line":28,"column":33}},"28":{"start":{"line":29,"column":0},"end":{"line":29,"column":38}},"29":{"start":{"line":30,"column":0},"end":{"line":30,"column":69}},"30":{"start":{"line":31,"column":0},"end":{"line":31,"column":1}},"31":{"start":{"line":32,"column":0},"end":{"line":32,"column":0}},"32":{"start":{"line":33,"column":0},"end":{"line":33,"column":20}},"33":{"start":{"line":34,"column":0},"end":{"line":34,"column":32}},"34":{"start":{"line":35,"column":0},"end":{"line":35,"column":37}},"35":{"start":{"line":36,"column":0},"end":{"line":36,"column":68}},"36":{"start":{"line":37,"column":0},"end":{"line":37,"column":1}},"37":{"start":{"line":38,"column":0},"end":{"line":38,"column":0}},"38":{"start":{"line":39,"column":0},"end":{"line":39,"column":3}},"39":{"start":{"line":40,"column":0},"end":{"line":40,"column":21}},"40":{"start":{"line":41,"column":0},"end":{"line":41,"column":58}},"41":{"start":{"line":42,"column":0},"end":{"line":42,"column":74}},"42":{"start":{"line":43,"column":0},"end":{"line":43,"column":3}},"43":{"start":{"line":44,"column":0},"end":{"line":44,"column":33}},"44":{"start":{"line":45,"column":0},"end":{"line":45,"column":17}},"45":{"start":{"line":46,"column":0},"end":{"line":46,"column":26}},"46":{"start":{"line":47,"column":0},"end":{"line":47,"column":24}},"47":{"start":{"line":48,"column":0},"end":{"line":48,"column":23}},"48":{"start":{"line":49,"column":0},"end":{"line":49,"column":24}},"49":{"start":{"line":50,"column":0},"end":{"line":50,"column":23}},"50":{"start":{"line":51,"column":0},"end":{"line":51,"column":4}},"51":{"start":{"line":52,"column":0},"end":{"line":52,"column":0}},"52":{"start":{"line":53,"column":0},"end":{"line":53,"column":60}},"53":{"start":{"line":54,"column":0},"end":{"line":54,"column":0}},"54":{"start":{"line":55,"column":0},"end":{"line":55,"column":24}},"55":{"start":{"line":56,"column":0},"end":{"line":56,"column":61}},"56":{"start":{"line":57,"column":0},"end":{"line":57,"column":38}},"57":{"start":{"line":58,"column":0},"end":{"line":58,"column":3}},"58":{"start":{"line":59,"column":0},"end":{"line":59,"column":0}},"59":{"start":{"line":60,"column":0},"end":{"line":60,"column":30}},"60":{"start":{"line":61,"column":0},"end":{"line":61,"column":58}},"61":{"start":{"line":62,"column":0},"end":{"line":62,"column":3}},"62":{"start":{"line":63,"column":0},"end":{"line":63,"column":1}}},"s":{"0":1,"1":1,"2":1,"3":1,"4":1,"5":1,"6":1,"7":1,"8":1,"9":1,"10":1,"11":1,"12":1,"13":1,"14":1,"15":1,"16":1,"17":1,"18":1,"19":1,"20":1,"21":1,"22":1,"23":1,"24":1,"25":1,"26":1,"27":1,"28":1,"29":1,"30":1,"31":1,"32":1,"33":1,"34":1,"35":1,"36":1,"37":1,"38":1,"39":1,"40":1,"41":1,"42":1,"43":1,"44":1,"45":6,"46":6,"47":6,"48":6,"49":6,"50":1,"51":1,"52":1,"53":1,"54":1,"55":49,"56":49,"57":49,"58":1,"59":1,"60":47,"61":47,"62":1},"branchMap":{"0":{"type":"branch","line":10,"loc":{"start":{"line":10,"column":2},"end":{"line":10,"column":31}},"locations":[{"start":{"line":10,"column":2},"end":{"line":10,"column":31}}]},"1":{"type":"branch","line":11,"loc":{"start":{"line":11,"column":2},"end":{"line":11,"column":36}},"locations":[{"start":{"line":11,"column":2},"end":{"line":11,"column":36}}]},"2":{"type":"branch","line":12,"loc":{"start":{"line":12,"column":2},"end":{"line":12,"column":34}},"locations":[{"start":{"line":12,"column":2},"end":{"line":12,"column":34}}]},"3":{"type":"branch","line":16,"loc":{"start":{"line":16,"column":2},"end":{"line":16,"column":31}},"locations":[{"start":{"line":16,"column":2},"end":{"line":16,"column":31}}]},"4":{"type":"branch","line":17,"loc":{"start":{"line":17,"column":2},"end":{"line":17,"column":33}},"locations":[{"start":{"line":17,"column":2},"end":{"line":17,"column":33}}]},"5":{"type":"branch","line":18,"loc":{"start":{"line":18,"column":2},"end":{"line":18,"column":67}},"locations":[{"start":{"line":18,"column":2},"end":{"line":18,"column":67}}]},"6":{"type":"branch","line":18,"loc":{"start":{"line":18,"column":39},"end":{"line":18,"column":63}},"locations":[{"start":{"line":18,"column":39},"end":{"line":18,"column":63}}]},"7":{"type":"branch","line":22,"loc":{"start":{"line":22,"column":2},"end":{"line":22,"column":32}},"locations":[{"start":{"line":22,"column":2},"end":{"line":22,"column":32}}]},"8":{"type":"branch","line":23,"loc":{"start":{"line":23,"column":2},"end":{"line":23,"column":37}},"locations":[{"start":{"line":23,"column":2},"end":{"line":23,"column":37}}]},"9":{"type":"branch","line":24,"loc":{"start":{"line":24,"column":2},"end":{"line":24,"column":68}},"locations":[{"start":{"line":24,"column":2},"end":{"line":24,"column":68}}]},"10":{"type":"branch","line":24,"loc":{"start":{"line":24,"column":39},"end":{"line":24,"column":64}},"locations":[{"start":{"line":24,"column":39},"end":{"line":24,"column":64}}]},"11":{"type":"branch","line":28,"loc":{"start":{"line":28,"column":2},"end":{"line":28,"column":33}},"locations":[{"start":{"line":28,"column":2},"end":{"line":28,"column":33}}]},"12":{"type":"branch","line":29,"loc":{"start":{"line":29,"column":2},"end":{"line":29,"column":38}},"locations":[{"start":{"line":29,"column":2},"end":{"line":29,"column":38}}]},"13":{"type":"branch","line":30,"loc":{"start":{"line":30,"column":2},"end":{"line":30,"column":69}},"locations":[{"start":{"line":30,"column":2},"end":{"line":30,"column":69}}]},"14":{"type":"branch","line":30,"loc":{"start":{"line":30,"column":39},"end":{"line":30,"column":65}},"locations":[{"start":{"line":30,"column":39},"end":{"line":30,"column":65}}]},"15":{"type":"branch","line":34,"loc":{"start":{"line":34,"column":2},"end":{"line":34,"column":32}},"locations":[{"start":{"line":34,"column":2},"end":{"line":34,"column":32}}]},"16":{"type":"branch","line":35,"loc":{"start":{"line":35,"column":2},"end":{"line":35,"column":37}},"locations":[{"start":{"line":35,"column":2},"end":{"line":35,"column":37}}]},"17":{"type":"branch","line":36,"loc":{"start":{"line":36,"column":2},"end":{"line":36,"column":68}},"locations":[{"start":{"line":36,"column":2},"end":{"line":36,"column":68}}]},"18":{"type":"branch","line":36,"loc":{"start":{"line":36,"column":39},"end":{"line":36,"column":64}},"locations":[{"start":{"line":36,"column":39},"end":{"line":36,"column":64}}]},"19":{"type":"branch","line":45,"loc":{"start":{"line":45,"column":2},"end":{"line":51,"column":3}},"locations":[{"start":{"line":45,"column":2},"end":{"line":51,"column":3}}]},"20":{"type":"branch","line":53,"loc":{"start":{"line":53,"column":9},"end":{"line":53,"column":60}},"locations":[{"start":{"line":53,"column":9},"end":{"line":53,"column":60}}]},"21":{"type":"branch","line":55,"loc":{"start":{"line":55,"column":9},"end":{"line":58,"column":3}},"locations":[{"start":{"line":55,"column":9},"end":{"line":58,"column":3}}]},"22":{"type":"branch","line":57,"loc":{"start":{"line":57,"column":8},"end":{"line":57,"column":37}},"locations":[{"start":{"line":57,"column":8},"end":{"line":57,"column":37}}]},"23":{"type":"branch","line":56,"loc":{"start":{"line":56,"column":40},"end":{"line":56,"column":60}},"locations":[{"start":{"line":56,"column":40},"end":{"line":56,"column":60}}]},"24":{"type":"branch","line":60,"loc":{"start":{"line":60,"column":9},"end":{"line":62,"column":3}},"locations":[{"start":{"line":60,"column":9},"end":{"line":62,"column":3}}]}},"b":{"0":[128],"1":[40],"2":[42],"3":[84],"4":[39],"5":[2],"6":[7],"7":[81],"8":[39],"9":[1],"10":[4],"11":[80],"12":[39],"13":[1],"14":[4],"15":[79],"16":[39],"17":[1],"18":[4],"19":[6],"20":[40],"21":[49],"22":[1],"23":[64],"24":[47]},"fnMap":{"0":{"name":"get key","decl":{"start":{"line":10,"column":2},"end":{"line":10,"column":31}},"loc":{"start":{"line":10,"column":2},"end":{"line":10,"column":31}},"line":10},"1":{"name":"get label","decl":{"start":{"line":11,"column":2},"end":{"line":11,"column":36}},"loc":{"start":{"line":11,"column":2},"end":{"line":11,"column":36}},"line":11},"2":{"name":"apply","decl":{"start":{"line":12,"column":2},"end":{"line":12,"column":34}},"loc":{"start":{"line":12,"column":2},"end":{"line":12,"column":34}},"line":12},"3":{"name":"get key","decl":{"start":{"line":16,"column":2},"end":{"line":16,"column":31}},"loc":{"start":{"line":16,"column":2},"end":{"line":16,"column":31}},"line":16},"4":{"name":"get label","decl":{"start":{"line":17,"column":2},"end":{"line":17,"column":33}},"loc":{"start":{"line":17,"column":2},"end":{"line":17,"column":33}},"line":17},"5":{"name":"apply","decl":{"start":{"line":18,"column":2},"end":{"line":18,"column":67}},"loc":{"start":{"line":18,"column":2},"end":{"line":18,"column":67}},"line":18},"6":{"name":"get key","decl":{"start":{"line":22,"column":2},"end":{"line":22,"column":32}},"loc":{"start":{"line":22,"column":2},"end":{"line":22,"column":32}},"line":22},"7":{"name":"get label","decl":{"start":{"line":23,"column":2},"end":{"line":23,"column":37}},"loc":{"start":{"line":23,"column":2},"end":{"line":23,"column":37}},"line":23},"8":{"name":"apply","decl":{"start":{"line":24,"column":2},"end":{"line":24,"column":68}},"loc":{"start":{"line":24,"column":2},"end":{"line":24,"column":68}},"line":24},"9":{"name":"get key","decl":{"start":{"line":28,"column":2},"end":{"line":28,"column":33}},"loc":{"start":{"line":28,"column":2},"end":{"line":28,"column":33}},"line":28},"10":{"name":"get label","decl":{"start":{"line":29,"column":2},"end":{"line":29,"column":38}},"loc":{"start":{"line":29,"column":2},"end":{"line":29,"column":38}},"line":29},"11":{"name":"apply","decl":{"start":{"line":30,"column":2},"end":{"line":30,"column":69}},"loc":{"start":{"line":30,"column":2},"end":{"line":30,"column":69}},"line":30},"12":{"name":"get key","decl":{"start":{"line":34,"column":2},"end":{"line":34,"column":32}},"loc":{"start":{"line":34,"column":2},"end":{"line":34,"column":32}},"line":34},"13":{"name":"get label","decl":{"start":{"line":35,"column":2},"end":{"line":35,"column":37}},"loc":{"start":{"line":35,"column":2},"end":{"line":35,"column":37}},"line":35},"14":{"name":"apply","decl":{"start":{"line":36,"column":2},"end":{"line":36,"column":68}},"loc":{"start":{"line":36,"column":2},"end":{"line":36,"column":68}},"line":36},"15":{"name":"<static_initializer>","decl":{"start":{"line":45,"column":2},"end":{"line":51,"column":3}},"loc":{"start":{"line":45,"column":2},"end":{"line":51,"column":3}},"line":45},"16":{"name":"getAll","decl":{"start":{"line":53,"column":9},"end":{"line":53,"column":60}},"loc":{"start":{"line":53,"column":9},"end":{"line":53,"column":60}},"line":53},"17":{"name":"getByKey","decl":{"start":{"line":55,"column":9},"end":{"line":58,"column":3}},"loc":{"start":{"line":55,"column":9},"end":{"line":58,"column":3}},"line":55},"18":{"name":"filter","decl":{"start":{"line":60,"column":9},"end":{"line":62,"column":3}},"loc":{"start":{"line":60,"column":9},"end":{"line":62,"column":3}},"line":60}},"f":{"0":128,"1":40,"2":42,"3":84,"4":39,"5":2,"6":81,"7":39,"8":1,"9":80,"10":39,"11":1,"12":79,"13":39,"14":1,"15":6,"16":40,"17":49,"18":47}}
,"/home/runner/work/Online_Food_DeliVary-1/Online_Food_DeliVary-1/admin/src/strategies/OrderFilterStrategy.js": {"path":"/home/runner/work/Online_Food_DeliVary-1/Online_Food_DeliVary-1/admin/src/strategies/OrderFilterStrategy.js","all":false,"statementMap":{"0":{"start":{"line":1,"column":0},"end":{"line":1,"column":54}}},"s":{"0":1},"branchMap":{},"b":{},"fnMap":{},"f":{}}
}
